Wed Jun 03 06:41:40 Saved as file F:\ELECTRONIC\2015\PROJECTS\40. MOUSE WITH KEYBOARD\SCH\BARGAIN\SWEEP5.MAX
Wed Jun 03 06:41:40 Saved as file BACKUP1.MAX
Wed Jun 03 06:41:40 Saved as file F:\ELECTRONIC\2015\PROJECTS\40. MOUSE WITH KEYBOARD\SCH\BARGAIN\SWEEP5.MAX
Wed Jun 03 06:41:41 UserDiv from Layout.INI for AutoECO: 60
Wed Jun 03 06:41:41 Loaded file F:\ELECTRONIC\2015\PROJECTS\40. MOUSE WITH KEYBOARD\SCH\BARGAIN\SWEEP5.MAX
Wed Jun 03 06:41:41 Loaded file C:\PROGRAM FILES\ORCAD\LAYOUT_PLUS\LIBRARY\EMPTY.LLB
Wed Jun 03 06:41:41 Loaded file C:\PROGRAM FILES\ORCAD\LAYOUT_PLUS\LIBRARY\EX_GUI.LLB
Wed Jun 03 06:41:41 Loaded file C:\PROGRAM FILES\ORCAD\LAYOUT_PLUS\LIBRARY\IC.LLB
Wed Jun 03 06:41:41 Loaded file C:\PROGRAM FILES\ORCAD\LAYOUT_PLUS\LIBRARY\METRIC.LLB
Wed Jun 03 06:41:41 Loaded file C:\PROGRAM FILES\ORCAD\LAYOUT_PLUS\LIBRARY\PADSTACK.LLB
Wed Jun 03 06:41:41 Loaded file C:\PROGRAM FILES\ORCAD\LAYOUT_PLUS\LIBRARY\USER.LLB
Wed Jun 03 06:41:41 Loaded file C:\PROGRAM FILES\ORCAD\LIBRARY-DRC\LED.LLB
Wed Jun 03 06:41:41 Loaded file C:\PROGRAM FILES\ORCAD\LIBRARY-DRC\SWITCHES.LLB
Wed Jun 03 06:41:41 Loaded file C:\PROGRAM FILES\ORCAD\LIBRARY-DRC\CONNECTOR.LLB
Wed Jun 03 06:41:41 Loaded file C:\PROGRAM FILES\ORCAD\LIBRARY-DRC\CRYSTAL.LLB
Wed Jun 03 06:41:41 Loaded file C:\PROGRAM FILES\ORCAD\LIBRARY-DRC\DIOD.LLB
Wed Jun 03 06:41:41 Loaded file C:\PROGRAM FILES\ORCAD\LIBRARY-DRC\CAPACITOR.LLB
Wed Jun 03 06:41:41 Loaded file C:\PROGRAM FILES\ORCAD\LIBRARY-DRC\RESISTOR.LLB
Wed Jun 03 06:41:41 Loaded file C:\PROGRAM FILES\ORCAD\LIBRARY-DRC\IC.LLB
Wed Jun 03 06:41:41 Loaded file C:\PROGRAM FILES\ORCAD\LIBRARY-DRC\HEADER.LLB
Wed Jun 03 06:41:41 Loaded file C:\PROGRAM FILES\ORCAD\LAYOUT_PLUS\library\BCON100T.llb
Wed Jun 03 06:41:41 Loaded file C:\PROGRAM FILES\ORCAD\LAYOUT_PLUS\library\BCON156T.llb
Wed Jun 03 06:41:41 Loaded file C:\PROGRAM FILES\ORCAD\LAYOUT_PLUS\library\BGA.llb
Wed Jun 03 06:41:41 Loaded file C:\PROGRAM FILES\ORCAD\LAYOUT_PLUS\library\CLCC.llb
Wed Jun 03 06:41:41 Loaded file C:\PROGRAM FILES\ORCAD\LAYOUT_PLUS\library\DCON050T.llb
Wed Jun 03 06:41:41 Loaded file C:\PROGRAM FILES\ORCAD\LAYOUT_PLUS\library\DCON085T.llb
Wed Jun 03 06:41:41 Loaded file C:\PROGRAM FILES\ORCAD\LAYOUT_PLUS\library\DIMM050F.llb
Wed Jun 03 06:41:41 Loaded file C:\PROGRAM FILES\ORCAD\LAYOUT_PLUS\library\DIMM050T.llb
Wed Jun 03 06:41:41 Loaded file C:\PROGRAM FILES\ORCAD\LAYOUT_PLUS\library\DIN.llb
Wed Jun 03 06:41:41 Loaded file C:\PROGRAM FILES\ORCAD\LAYOUT_PLUS\library\DIP100B.llb
Wed Jun 03 06:41:41 Loaded file C:\PROGRAM FILES\ORCAD\LAYOUT_PLUS\library\DIP100T.llb
Wed Jun 03 06:41:41 Loaded file C:\PROGRAM FILES\ORCAD\LAYOUT_PLUS\library\DSUBT.llb
Wed Jun 03 06:41:41 Loaded file C:\PROGRAM FILES\ORCAD\LAYOUT_PLUS\library\DSUBT_HD.LLB
Wed Jun 03 06:41:41 Loaded file C:\PROGRAM FILES\ORCAD\LAYOUT_PLUS\library\ECON100T.llb
Wed Jun 03 06:41:41 Loaded file C:\PROGRAM FILES\ORCAD\LAYOUT_PLUS\library\FBUS.llb
Wed Jun 03 06:41:41 Loaded file C:\PROGRAM FILES\ORCAD\LAYOUT_PLUS\library\ISA.llb
Wed Jun 03 06:41:41 Loaded file C:\PROGRAM FILES\ORCAD\LAYOUT_PLUS\library\JUMPER.LLB
Wed Jun 03 06:41:41 Loaded file C:\PROGRAM FILES\ORCAD\LAYOUT_PLUS\library\LAYOUT.llb
Wed Jun 03 06:41:41 Loaded file C:\PROGRAM FILES\ORCAD\LAYOUT_PLUS\library\LCON100T.llb
Wed Jun 03 06:41:41 Loaded file C:\PROGRAM FILES\ORCAD\LAYOUT_PLUS\library\PC104.llb
Wed Jun 03 06:41:41 Loaded file C:\PROGRAM FILES\ORCAD\LAYOUT_PLUS\library\PCI.llb
Wed Jun 03 06:41:41 Loaded file C:\PROGRAM FILES\ORCAD\LAYOUT_PLUS\library\PCON100T.llb
Wed Jun 03 06:41:41 Loaded file C:\PROGRAM FILES\ORCAD\LAYOUT_PLUS\library\PCON156T.llb
Wed Jun 03 06:41:41 Loaded file C:\PROGRAM FILES\ORCAD\LAYOUT_PLUS\library\PGA.llb
Wed Jun 03 06:41:41 Loaded file C:\PROGRAM FILES\ORCAD\LAYOUT_PLUS\library\PLCC.llb
Wed Jun 03 06:41:41 Loaded file C:\PROGRAM FILES\ORCAD\LAYOUT_PLUS\library\QUAD.llb
Wed Jun 03 06:41:41 Loaded file C:\PROGRAM FILES\ORCAD\LAYOUT_PLUS\library\QUADB.llb
Wed Jun 03 06:41:41 Loaded file C:\PROGRAM FILES\ORCAD\LAYOUT_PLUS\library\RELAY.llb
Wed Jun 03 06:41:41 Loaded file C:\PROGRAM FILES\ORCAD\LAYOUT_PLUS\library\RF.llb
Wed Jun 03 06:41:41 Loaded file C:\PROGRAM FILES\ORCAD\LAYOUT_PLUS\library\SBUS.llb
Wed Jun 03 06:41:41 Loaded file C:\PROGRAM FILES\ORCAD\LAYOUT_PLUS\library\SIMM050F.llb
Wed Jun 03 06:41:41 Loaded file C:\PROGRAM FILES\ORCAD\LAYOUT_PLUS\library\SIMM050T.llb
Wed Jun 03 06:41:41 Loaded file C:\PROGRAM FILES\ORCAD\LAYOUT_PLUS\library\SIMM100F.llb
Wed Jun 03 06:41:41 Loaded file C:\PROGRAM FILES\ORCAD\LAYOUT_PLUS\library\SIMM100T.llb
Wed Jun 03 06:41:41 Loaded file C:\PROGRAM FILES\ORCAD\LAYOUT_PLUS\library\SIP.llb
Wed Jun 03 06:41:41 Loaded file C:\PROGRAM FILES\ORCAD\LAYOUT_PLUS\library\SM.llb
Wed Jun 03 06:41:41 Loaded file C:\PROGRAM FILES\ORCAD\LAYOUT_PLUS\library\SOG.llb
Wed Jun 03 06:41:41 Loaded file C:\PROGRAM FILES\ORCAD\LAYOUT_PLUS\library\SOJ.llb
Wed Jun 03 06:41:41 Loaded file C:\PROGRAM FILES\ORCAD\LAYOUT_PLUS\library\STIFF.llb
Wed Jun 03 06:41:41 Loaded file C:\PROGRAM FILES\ORCAD\LAYOUT_PLUS\library\TELE.llb
Wed Jun 03 06:41:41 Loaded file C:\PROGRAM FILES\ORCAD\LAYOUT_PLUS\library\TM_AXIAL.llb
Wed Jun 03 06:41:41 Loaded file C:\PROGRAM FILES\ORCAD\LAYOUT_PLUS\library\TM_CAP_P.llb
Wed Jun 03 06:41:41 Loaded file C:\PROGRAM FILES\ORCAD\LAYOUT_PLUS\library\TM_CYLND.llb
Wed Jun 03 06:41:41 Loaded file C:\PROGRAM FILES\ORCAD\LAYOUT_PLUS\library\TM_DIODE.llb
Wed Jun 03 06:41:41 Loaded file C:\PROGRAM FILES\ORCAD\LAYOUT_PLUS\library\TM_DISC.llb
Wed Jun 03 06:41:41 Loaded file C:\PROGRAM FILES\ORCAD\LAYOUT_PLUS\library\TM_RAD.llb
Wed Jun 03 06:41:41 Loaded file C:\PROGRAM FILES\ORCAD\LAYOUT_PLUS\library\TO.llb
Wed Jun 03 06:41:41 Loaded file C:\PROGRAM FILES\ORCAD\LAYOUT_PLUS\library\TRAINING.LLB
Wed Jun 03 06:41:41 Loaded file C:\PROGRAM FILES\ORCAD\LAYOUT_PLUS\library\VRES.llb
Wed Jun 03 06:41:41 Loaded file C:\PROGRAM FILES\ORCAD\LAYOUT_PLUS\library\WCON100T.llb
Wed Jun 03 06:41:41 Loaded file C:\PROGRAM FILES\ORCAD\LAYOUT_PLUS\library\XT.llb
Wed Jun 03 06:41:41 Loaded file C:\PROGRAM FILES\ORCAD\LAYOUT_PLUS\library\ZIGZAG.llb
Wed Jun 03 06:41:41 Loaded file C:\PROGRAM FILES\ORCAD\LAYOUT_PLUS\library\BCON100T.llb
Wed Jun 03 06:41:41 Loaded file C:\PROGRAM FILES\ORCAD\LAYOUT_PLUS\library\PCON100T.llb
Wed Jun 03 06:41:41 Loaded file C:\PROGRAM FILES\ORCAD\LIBRARY-DRC\RESISTOR.LLB
Wed Jun 03 06:41:41 Loaded file C:\PROGRAM FILES\ORCAD\LAYOUT_PLUS\library\DIP100T.llb
Wed Jun 03 06:41:41 Loaded file C:\PROGRAM FILES\ORCAD\LAYOUT_PLUS\library\BCON100T.llb
Wed Jun 03 06:41:41 Loaded file C:\PROGRAM FILES\ORCAD\LIBRARY-DRC\CRYSTAL.LLB
Wed Jun 03 06:41:41 Loaded file C:\PROGRAM FILES\ORCAD\LAYOUT_PLUS\library\DIP100T.llb
Wed Jun 03 06:41:41 Loaded file C:\PROGRAM FILES\ORCAD\LAYOUT_PLUS\LIBRARY\USER.LLB
Wed Jun 03 06:41:41 Loaded file C:\PROGRAM FILES\ORCAD\LAYOUT_PLUS\library\DIP100T.llb
Wed Jun 03 06:41:41 Loaded file C:\PROGRAM FILES\ORCAD\LIBRARY-DRC\CONNECTOR.LLB
Wed Jun 03 06:41:41 Loaded file C:\PROGRAM FILES\ORCAD\LAYOUT_PLUS\library\BCON100T.llb
Wed Jun 03 06:41:41 Loaded file C:\PROGRAM FILES\ORCAD\LAYOUT_PLUS\library\DIP100T.llb
Wed Jun 03 06:41:41 Loaded file C:\PROGRAM FILES\ORCAD\LAYOUT_PLUS\library\BCON100T.llb
Wed Jun 03 06:41:41 Loaded file C:\PROGRAM FILES\ORCAD\LAYOUT_PLUS\library\DIP100T.llb
Wed Jun 03 06:41:41 Loaded file C:\PROGRAM FILES\ORCAD\LAYOUT_PLUS\LIBRARY\USER.LLB
Wed Jun 03 06:41:41 Loaded file C:\PROGRAM FILES\ORCAD\LAYOUT_PLUS\LIBRARY\IC.LLB
Wed Jun 03 06:41:41 Loaded file C:\PROGRAM FILES\ORCAD\LIBRARY-DRC\LED.LLB
Wed Jun 03 06:41:41 Loaded file C:\PROGRAM FILES\ORCAD\LIBRARY-DRC\DIOD.LLB
Wed Jun 03 06:41:41 Saved as file F:\ELECTRONIC\2015\PROJECTS\40. MOUSE WITH KEYBOARD\SCH\BARGAIN\SWEEP5.MAX
Wed Jun 03 06:41:41 Loaded file F:\ELECTRONIC\2015\PROJECTS\40. MOUSE WITH KEYBOARD\SCH\BARGAIN\SWEEP5.MAX
Wed Jun 03 06:43:59 Loaded file C:\Program Files\Orcad\Layout_Plus\library\padstack.llb
