AutoECO Report
FILE-A: F:\ELECTRONIC\2015\PROJECTS\40. MOUSE WITH KEYBOARD\SCH\BARGAIN\SWEEP5.MAX
FILE-B: F:\ELECTRONIC\2015\PROJECTS\20. SMART RELOAD MACHINE\SCHEMATIC\VER2\SRM.MNL
If "*EOF*" immediately follows, no changes were made
Adding footprint BLKCON.100/RH/TM1SQ/W.425/8
Adding footprint POLCON.100/VH/TM1SQS/W.300/16
Adding footprint RESISTOR400
Found footprint DIP.100/20/W.300/L.975 from PRT file for original FP DIP16, comp U6
Adding footprint BLKCON.100/RH/TM1SQ/W.425/2
Adding footprint CRYSTAL
Adding footprint DIP.100/16/W.300/L.775
Adding footprint CYL/D.200/LS.100/.031
Adding footprint DIP.100/28/W.400/L1.425
Adding footprint DC CONNECTOR
Adding footprint BLKCON.100/RH/TM1SQ/W.425/10
Adding footprint DIP.100/16/W.300/L.800
Adding footprint BLKCON.100/RH/TM1SQ/W.425/4
Adding footprint DIP.100/16/W.300/L.950
Adding footprint 220UF/50V
Adding footprint LM7805
Adding footprint LED100
Adding footprint DIOD400
Adding package CONN_TRBLK_8
Adding package CONN_TRBLK_16
Adding package R
Adding package MAX232_27
Adding package C:\PROGRAM FILES\ORCAD\CAPTURE\LIBRARY\DISCRETE.OLB/R
Adding package HEADER_2
Adding package ZTA
Adding package 4094
Adding package CONN_TRBLK_6
Adding package CAPACITOR_NON-POL
Adding package PIC16C64_0
Adding package CAP
Adding package CONNECTOR_DB9
Adding package MAX232_4
Adding package CONN_TRBLK_4
Adding package CONN_TRBLK_2
Adding package MUX08/SO
Adding package LM7805/TO_0
Adding package LED_0
Adding package DIODE_1
Adding package MUX-08_0
Adding component J6
Adding component J7
Adding component R7
Adding component U6
Adding component R5
Adding component JP2
Adding component Y2
Adding component R4
Adding component R3
Adding component U5
Adding component J5
Adding component C12
Adding component R2
Adding component Y1
Adding component U3
Adding component U4
Adding component C11
Adding component J9
Adding component J4
Adding component R1
Adding component JP1
Adding component C4
Adding component P1
Adding component C1
Adding component C3
Adding component C5
Adding component U1
Adding component C2
Adding component J3
Adding component J8
Adding component J2
Adding component C9
Adding component C6
Adding component C8
Adding component C10
Adding component U2
Adding component C7
Adding component J1
Adding component U9
Adding component C13
Adding component U8
Adding component R6
Adding component D2
Adding component D1
Adding component U7
Adding net N692329
Adding net N692042
Adding net N673765
Adding net N677473
Adding net N681673
Adding net N670196
Adding net N681649
Adding net N681588
Adding net N681602
Adding net N677383
Adding net N677994
Adding net N672491
Adding net N677487
Adding net N671689
Adding net N677362
Adding net N677615
Adding net N673436
Adding net N673240
Adding net N681635
Adding net N673794
Adding net N681620
Adding net N672993
Adding net N673697
Adding net N681540
Adding net N637196
Adding net N673715
Adding net N639750
Adding net N672914
Adding net N677635
Adding net N677455
Adding net N677403
Adding net N677437
Adding net N673747
Adding net N677346
Adding net N673671
Adding net N673823
Adding net N673258
Adding net N671630
Adding net N673841
Adding net N672959
Adding net N677597
Adding net N693563
Adding net N693557
Adding net LCDCLOCK
Adding net N663083
Adding net RESET
Adding net N637196_1838
Adding net N663003
Adding net N639750_1839
Adding net N698447
Adding net N698761
Adding net N698811
Adding net N699509
Adding net N699112
Adding net AGND
Adding net N629126
Adding net N6290665
Adding net N6290667
Adding net N689629
Adding net N6290661
Adding net N690017
Adding net N689864
Adding net N690089
Adding net N683706
Adding net N689861
Adding net DCVIN
Adding net N6367970
Adding net N689861_3005
Adding net N687963
Adding net N683706_3007
Adding net N690089_3008
Adding net N689629_3009
Adding net N689864_3010
Adding net N690017_3011
Deleting net DEFAULT
*EOF*
No errors found
