Sat Jun 13 00:52:29 Saved as file F:\ELECTRONIC\2015\PROJECTS\40. MOUSE WITH KEYBOARD\SCH\16 OUTPUT DEMULTIPREXUR CARD\16 OUTPUT DEMULTIPLEXUR CARD.MAX
Sat Jun 13 00:52:29 Saved as file BACKUP1.MAX
Sat Jun 13 00:52:29 Saved as file F:\ELECTRONIC\2015\PROJECTS\40. MOUSE WITH KEYBOARD\SCH\16 OUTPUT DEMULTIPREXUR CARD\16 OUTPUT DEMULTIPLEXUR CARD.MAX
Sat Jun 13 00:52:31 UserDiv from Layout.INI for AutoECO: 60
Sat Jun 13 00:52:31 Loaded file F:\ELECTRONIC\2015\PROJECTS\40. MOUSE WITH KEYBOARD\SCH\16 OUTPUT DEMULTIPREXUR CARD\16 OUTPUT DEMULTIPLEXUR CARD.MAX
Sat Jun 13 00:52:31 Loaded file F:\ELECTRONIC\ORCAD\MAXMAA\MAXMAA.LLB
Sat Jun 13 00:52:31 Loaded file C:\PROGRAM FILES\ORCAD\LAYOUT_PLUS\LIBRARY\EMPTY.LLB
Sat Jun 13 00:52:31 Loaded file C:\PROGRAM FILES\ORCAD\LAYOUT_PLUS\LIBRARY\EX_GUI.LLB
Sat Jun 13 00:52:31 Loaded file C:\PROGRAM FILES\ORCAD\LAYOUT_PLUS\LIBRARY\IC.LLB
Sat Jun 13 00:52:31 Loaded file C:\PROGRAM FILES\ORCAD\LAYOUT_PLUS\LIBRARY\METRIC.LLB
Sat Jun 13 00:52:31 Loaded file C:\PROGRAM FILES\ORCAD\LAYOUT_PLUS\LIBRARY\PADSTACK.LLB
Sat Jun 13 00:52:31 Loaded file C:\PROGRAM FILES\ORCAD\LAYOUT_PLUS\LIBRARY\USER.LLB
Sat Jun 13 00:52:31 Loaded file C:\PROGRAM FILES\ORCAD\LIBRARY-DRC\LED.LLB
Sat Jun 13 00:52:31 Loaded file C:\PROGRAM FILES\ORCAD\LIBRARY-DRC\SWITCHES.LLB
Sat Jun 13 00:52:31 Loaded file C:\PROGRAM FILES\ORCAD\LIBRARY-DRC\CONNECTOR.LLB
Sat Jun 13 00:52:31 Loaded file C:\PROGRAM FILES\ORCAD\LIBRARY-DRC\CRYSTAL.LLB
Sat Jun 13 00:52:31 Loaded file C:\PROGRAM FILES\ORCAD\LIBRARY-DRC\DIOD.LLB
Sat Jun 13 00:52:31 Loaded file C:\PROGRAM FILES\ORCAD\LIBRARY-DRC\CAPACITOR.LLB
Sat Jun 13 00:52:31 Loaded file C:\PROGRAM FILES\ORCAD\LIBRARY-DRC\RESISTOR.LLB
Sat Jun 13 00:52:31 Loaded file C:\PROGRAM FILES\ORCAD\LIBRARY-DRC\IC.LLB
Sat Jun 13 00:52:31 Loaded file C:\PROGRAM FILES\ORCAD\LIBRARY-DRC\HEADER.LLB
Sat Jun 13 00:52:31 Loaded file C:\PROGRAM FILES\ORCAD\LAYOUT_PLUS\library\BCON100T.llb
Sat Jun 13 00:52:31 Loaded file C:\PROGRAM FILES\ORCAD\LAYOUT_PLUS\library\BCON156T.llb
Sat Jun 13 00:52:31 Loaded file C:\PROGRAM FILES\ORCAD\LAYOUT_PLUS\library\BGA.llb
Sat Jun 13 00:52:31 Loaded file C:\PROGRAM FILES\ORCAD\LAYOUT_PLUS\library\CLCC.llb
Sat Jun 13 00:52:31 Loaded file C:\PROGRAM FILES\ORCAD\LAYOUT_PLUS\library\DCON050T.llb
Sat Jun 13 00:52:31 Loaded file C:\PROGRAM FILES\ORCAD\LAYOUT_PLUS\library\DCON085T.llb
Sat Jun 13 00:52:31 Loaded file C:\PROGRAM FILES\ORCAD\LAYOUT_PLUS\library\DIMM050F.llb
Sat Jun 13 00:52:31 Loaded file C:\PROGRAM FILES\ORCAD\LAYOUT_PLUS\library\DIMM050T.llb
Sat Jun 13 00:52:31 Loaded file C:\PROGRAM FILES\ORCAD\LAYOUT_PLUS\library\DIN.llb
Sat Jun 13 00:52:31 Loaded file C:\PROGRAM FILES\ORCAD\LAYOUT_PLUS\library\DIP100B.llb
Sat Jun 13 00:52:31 Loaded file C:\PROGRAM FILES\ORCAD\LAYOUT_PLUS\library\DIP100T.llb
Sat Jun 13 00:52:31 Loaded file C:\PROGRAM FILES\ORCAD\LAYOUT_PLUS\library\DSUBT.llb
Sat Jun 13 00:52:31 Loaded file C:\PROGRAM FILES\ORCAD\LAYOUT_PLUS\library\DSUBT_HD.LLB
Sat Jun 13 00:52:31 Loaded file C:\PROGRAM FILES\ORCAD\LAYOUT_PLUS\library\ECON100T.llb
Sat Jun 13 00:52:31 Loaded file C:\PROGRAM FILES\ORCAD\LAYOUT_PLUS\library\FBUS.llb
Sat Jun 13 00:52:31 Loaded file C:\PROGRAM FILES\ORCAD\LAYOUT_PLUS\library\ISA.llb
Sat Jun 13 00:52:31 Loaded file C:\PROGRAM FILES\ORCAD\LAYOUT_PLUS\library\JUMPER.LLB
Sat Jun 13 00:52:31 Loaded file C:\PROGRAM FILES\ORCAD\LAYOUT_PLUS\library\LAYOUT.llb
Sat Jun 13 00:52:31 Loaded file C:\PROGRAM FILES\ORCAD\LAYOUT_PLUS\library\LCON100T.llb
Sat Jun 13 00:52:31 Loaded file C:\PROGRAM FILES\ORCAD\LAYOUT_PLUS\library\PC104.llb
Sat Jun 13 00:52:31 Loaded file C:\PROGRAM FILES\ORCAD\LAYOUT_PLUS\library\PCI.llb
Sat Jun 13 00:52:31 Loaded file C:\PROGRAM FILES\ORCAD\LAYOUT_PLUS\library\PCON100T.llb
Sat Jun 13 00:52:31 Loaded file C:\PROGRAM FILES\ORCAD\LAYOUT_PLUS\library\PCON156T.llb
Sat Jun 13 00:52:31 Loaded file C:\PROGRAM FILES\ORCAD\LAYOUT_PLUS\library\PGA.llb
Sat Jun 13 00:52:31 Loaded file C:\PROGRAM FILES\ORCAD\LAYOUT_PLUS\library\PLCC.llb
Sat Jun 13 00:52:31 Loaded file C:\PROGRAM FILES\ORCAD\LAYOUT_PLUS\library\QUAD.llb
Sat Jun 13 00:52:31 Loaded file C:\PROGRAM FILES\ORCAD\LAYOUT_PLUS\library\QUADB.llb
Sat Jun 13 00:52:31 Loaded file C:\PROGRAM FILES\ORCAD\LAYOUT_PLUS\library\RELAY.llb
Sat Jun 13 00:52:31 Loaded file C:\PROGRAM FILES\ORCAD\LAYOUT_PLUS\library\RF.llb
Sat Jun 13 00:52:31 Loaded file C:\PROGRAM FILES\ORCAD\LAYOUT_PLUS\library\SBUS.llb
Sat Jun 13 00:52:31 Loaded file C:\PROGRAM FILES\ORCAD\LAYOUT_PLUS\library\SIMM050F.llb
Sat Jun 13 00:52:31 Loaded file C:\PROGRAM FILES\ORCAD\LAYOUT_PLUS\library\SIMM050T.llb
Sat Jun 13 00:52:31 Loaded file C:\PROGRAM FILES\ORCAD\LAYOUT_PLUS\library\SIMM100F.llb
Sat Jun 13 00:52:31 Loaded file C:\PROGRAM FILES\ORCAD\LAYOUT_PLUS\library\SIMM100T.llb
Sat Jun 13 00:52:31 Loaded file C:\PROGRAM FILES\ORCAD\LAYOUT_PLUS\library\SIP.llb
Sat Jun 13 00:52:31 Loaded file C:\PROGRAM FILES\ORCAD\LAYOUT_PLUS\library\SM.llb
Sat Jun 13 00:52:31 Loaded file C:\PROGRAM FILES\ORCAD\LAYOUT_PLUS\library\SOG.llb
Sat Jun 13 00:52:31 Loaded file C:\PROGRAM FILES\ORCAD\LAYOUT_PLUS\library\SOJ.llb
Sat Jun 13 00:52:31 Loaded file C:\PROGRAM FILES\ORCAD\LAYOUT_PLUS\library\STIFF.llb
Sat Jun 13 00:52:31 Loaded file C:\PROGRAM FILES\ORCAD\LAYOUT_PLUS\library\TELE.llb
Sat Jun 13 00:52:31 Loaded file C:\PROGRAM FILES\ORCAD\LAYOUT_PLUS\library\TM_AXIAL.llb
Sat Jun 13 00:52:31 Loaded file C:\PROGRAM FILES\ORCAD\LAYOUT_PLUS\library\TM_CAP_P.llb
Sat Jun 13 00:52:31 Loaded file C:\PROGRAM FILES\ORCAD\LAYOUT_PLUS\library\TM_CYLND.llb
Sat Jun 13 00:52:31 Loaded file C:\PROGRAM FILES\ORCAD\LAYOUT_PLUS\library\TM_DIODE.llb
Sat Jun 13 00:52:31 Loaded file C:\PROGRAM FILES\ORCAD\LAYOUT_PLUS\library\TM_DISC.llb
Sat Jun 13 00:52:31 Loaded file C:\PROGRAM FILES\ORCAD\LAYOUT_PLUS\library\TM_RAD.llb
Sat Jun 13 00:52:31 Loaded file C:\PROGRAM FILES\ORCAD\LAYOUT_PLUS\library\TO.llb
Sat Jun 13 00:52:31 Loaded file C:\PROGRAM FILES\ORCAD\LAYOUT_PLUS\library\TRAINING.LLB
Sat Jun 13 00:52:31 Loaded file C:\PROGRAM FILES\ORCAD\LAYOUT_PLUS\library\VRES.llb
Sat Jun 13 00:52:31 Loaded file C:\PROGRAM FILES\ORCAD\LAYOUT_PLUS\library\WCON100T.llb
Sat Jun 13 00:52:31 Loaded file C:\PROGRAM FILES\ORCAD\LAYOUT_PLUS\library\XT.llb
Sat Jun 13 00:52:31 Loaded file C:\PROGRAM FILES\ORCAD\LAYOUT_PLUS\library\ZIGZAG.llb
Sat Jun 13 00:52:31 Loaded file F:\ELECTRONIC\ORCAD\MAXMAA\MAXMAA.LLB
Sat Jun 13 00:52:31 Loaded file F:\ELECTRONIC\ORCAD\MAXMAA\MAXMAA.LLB
Sat Jun 13 00:52:31 Loaded file F:\ELECTRONIC\ORCAD\MAXMAA\MAXMAA.LLB
Sat Jun 13 00:52:31 Saved as file F:\ELECTRONIC\2015\PROJECTS\40. MOUSE WITH KEYBOARD\SCH\16 OUTPUT DEMULTIPREXUR CARD\16 OUTPUT DEMULTIPLEXUR CARD.MAX
Sat Jun 13 00:52:31 Loaded file F:\ELECTRONIC\2015\PROJECTS\40. MOUSE WITH KEYBOARD\SCH\16 OUTPUT DEMULTIPREXUR CARD\16 OUTPUT DEMULTIPLEXUR CARD.MAX
Sat Jun 13 01:02:32 Saved as file BACKUP1.MAX
Sat Jun 13 01:09:33 Loaded file F:\ELECTRONIC\2015\PROJECTS\40. MOUSE WITH KEYBOARD\SCH\16 OUTPUT DEMULTIPREXUR CARD\16 OUTPUT DEMULTIPLEXUR CARD.MAX
Sat Jun 13 01:09:33 Loaded file F:\ELECTRONIC\ORCAD\MAXMAA\MAXMAA.LLB
Sat Jun 13 01:09:33 Loaded file C:\PROGRAM FILES\ORCAD\LAYOUT_PLUS\LIBRARY\EMPTY.LLB
Sat Jun 13 01:09:33 Loaded file C:\PROGRAM FILES\ORCAD\LAYOUT_PLUS\LIBRARY\EX_GUI.LLB
Sat Jun 13 01:09:33 Loaded file C:\PROGRAM FILES\ORCAD\LAYOUT_PLUS\LIBRARY\IC.LLB
Sat Jun 13 01:09:33 Loaded file C:\PROGRAM FILES\ORCAD\LAYOUT_PLUS\LIBRARY\METRIC.LLB
Sat Jun 13 01:09:33 Loaded file C:\PROGRAM FILES\ORCAD\LAYOUT_PLUS\LIBRARY\PADSTACK.LLB
Sat Jun 13 01:09:33 Loaded file C:\PROGRAM FILES\ORCAD\LAYOUT_PLUS\LIBRARY\USER.LLB
Sat Jun 13 01:09:33 Loaded file C:\PROGRAM FILES\ORCAD\LIBRARY-DRC\LED.LLB
Sat Jun 13 01:09:33 Loaded file C:\PROGRAM FILES\ORCAD\LIBRARY-DRC\SWITCHES.LLB
Sat Jun 13 01:09:33 Loaded file C:\PROGRAM FILES\ORCAD\LIBRARY-DRC\CONNECTOR.LLB
Sat Jun 13 01:09:33 Loaded file C:\PROGRAM FILES\ORCAD\LIBRARY-DRC\CRYSTAL.LLB
Sat Jun 13 01:09:33 Loaded file C:\PROGRAM FILES\ORCAD\LIBRARY-DRC\DIOD.LLB
Sat Jun 13 01:09:33 Loaded file C:\PROGRAM FILES\ORCAD\LIBRARY-DRC\CAPACITOR.LLB
Sat Jun 13 01:09:33 Loaded file C:\PROGRAM FILES\ORCAD\LIBRARY-DRC\RESISTOR.LLB
Sat Jun 13 01:09:33 Loaded file C:\PROGRAM FILES\ORCAD\LIBRARY-DRC\IC.LLB
Sat Jun 13 01:09:33 Loaded file C:\PROGRAM FILES\ORCAD\LIBRARY-DRC\HEADER.LLB
Sat Jun 13 01:09:33 Loaded file C:\PROGRAM FILES\ORCAD\LAYOUT_PLUS\library\BCON100T.llb
Sat Jun 13 01:09:33 Loaded file C:\PROGRAM FILES\ORCAD\LAYOUT_PLUS\library\BCON156T.llb
Sat Jun 13 01:09:33 Loaded file C:\PROGRAM FILES\ORCAD\LAYOUT_PLUS\library\BGA.llb
Sat Jun 13 01:09:33 Loaded file C:\PROGRAM FILES\ORCAD\LAYOUT_PLUS\library\CLCC.llb
Sat Jun 13 01:09:33 Loaded file C:\PROGRAM FILES\ORCAD\LAYOUT_PLUS\library\DCON050T.llb
Sat Jun 13 01:09:33 Loaded file C:\PROGRAM FILES\ORCAD\LAYOUT_PLUS\library\DCON085T.llb
Sat Jun 13 01:09:33 Loaded file C:\PROGRAM FILES\ORCAD\LAYOUT_PLUS\library\DIMM050F.llb
Sat Jun 13 01:09:33 Loaded file C:\PROGRAM FILES\ORCAD\LAYOUT_PLUS\library\DIMM050T.llb
Sat Jun 13 01:09:33 Loaded file C:\PROGRAM FILES\ORCAD\LAYOUT_PLUS\library\DIN.llb
Sat Jun 13 01:09:33 Loaded file C:\PROGRAM FILES\ORCAD\LAYOUT_PLUS\library\DIP100B.llb
Sat Jun 13 01:09:33 Loaded file C:\PROGRAM FILES\ORCAD\LAYOUT_PLUS\library\DIP100T.llb
Sat Jun 13 01:09:33 Loaded file C:\PROGRAM FILES\ORCAD\LAYOUT_PLUS\library\DSUBT.llb
Sat Jun 13 01:09:33 Loaded file C:\PROGRAM FILES\ORCAD\LAYOUT_PLUS\library\DSUBT_HD.LLB
Sat Jun 13 01:09:33 Loaded file C:\PROGRAM FILES\ORCAD\LAYOUT_PLUS\library\ECON100T.llb
Sat Jun 13 01:09:33 Loaded file C:\PROGRAM FILES\ORCAD\LAYOUT_PLUS\library\FBUS.llb
Sat Jun 13 01:09:33 Loaded file C:\PROGRAM FILES\ORCAD\LAYOUT_PLUS\library\ISA.llb
Sat Jun 13 01:09:33 Loaded file C:\PROGRAM FILES\ORCAD\LAYOUT_PLUS\library\JUMPER.LLB
Sat Jun 13 01:09:33 Loaded file C:\PROGRAM FILES\ORCAD\LAYOUT_PLUS\library\LAYOUT.llb
Sat Jun 13 01:09:33 Loaded file C:\PROGRAM FILES\ORCAD\LAYOUT_PLUS\library\LCON100T.llb
Sat Jun 13 01:09:33 Loaded file C:\PROGRAM FILES\ORCAD\LAYOUT_PLUS\library\PC104.llb
Sat Jun 13 01:09:33 Loaded file C:\PROGRAM FILES\ORCAD\LAYOUT_PLUS\library\PCI.llb
Sat Jun 13 01:09:33 Loaded file C:\PROGRAM FILES\ORCAD\LAYOUT_PLUS\library\PCON100T.llb
Sat Jun 13 01:09:33 Loaded file C:\PROGRAM FILES\ORCAD\LAYOUT_PLUS\library\PCON156T.llb
Sat Jun 13 01:09:33 Loaded file C:\PROGRAM FILES\ORCAD\LAYOUT_PLUS\library\PGA.llb
Sat Jun 13 01:09:33 Loaded file C:\PROGRAM FILES\ORCAD\LAYOUT_PLUS\library\PLCC.llb
Sat Jun 13 01:09:33 Loaded file C:\PROGRAM FILES\ORCAD\LAYOUT_PLUS\library\QUAD.llb
Sat Jun 13 01:09:33 Loaded file C:\PROGRAM FILES\ORCAD\LAYOUT_PLUS\library\QUADB.llb
Sat Jun 13 01:09:33 Loaded file C:\PROGRAM FILES\ORCAD\LAYOUT_PLUS\library\RELAY.llb
Sat Jun 13 01:09:33 Loaded file C:\PROGRAM FILES\ORCAD\LAYOUT_PLUS\library\RF.llb
Sat Jun 13 01:09:33 Loaded file C:\PROGRAM FILES\ORCAD\LAYOUT_PLUS\library\SBUS.llb
Sat Jun 13 01:09:33 Loaded file C:\PROGRAM FILES\ORCAD\LAYOUT_PLUS\library\SIMM050F.llb
Sat Jun 13 01:09:33 Loaded file C:\PROGRAM FILES\ORCAD\LAYOUT_PLUS\library\SIMM050T.llb
Sat Jun 13 01:09:33 Loaded file C:\PROGRAM FILES\ORCAD\LAYOUT_PLUS\library\SIMM100F.llb
Sat Jun 13 01:09:33 Loaded file C:\PROGRAM FILES\ORCAD\LAYOUT_PLUS\library\SIMM100T.llb
Sat Jun 13 01:09:33 Loaded file C:\PROGRAM FILES\ORCAD\LAYOUT_PLUS\library\SIP.llb
Sat Jun 13 01:09:33 Loaded file C:\PROGRAM FILES\ORCAD\LAYOUT_PLUS\library\SM.llb
Sat Jun 13 01:09:33 Loaded file C:\PROGRAM FILES\ORCAD\LAYOUT_PLUS\library\SOG.llb
Sat Jun 13 01:09:33 Loaded file C:\PROGRAM FILES\ORCAD\LAYOUT_PLUS\library\SOJ.llb
Sat Jun 13 01:09:33 Loaded file C:\PROGRAM FILES\ORCAD\LAYOUT_PLUS\library\STIFF.llb
Sat Jun 13 01:09:33 Loaded file C:\PROGRAM FILES\ORCAD\LAYOUT_PLUS\library\TELE.llb
Sat Jun 13 01:09:33 Loaded file C:\PROGRAM FILES\ORCAD\LAYOUT_PLUS\library\TM_AXIAL.llb
Sat Jun 13 01:09:33 Loaded file C:\PROGRAM FILES\ORCAD\LAYOUT_PLUS\library\TM_CAP_P.llb
Sat Jun 13 01:09:33 Loaded file C:\PROGRAM FILES\ORCAD\LAYOUT_PLUS\library\TM_CYLND.llb
Sat Jun 13 01:09:33 Loaded file C:\PROGRAM FILES\ORCAD\LAYOUT_PLUS\library\TM_DIODE.llb
Sat Jun 13 01:09:33 Loaded file C:\PROGRAM FILES\ORCAD\LAYOUT_PLUS\library\TM_DISC.llb
Sat Jun 13 01:09:33 Loaded file C:\PROGRAM FILES\ORCAD\LAYOUT_PLUS\library\TM_RAD.llb
Sat Jun 13 01:09:33 Loaded file C:\PROGRAM FILES\ORCAD\LAYOUT_PLUS\library\TO.llb
Sat Jun 13 01:09:33 Loaded file C:\PROGRAM FILES\ORCAD\LAYOUT_PLUS\library\TRAINING.LLB
Sat Jun 13 01:09:33 Loaded file C:\PROGRAM FILES\ORCAD\LAYOUT_PLUS\library\VRES.llb
Sat Jun 13 01:09:33 Loaded file C:\PROGRAM FILES\ORCAD\LAYOUT_PLUS\library\WCON100T.llb
Sat Jun 13 01:09:33 Loaded file C:\PROGRAM FILES\ORCAD\LAYOUT_PLUS\library\XT.llb
Sat Jun 13 01:09:33 Loaded file C:\PROGRAM FILES\ORCAD\LAYOUT_PLUS\library\ZIGZAG.llb
Sat Jun 13 01:09:51 Saved as file F:\ELECTRONIC\2015\PROJECTS\40. MOUSE WITH KEYBOARD\SCH\16 OUTPUT DEMULTIPREXUR CARD\16 OUTPUT DEMULTIPLEXUR CARD.MAX
Sat Jun 13 01:09:51 Loaded file F:\ELECTRONIC\2015\PROJECTS\40. MOUSE WITH KEYBOARD\SCH\16 OUTPUT DEMULTIPREXUR CARD\16 OUTPUT DEMULTIPLEXUR CARD.MAX
Sat Jun 13 01:09:52 Saved as file BACKUP1.MAX
Sat Jun 13 01:09:52 Saved as file F:\ELECTRONIC\2015\PROJECTS\40. MOUSE WITH KEYBOARD\SCH\16 OUTPUT DEMULTIPREXUR CARD\16 OUTPUT DEMULTIPLEXUR CARD.MAX
Sat Jun 13 01:09:53 UserDiv from Layout.INI for AutoECO: 60
Sat Jun 13 01:09:53 Loaded file F:\ELECTRONIC\2015\PROJECTS\40. MOUSE WITH KEYBOARD\SCH\16 OUTPUT DEMULTIPREXUR CARD\16 OUTPUT DEMULTIPLEXUR CARD.MAX
Sat Jun 13 01:09:53 Loaded file F:\ELECTRONIC\ORCAD\MAXMAA\MAXMAA.LLB
Sat Jun 13 01:09:53 Loaded file C:\PROGRAM FILES\ORCAD\LAYOUT_PLUS\LIBRARY\EMPTY.LLB
Sat Jun 13 01:09:53 Loaded file C:\PROGRAM FILES\ORCAD\LAYOUT_PLUS\LIBRARY\EX_GUI.LLB
Sat Jun 13 01:09:54 Loaded file C:\PROGRAM FILES\ORCAD\LAYOUT_PLUS\LIBRARY\IC.LLB
Sat Jun 13 01:09:54 Loaded file C:\PROGRAM FILES\ORCAD\LAYOUT_PLUS\LIBRARY\METRIC.LLB
Sat Jun 13 01:09:54 Loaded file C:\PROGRAM FILES\ORCAD\LAYOUT_PLUS\LIBRARY\PADSTACK.LLB
Sat Jun 13 01:09:54 Loaded file C:\PROGRAM FILES\ORCAD\LAYOUT_PLUS\LIBRARY\USER.LLB
Sat Jun 13 01:09:54 Loaded file C:\PROGRAM FILES\ORCAD\LIBRARY-DRC\LED.LLB
Sat Jun 13 01:09:54 Loaded file C:\PROGRAM FILES\ORCAD\LIBRARY-DRC\SWITCHES.LLB
Sat Jun 13 01:09:54 Loaded file C:\PROGRAM FILES\ORCAD\LIBRARY-DRC\CONNECTOR.LLB
Sat Jun 13 01:09:54 Loaded file C:\PROGRAM FILES\ORCAD\LIBRARY-DRC\CRYSTAL.LLB
Sat Jun 13 01:09:54 Loaded file C:\PROGRAM FILES\ORCAD\LIBRARY-DRC\DIOD.LLB
Sat Jun 13 01:09:54 Loaded file C:\PROGRAM FILES\ORCAD\LIBRARY-DRC\CAPACITOR.LLB
Sat Jun 13 01:09:54 Loaded file C:\PROGRAM FILES\ORCAD\LIBRARY-DRC\RESISTOR.LLB
Sat Jun 13 01:09:54 Loaded file C:\PROGRAM FILES\ORCAD\LIBRARY-DRC\IC.LLB
Sat Jun 13 01:09:54 Loaded file C:\PROGRAM FILES\ORCAD\LIBRARY-DRC\HEADER.LLB
Sat Jun 13 01:09:54 Loaded file C:\PROGRAM FILES\ORCAD\LAYOUT_PLUS\library\BCON100T.llb
Sat Jun 13 01:09:54 Loaded file C:\PROGRAM FILES\ORCAD\LAYOUT_PLUS\library\BCON156T.llb
Sat Jun 13 01:09:54 Loaded file C:\PROGRAM FILES\ORCAD\LAYOUT_PLUS\library\BGA.llb
Sat Jun 13 01:09:54 Loaded file C:\PROGRAM FILES\ORCAD\LAYOUT_PLUS\library\CLCC.llb
Sat Jun 13 01:09:54 Loaded file C:\PROGRAM FILES\ORCAD\LAYOUT_PLUS\library\DCON050T.llb
Sat Jun 13 01:09:54 Loaded file C:\PROGRAM FILES\ORCAD\LAYOUT_PLUS\library\DCON085T.llb
Sat Jun 13 01:09:54 Loaded file C:\PROGRAM FILES\ORCAD\LAYOUT_PLUS\library\DIMM050F.llb
Sat Jun 13 01:09:54 Loaded file C:\PROGRAM FILES\ORCAD\LAYOUT_PLUS\library\DIMM050T.llb
Sat Jun 13 01:09:54 Loaded file C:\PROGRAM FILES\ORCAD\LAYOUT_PLUS\library\DIN.llb
Sat Jun 13 01:09:54 Loaded file C:\PROGRAM FILES\ORCAD\LAYOUT_PLUS\library\DIP100B.llb
Sat Jun 13 01:09:54 Loaded file C:\PROGRAM FILES\ORCAD\LAYOUT_PLUS\library\DIP100T.llb
Sat Jun 13 01:09:54 Loaded file C:\PROGRAM FILES\ORCAD\LAYOUT_PLUS\library\DSUBT.llb
Sat Jun 13 01:09:54 Loaded file C:\PROGRAM FILES\ORCAD\LAYOUT_PLUS\library\DSUBT_HD.LLB
Sat Jun 13 01:09:54 Loaded file C:\PROGRAM FILES\ORCAD\LAYOUT_PLUS\library\ECON100T.llb
Sat Jun 13 01:09:54 Loaded file C:\PROGRAM FILES\ORCAD\LAYOUT_PLUS\library\FBUS.llb
Sat Jun 13 01:09:54 Loaded file C:\PROGRAM FILES\ORCAD\LAYOUT_PLUS\library\ISA.llb
Sat Jun 13 01:09:54 Loaded file C:\PROGRAM FILES\ORCAD\LAYOUT_PLUS\library\JUMPER.LLB
Sat Jun 13 01:09:54 Loaded file C:\PROGRAM FILES\ORCAD\LAYOUT_PLUS\library\LAYOUT.llb
Sat Jun 13 01:09:54 Loaded file C:\PROGRAM FILES\ORCAD\LAYOUT_PLUS\library\LCON100T.llb
Sat Jun 13 01:09:54 Loaded file C:\PROGRAM FILES\ORCAD\LAYOUT_PLUS\library\PC104.llb
Sat Jun 13 01:09:54 Loaded file C:\PROGRAM FILES\ORCAD\LAYOUT_PLUS\library\PCI.llb
Sat Jun 13 01:09:54 Loaded file C:\PROGRAM FILES\ORCAD\LAYOUT_PLUS\library\PCON100T.llb
Sat Jun 13 01:09:54 Loaded file C:\PROGRAM FILES\ORCAD\LAYOUT_PLUS\library\PCON156T.llb
Sat Jun 13 01:09:54 Loaded file C:\PROGRAM FILES\ORCAD\LAYOUT_PLUS\library\PGA.llb
Sat Jun 13 01:09:54 Loaded file C:\PROGRAM FILES\ORCAD\LAYOUT_PLUS\library\PLCC.llb
Sat Jun 13 01:09:54 Loaded file C:\PROGRAM FILES\ORCAD\LAYOUT_PLUS\library\QUAD.llb
Sat Jun 13 01:09:54 Loaded file C:\PROGRAM FILES\ORCAD\LAYOUT_PLUS\library\QUADB.llb
Sat Jun 13 01:09:54 Loaded file C:\PROGRAM FILES\ORCAD\LAYOUT_PLUS\library\RELAY.llb
Sat Jun 13 01:09:54 Loaded file C:\PROGRAM FILES\ORCAD\LAYOUT_PLUS\library\RF.llb
Sat Jun 13 01:09:54 Loaded file C:\PROGRAM FILES\ORCAD\LAYOUT_PLUS\library\SBUS.llb
Sat Jun 13 01:09:54 Loaded file C:\PROGRAM FILES\ORCAD\LAYOUT_PLUS\library\SIMM050F.llb
Sat Jun 13 01:09:54 Loaded file C:\PROGRAM FILES\ORCAD\LAYOUT_PLUS\library\SIMM050T.llb
Sat Jun 13 01:09:54 Loaded file C:\PROGRAM FILES\ORCAD\LAYOUT_PLUS\library\SIMM100F.llb
Sat Jun 13 01:09:54 Loaded file C:\PROGRAM FILES\ORCAD\LAYOUT_PLUS\library\SIMM100T.llb
Sat Jun 13 01:09:54 Loaded file C:\PROGRAM FILES\ORCAD\LAYOUT_PLUS\library\SIP.llb
Sat Jun 13 01:09:54 Loaded file C:\PROGRAM FILES\ORCAD\LAYOUT_PLUS\library\SM.llb
Sat Jun 13 01:09:54 Loaded file C:\PROGRAM FILES\ORCAD\LAYOUT_PLUS\library\SOG.llb
Sat Jun 13 01:09:54 Loaded file C:\PROGRAM FILES\ORCAD\LAYOUT_PLUS\library\SOJ.llb
Sat Jun 13 01:09:54 Loaded file C:\PROGRAM FILES\ORCAD\LAYOUT_PLUS\library\STIFF.llb
Sat Jun 13 01:09:54 Loaded file C:\PROGRAM FILES\ORCAD\LAYOUT_PLUS\library\TELE.llb
Sat Jun 13 01:09:54 Loaded file C:\PROGRAM FILES\ORCAD\LAYOUT_PLUS\library\TM_AXIAL.llb
Sat Jun 13 01:09:54 Loaded file C:\PROGRAM FILES\ORCAD\LAYOUT_PLUS\library\TM_CAP_P.llb
Sat Jun 13 01:09:54 Loaded file C:\PROGRAM FILES\ORCAD\LAYOUT_PLUS\library\TM_CYLND.llb
Sat Jun 13 01:09:54 Loaded file C:\PROGRAM FILES\ORCAD\LAYOUT_PLUS\library\TM_DIODE.llb
Sat Jun 13 01:09:54 Loaded file C:\PROGRAM FILES\ORCAD\LAYOUT_PLUS\library\TM_DISC.llb
Sat Jun 13 01:09:54 Loaded file C:\PROGRAM FILES\ORCAD\LAYOUT_PLUS\library\TM_RAD.llb
Sat Jun 13 01:09:54 Loaded file C:\PROGRAM FILES\ORCAD\LAYOUT_PLUS\library\TO.llb
Sat Jun 13 01:09:54 Loaded file C:\PROGRAM FILES\ORCAD\LAYOUT_PLUS\library\TRAINING.LLB
Sat Jun 13 01:09:54 Loaded file C:\PROGRAM FILES\ORCAD\LAYOUT_PLUS\library\VRES.llb
Sat Jun 13 01:09:54 Loaded file C:\PROGRAM FILES\ORCAD\LAYOUT_PLUS\library\WCON100T.llb
Sat Jun 13 01:09:54 Loaded file C:\PROGRAM FILES\ORCAD\LAYOUT_PLUS\library\XT.llb
Sat Jun 13 01:09:54 Loaded file C:\PROGRAM FILES\ORCAD\LAYOUT_PLUS\library\ZIGZAG.llb
Sat Jun 13 01:09:54 Loaded file F:\ELECTRONIC\2015\PROJECTS\40. MOUSE WITH KEYBOARD\SCH\16 OUTPUT DEMULTIPREXUR CARD\16 OUTPUT DEMULTIPLEXUR CARD.MAX
Sat Jun 13 01:09:54 Saved as file F:\ELECTRONIC\2015\PROJECTS\40. MOUSE WITH KEYBOARD\SCH\16 OUTPUT DEMULTIPREXUR CARD\16 OUTPUT DEMULTIPLEXUR CARD.MAX
Sat Jun 13 01:09:54 Loaded file F:\ELECTRONIC\2015\PROJECTS\40. MOUSE WITH KEYBOARD\SCH\16 OUTPUT DEMULTIPREXUR CARD\16 OUTPUT DEMULTIPLEXUR CARD.MAX
Sat Jun 13 01:10:07 Loaded file F:\ELECTRONIC\2015\PROJECTS\40. MOUSE WITH KEYBOARD\SCH\16 OUTPUT DEMULTIPREXUR CARD\16 OUTPUT DEMULTIPLEXUR CARD.MAX
Sat Jun 13 01:10:08 Loaded file F:\ELECTRONIC\2015\PROJECTS\40. MOUSE WITH KEYBOARD\SCH\16 OUTPUT DEMULTIPREXUR CARD\16 OUTPUT DEMULTIPLEXUR CARD.MAX
Sat Jun 13 01:10:24 Loaded file F:\ELECTRONIC\2015\PROJECTS\40. MOUSE WITH KEYBOARD\SCH\16 OUTPUT DEMULTIPREXUR CARD\16 OUTPUT DEMULTIPLEXUR CARD.MAX
Sat Jun 13 01:10:24 Loaded file F:\ELECTRONIC\ORCAD\MAXMAA\MAXMAA.LLB
Sat Jun 13 01:10:24 Loaded file C:\PROGRAM FILES\ORCAD\LAYOUT_PLUS\LIBRARY\EMPTY.LLB
Sat Jun 13 01:10:24 Loaded file C:\PROGRAM FILES\ORCAD\LAYOUT_PLUS\LIBRARY\EX_GUI.LLB
Sat Jun 13 01:10:24 Loaded file C:\PROGRAM FILES\ORCAD\LAYOUT_PLUS\LIBRARY\IC.LLB
Sat Jun 13 01:10:24 Loaded file C:\PROGRAM FILES\ORCAD\LAYOUT_PLUS\LIBRARY\METRIC.LLB
Sat Jun 13 01:10:24 Loaded file C:\PROGRAM FILES\ORCAD\LAYOUT_PLUS\LIBRARY\PADSTACK.LLB
Sat Jun 13 01:10:24 Loaded file C:\PROGRAM FILES\ORCAD\LAYOUT_PLUS\LIBRARY\USER.LLB
Sat Jun 13 01:10:24 Loaded file C:\PROGRAM FILES\ORCAD\LIBRARY-DRC\LED.LLB
Sat Jun 13 01:10:24 Loaded file C:\PROGRAM FILES\ORCAD\LIBRARY-DRC\SWITCHES.LLB
Sat Jun 13 01:10:24 Loaded file C:\PROGRAM FILES\ORCAD\LIBRARY-DRC\CONNECTOR.LLB
Sat Jun 13 01:10:24 Loaded file C:\PROGRAM FILES\ORCAD\LIBRARY-DRC\CRYSTAL.LLB
Sat Jun 13 01:10:24 Loaded file C:\PROGRAM FILES\ORCAD\LIBRARY-DRC\DIOD.LLB
Sat Jun 13 01:10:24 Loaded file C:\PROGRAM FILES\ORCAD\LIBRARY-DRC\CAPACITOR.LLB
Sat Jun 13 01:10:24 Loaded file C:\PROGRAM FILES\ORCAD\LIBRARY-DRC\RESISTOR.LLB
Sat Jun 13 01:10:24 Loaded file C:\PROGRAM FILES\ORCAD\LIBRARY-DRC\IC.LLB
Sat Jun 13 01:10:24 Loaded file C:\PROGRAM FILES\ORCAD\LIBRARY-DRC\HEADER.LLB
Sat Jun 13 01:10:24 Loaded file C:\PROGRAM FILES\ORCAD\LAYOUT_PLUS\library\BCON100T.llb
Sat Jun 13 01:10:24 Loaded file C:\PROGRAM FILES\ORCAD\LAYOUT_PLUS\library\BCON156T.llb
Sat Jun 13 01:10:24 Loaded file C:\PROGRAM FILES\ORCAD\LAYOUT_PLUS\library\BGA.llb
Sat Jun 13 01:10:24 Loaded file C:\PROGRAM FILES\ORCAD\LAYOUT_PLUS\library\CLCC.llb
Sat Jun 13 01:10:24 Loaded file C:\PROGRAM FILES\ORCAD\LAYOUT_PLUS\library\DCON050T.llb
Sat Jun 13 01:10:24 Loaded file C:\PROGRAM FILES\ORCAD\LAYOUT_PLUS\library\DCON085T.llb
Sat Jun 13 01:10:24 Loaded file C:\PROGRAM FILES\ORCAD\LAYOUT_PLUS\library\DIMM050F.llb
Sat Jun 13 01:10:24 Loaded file C:\PROGRAM FILES\ORCAD\LAYOUT_PLUS\library\DIMM050T.llb
Sat Jun 13 01:10:24 Loaded file C:\PROGRAM FILES\ORCAD\LAYOUT_PLUS\library\DIN.llb
Sat Jun 13 01:10:24 Loaded file C:\PROGRAM FILES\ORCAD\LAYOUT_PLUS\library\DIP100B.llb
Sat Jun 13 01:10:24 Loaded file C:\PROGRAM FILES\ORCAD\LAYOUT_PLUS\library\DIP100T.llb
Sat Jun 13 01:10:24 Loaded file C:\PROGRAM FILES\ORCAD\LAYOUT_PLUS\library\DSUBT.llb
Sat Jun 13 01:10:24 Loaded file C:\PROGRAM FILES\ORCAD\LAYOUT_PLUS\library\DSUBT_HD.LLB
Sat Jun 13 01:10:24 Loaded file C:\PROGRAM FILES\ORCAD\LAYOUT_PLUS\library\ECON100T.llb
Sat Jun 13 01:10:24 Loaded file C:\PROGRAM FILES\ORCAD\LAYOUT_PLUS\library\FBUS.llb
Sat Jun 13 01:10:24 Loaded file C:\PROGRAM FILES\ORCAD\LAYOUT_PLUS\library\ISA.llb
Sat Jun 13 01:10:24 Loaded file C:\PROGRAM FILES\ORCAD\LAYOUT_PLUS\library\JUMPER.LLB
Sat Jun 13 01:10:24 Loaded file C:\PROGRAM FILES\ORCAD\LAYOUT_PLUS\library\LAYOUT.llb
Sat Jun 13 01:10:24 Loaded file C:\PROGRAM FILES\ORCAD\LAYOUT_PLUS\library\LCON100T.llb
Sat Jun 13 01:10:24 Loaded file C:\PROGRAM FILES\ORCAD\LAYOUT_PLUS\library\PC104.llb
Sat Jun 13 01:10:24 Loaded file C:\PROGRAM FILES\ORCAD\LAYOUT_PLUS\library\PCI.llb
Sat Jun 13 01:10:24 Loaded file C:\PROGRAM FILES\ORCAD\LAYOUT_PLUS\library\PCON100T.llb
Sat Jun 13 01:10:24 Loaded file C:\PROGRAM FILES\ORCAD\LAYOUT_PLUS\library\PCON156T.llb
Sat Jun 13 01:10:24 Loaded file C:\PROGRAM FILES\ORCAD\LAYOUT_PLUS\library\PGA.llb
Sat Jun 13 01:10:24 Loaded file C:\PROGRAM FILES\ORCAD\LAYOUT_PLUS\library\PLCC.llb
Sat Jun 13 01:10:24 Loaded file C:\PROGRAM FILES\ORCAD\LAYOUT_PLUS\library\QUAD.llb
Sat Jun 13 01:10:24 Loaded file C:\PROGRAM FILES\ORCAD\LAYOUT_PLUS\library\QUADB.llb
Sat Jun 13 01:10:24 Loaded file C:\PROGRAM FILES\ORCAD\LAYOUT_PLUS\library\RELAY.llb
Sat Jun 13 01:10:24 Loaded file C:\PROGRAM FILES\ORCAD\LAYOUT_PLUS\library\RF.llb
Sat Jun 13 01:10:24 Loaded file C:\PROGRAM FILES\ORCAD\LAYOUT_PLUS\library\SBUS.llb
Sat Jun 13 01:10:24 Loaded file C:\PROGRAM FILES\ORCAD\LAYOUT_PLUS\library\SIMM050F.llb
Sat Jun 13 01:10:24 Loaded file C:\PROGRAM FILES\ORCAD\LAYOUT_PLUS\library\SIMM050T.llb
Sat Jun 13 01:10:24 Loaded file C:\PROGRAM FILES\ORCAD\LAYOUT_PLUS\library\SIMM100F.llb
Sat Jun 13 01:10:24 Loaded file C:\PROGRAM FILES\ORCAD\LAYOUT_PLUS\library\SIMM100T.llb
Sat Jun 13 01:10:24 Loaded file C:\PROGRAM FILES\ORCAD\LAYOUT_PLUS\library\SIP.llb
Sat Jun 13 01:10:24 Loaded file C:\PROGRAM FILES\ORCAD\LAYOUT_PLUS\library\SM.llb
Sat Jun 13 01:10:24 Loaded file C:\PROGRAM FILES\ORCAD\LAYOUT_PLUS\library\SOG.llb
Sat Jun 13 01:10:24 Loaded file C:\PROGRAM FILES\ORCAD\LAYOUT_PLUS\library\SOJ.llb
Sat Jun 13 01:10:25 Loaded file C:\PROGRAM FILES\ORCAD\LAYOUT_PLUS\library\STIFF.llb
Sat Jun 13 01:10:25 Loaded file C:\PROGRAM FILES\ORCAD\LAYOUT_PLUS\library\TELE.llb
Sat Jun 13 01:10:25 Loaded file C:\PROGRAM FILES\ORCAD\LAYOUT_PLUS\library\TM_AXIAL.llb
Sat Jun 13 01:10:25 Loaded file C:\PROGRAM FILES\ORCAD\LAYOUT_PLUS\library\TM_CAP_P.llb
Sat Jun 13 01:10:25 Loaded file C:\PROGRAM FILES\ORCAD\LAYOUT_PLUS\library\TM_CYLND.llb
Sat Jun 13 01:10:25 Loaded file C:\PROGRAM FILES\ORCAD\LAYOUT_PLUS\library\TM_DIODE.llb
Sat Jun 13 01:10:25 Loaded file C:\PROGRAM FILES\ORCAD\LAYOUT_PLUS\library\TM_DISC.llb
Sat Jun 13 01:10:25 Loaded file C:\PROGRAM FILES\ORCAD\LAYOUT_PLUS\library\TM_RAD.llb
Sat Jun 13 01:10:25 Loaded file C:\PROGRAM FILES\ORCAD\LAYOUT_PLUS\library\TO.llb
Sat Jun 13 01:10:25 Loaded file C:\PROGRAM FILES\ORCAD\LAYOUT_PLUS\library\TRAINING.LLB
Sat Jun 13 01:10:25 Loaded file C:\PROGRAM FILES\ORCAD\LAYOUT_PLUS\library\VRES.llb
Sat Jun 13 01:10:25 Loaded file C:\PROGRAM FILES\ORCAD\LAYOUT_PLUS\library\WCON100T.llb
Sat Jun 13 01:10:25 Loaded file C:\PROGRAM FILES\ORCAD\LAYOUT_PLUS\library\XT.llb
Sat Jun 13 01:10:25 Loaded file C:\PROGRAM FILES\ORCAD\LAYOUT_PLUS\library\ZIGZAG.llb
Sat Jun 13 01:11:08 Saved as file F:\ELECTRONIC\2015\PROJECTS\40. MOUSE WITH KEYBOARD\SCH\16 OUTPUT DEMULTIPREXUR CARD\16 OUTPUT DEMULTIPLEXUR CARD.MAX
Sat Jun 13 01:11:08 Saved as file BACKUP1.MAX
Sat Jun 13 01:11:08 Saved as file F:\ELECTRONIC\2015\PROJECTS\40. MOUSE WITH KEYBOARD\SCH\16 OUTPUT DEMULTIPREXUR CARD\16 OUTPUT DEMULTIPLEXUR CARD.MAX
Sat Jun 13 01:11:08 UserDiv from Layout.INI for AutoECO: 60
Sat Jun 13 01:11:08 Loaded file F:\ELECTRONIC\2015\PROJECTS\40. MOUSE WITH KEYBOARD\SCH\16 OUTPUT DEMULTIPREXUR CARD\16 OUTPUT DEMULTIPLEXUR CARD.MAX
Sat Jun 13 01:11:08 Loaded file F:\ELECTRONIC\ORCAD\MAXMAA\MAXMAA.LLB
Sat Jun 13 01:11:08 Loaded file C:\PROGRAM FILES\ORCAD\LAYOUT_PLUS\LIBRARY\EMPTY.LLB
Sat Jun 13 01:11:08 Loaded file C:\PROGRAM FILES\ORCAD\LAYOUT_PLUS\LIBRARY\EX_GUI.LLB
Sat Jun 13 01:11:08 Loaded file C:\PROGRAM FILES\ORCAD\LAYOUT_PLUS\LIBRARY\IC.LLB
Sat Jun 13 01:11:08 Loaded file C:\PROGRAM FILES\ORCAD\LAYOUT_PLUS\LIBRARY\METRIC.LLB
Sat Jun 13 01:11:08 Loaded file C:\PROGRAM FILES\ORCAD\LAYOUT_PLUS\LIBRARY\PADSTACK.LLB
Sat Jun 13 01:11:08 Loaded file C:\PROGRAM FILES\ORCAD\LAYOUT_PLUS\LIBRARY\USER.LLB
Sat Jun 13 01:11:08 Loaded file C:\PROGRAM FILES\ORCAD\LIBRARY-DRC\LED.LLB
Sat Jun 13 01:11:08 Loaded file C:\PROGRAM FILES\ORCAD\LIBRARY-DRC\SWITCHES.LLB
Sat Jun 13 01:11:08 Loaded file C:\PROGRAM FILES\ORCAD\LIBRARY-DRC\CONNECTOR.LLB
Sat Jun 13 01:11:08 Loaded file C:\PROGRAM FILES\ORCAD\LIBRARY-DRC\CRYSTAL.LLB
Sat Jun 13 01:11:08 Loaded file C:\PROGRAM FILES\ORCAD\LIBRARY-DRC\DIOD.LLB
Sat Jun 13 01:11:08 Loaded file C:\PROGRAM FILES\ORCAD\LIBRARY-DRC\CAPACITOR.LLB
Sat Jun 13 01:11:08 Loaded file C:\PROGRAM FILES\ORCAD\LIBRARY-DRC\RESISTOR.LLB
Sat Jun 13 01:11:08 Loaded file C:\PROGRAM FILES\ORCAD\LIBRARY-DRC\IC.LLB
Sat Jun 13 01:11:08 Loaded file C:\PROGRAM FILES\ORCAD\LIBRARY-DRC\HEADER.LLB
Sat Jun 13 01:11:08 Loaded file C:\PROGRAM FILES\ORCAD\LAYOUT_PLUS\library\BCON100T.llb
Sat Jun 13 01:11:08 Loaded file C:\PROGRAM FILES\ORCAD\LAYOUT_PLUS\library\BCON156T.llb
Sat Jun 13 01:11:08 Loaded file C:\PROGRAM FILES\ORCAD\LAYOUT_PLUS\library\BGA.llb
Sat Jun 13 01:11:08 Loaded file C:\PROGRAM FILES\ORCAD\LAYOUT_PLUS\library\CLCC.llb
Sat Jun 13 01:11:08 Loaded file C:\PROGRAM FILES\ORCAD\LAYOUT_PLUS\library\DCON050T.llb
Sat Jun 13 01:11:08 Loaded file C:\PROGRAM FILES\ORCAD\LAYOUT_PLUS\library\DCON085T.llb
Sat Jun 13 01:11:08 Loaded file C:\PROGRAM FILES\ORCAD\LAYOUT_PLUS\library\DIMM050F.llb
Sat Jun 13 01:11:08 Loaded file C:\PROGRAM FILES\ORCAD\LAYOUT_PLUS\library\DIMM050T.llb
Sat Jun 13 01:11:08 Loaded file C:\PROGRAM FILES\ORCAD\LAYOUT_PLUS\library\DIN.llb
Sat Jun 13 01:11:08 Loaded file C:\PROGRAM FILES\ORCAD\LAYOUT_PLUS\library\DIP100B.llb
Sat Jun 13 01:11:08 Loaded file C:\PROGRAM FILES\ORCAD\LAYOUT_PLUS\library\DIP100T.llb
Sat Jun 13 01:11:08 Loaded file C:\PROGRAM FILES\ORCAD\LAYOUT_PLUS\library\DSUBT.llb
Sat Jun 13 01:11:08 Loaded file C:\PROGRAM FILES\ORCAD\LAYOUT_PLUS\library\DSUBT_HD.LLB
Sat Jun 13 01:11:08 Loaded file C:\PROGRAM FILES\ORCAD\LAYOUT_PLUS\library\ECON100T.llb
Sat Jun 13 01:11:08 Loaded file C:\PROGRAM FILES\ORCAD\LAYOUT_PLUS\library\FBUS.llb
Sat Jun 13 01:11:08 Loaded file C:\PROGRAM FILES\ORCAD\LAYOUT_PLUS\library\ISA.llb
Sat Jun 13 01:11:08 Loaded file C:\PROGRAM FILES\ORCAD\LAYOUT_PLUS\library\JUMPER.LLB
Sat Jun 13 01:11:08 Loaded file C:\PROGRAM FILES\ORCAD\LAYOUT_PLUS\library\LAYOUT.llb
Sat Jun 13 01:11:08 Loaded file C:\PROGRAM FILES\ORCAD\LAYOUT_PLUS\library\LCON100T.llb
Sat Jun 13 01:11:08 Loaded file C:\PROGRAM FILES\ORCAD\LAYOUT_PLUS\library\PC104.llb
Sat Jun 13 01:11:08 Loaded file C:\PROGRAM FILES\ORCAD\LAYOUT_PLUS\library\PCI.llb
Sat Jun 13 01:11:08 Loaded file C:\PROGRAM FILES\ORCAD\LAYOUT_PLUS\library\PCON100T.llb
Sat Jun 13 01:11:08 Loaded file C:\PROGRAM FILES\ORCAD\LAYOUT_PLUS\library\PCON156T.llb
Sat Jun 13 01:11:08 Loaded file C:\PROGRAM FILES\ORCAD\LAYOUT_PLUS\library\PGA.llb
Sat Jun 13 01:11:08 Loaded file C:\PROGRAM FILES\ORCAD\LAYOUT_PLUS\library\PLCC.llb
Sat Jun 13 01:11:08 Loaded file C:\PROGRAM FILES\ORCAD\LAYOUT_PLUS\library\QUAD.llb
Sat Jun 13 01:11:08 Loaded file C:\PROGRAM FILES\ORCAD\LAYOUT_PLUS\library\QUADB.llb
Sat Jun 13 01:11:08 Loaded file C:\PROGRAM FILES\ORCAD\LAYOUT_PLUS\library\RELAY.llb
Sat Jun 13 01:11:08 Loaded file C:\PROGRAM FILES\ORCAD\LAYOUT_PLUS\library\RF.llb
Sat Jun 13 01:11:08 Loaded file C:\PROGRAM FILES\ORCAD\LAYOUT_PLUS\library\SBUS.llb
Sat Jun 13 01:11:08 Loaded file C:\PROGRAM FILES\ORCAD\LAYOUT_PLUS\library\SIMM050F.llb
Sat Jun 13 01:11:08 Loaded file C:\PROGRAM FILES\ORCAD\LAYOUT_PLUS\library\SIMM050T.llb
Sat Jun 13 01:11:08 Loaded file C:\PROGRAM FILES\ORCAD\LAYOUT_PLUS\library\SIMM100F.llb
Sat Jun 13 01:11:08 Loaded file C:\PROGRAM FILES\ORCAD\LAYOUT_PLUS\library\SIMM100T.llb
Sat Jun 13 01:11:08 Loaded file C:\PROGRAM FILES\ORCAD\LAYOUT_PLUS\library\SIP.llb
Sat Jun 13 01:11:08 Loaded file C:\PROGRAM FILES\ORCAD\LAYOUT_PLUS\library\SM.llb
Sat Jun 13 01:11:08 Loaded file C:\PROGRAM FILES\ORCAD\LAYOUT_PLUS\library\SOG.llb
Sat Jun 13 01:11:08 Loaded file C:\PROGRAM FILES\ORCAD\LAYOUT_PLUS\library\SOJ.llb
Sat Jun 13 01:11:08 Loaded file C:\PROGRAM FILES\ORCAD\LAYOUT_PLUS\library\STIFF.llb
Sat Jun 13 01:11:08 Loaded file C:\PROGRAM FILES\ORCAD\LAYOUT_PLUS\library\TELE.llb
Sat Jun 13 01:11:08 Loaded file C:\PROGRAM FILES\ORCAD\LAYOUT_PLUS\library\TM_AXIAL.llb
Sat Jun 13 01:11:08 Loaded file C:\PROGRAM FILES\ORCAD\LAYOUT_PLUS\library\TM_CAP_P.llb
Sat Jun 13 01:11:08 Loaded file C:\PROGRAM FILES\ORCAD\LAYOUT_PLUS\library\TM_CYLND.llb
Sat Jun 13 01:11:08 Loaded file C:\PROGRAM FILES\ORCAD\LAYOUT_PLUS\library\TM_DIODE.llb
Sat Jun 13 01:11:08 Loaded file C:\PROGRAM FILES\ORCAD\LAYOUT_PLUS\library\TM_DISC.llb
Sat Jun 13 01:11:08 Loaded file C:\PROGRAM FILES\ORCAD\LAYOUT_PLUS\library\TM_RAD.llb
Sat Jun 13 01:11:08 Loaded file C:\PROGRAM FILES\ORCAD\LAYOUT_PLUS\library\TO.llb
Sat Jun 13 01:11:08 Loaded file C:\PROGRAM FILES\ORCAD\LAYOUT_PLUS\library\TRAINING.LLB
Sat Jun 13 01:11:08 Loaded file C:\PROGRAM FILES\ORCAD\LAYOUT_PLUS\library\VRES.llb
Sat Jun 13 01:11:08 Loaded file C:\PROGRAM FILES\ORCAD\LAYOUT_PLUS\library\WCON100T.llb
Sat Jun 13 01:11:08 Loaded file C:\PROGRAM FILES\ORCAD\LAYOUT_PLUS\library\XT.llb
Sat Jun 13 01:11:08 Loaded file C:\PROGRAM FILES\ORCAD\LAYOUT_PLUS\library\ZIGZAG.llb
Sat Jun 13 01:11:08 Loaded file F:\ELECTRONIC\ORCAD\MAXMAA\MAXMAA.LLB
Sat Jun 13 01:11:08 Loaded file F:\ELECTRONIC\ORCAD\MAXMAA\MAXMAA.LLB
Sat Jun 13 01:11:08 Loaded file F:\ELECTRONIC\ORCAD\MAXMAA\MAXMAA.LLB
Sat Jun 13 01:11:09 Saved as file F:\ELECTRONIC\2015\PROJECTS\40. MOUSE WITH KEYBOARD\SCH\16 OUTPUT DEMULTIPREXUR CARD\16 OUTPUT DEMULTIPLEXUR CARD.MAX
Sat Jun 13 01:11:09 Loaded file F:\ELECTRONIC\2015\PROJECTS\40. MOUSE WITH KEYBOARD\SCH\16 OUTPUT DEMULTIPREXUR CARD\16 OUTPUT DEMULTIPLEXUR CARD.MAX
Sat Jun 13 01:12:02 Saved as file F:\ELECTRONIC\2015\PROJECTS\40. MOUSE WITH KEYBOARD\SCH\16 OUTPUT DEMULTIPREXUR CARD\16 OUTPUT DEMULTIPLEXUR CARD.MAX
Sat Jun 13 01:12:36 Loaded file F:\ELECTRONIC\2015\PROJECTS\40. MOUSE WITH KEYBOARD\SCH\16 OUTPUT DEMULTIPREXUR CARD\16 OUTPUT DEMULTIPLEXUR CARD.MAX
Sat Jun 13 01:12:36 Loaded file F:\ELECTRONIC\ORCAD\MAXMAA\MAXMAA.LLB
Sat Jun 13 01:12:36 Loaded file C:\PROGRAM FILES\ORCAD\LAYOUT_PLUS\LIBRARY\EMPTY.LLB
Sat Jun 13 01:12:36 Loaded file C:\PROGRAM FILES\ORCAD\LAYOUT_PLUS\LIBRARY\EX_GUI.LLB
Sat Jun 13 01:12:36 Loaded file C:\PROGRAM FILES\ORCAD\LAYOUT_PLUS\LIBRARY\IC.LLB
Sat Jun 13 01:12:36 Loaded file C:\PROGRAM FILES\ORCAD\LAYOUT_PLUS\LIBRARY\METRIC.LLB
Sat Jun 13 01:12:36 Loaded file C:\PROGRAM FILES\ORCAD\LAYOUT_PLUS\LIBRARY\PADSTACK.LLB
Sat Jun 13 01:12:36 Loaded file C:\PROGRAM FILES\ORCAD\LAYOUT_PLUS\LIBRARY\USER.LLB
Sat Jun 13 01:12:36 Loaded file C:\PROGRAM FILES\ORCAD\LIBRARY-DRC\LED.LLB
Sat Jun 13 01:12:36 Loaded file C:\PROGRAM FILES\ORCAD\LIBRARY-DRC\SWITCHES.LLB
Sat Jun 13 01:12:36 Loaded file C:\PROGRAM FILES\ORCAD\LIBRARY-DRC\CONNECTOR.LLB
Sat Jun 13 01:12:36 Loaded file C:\PROGRAM FILES\ORCAD\LIBRARY-DRC\CRYSTAL.LLB
Sat Jun 13 01:12:36 Loaded file C:\PROGRAM FILES\ORCAD\LIBRARY-DRC\DIOD.LLB
Sat Jun 13 01:12:36 Loaded file C:\PROGRAM FILES\ORCAD\LIBRARY-DRC\CAPACITOR.LLB
Sat Jun 13 01:12:36 Loaded file C:\PROGRAM FILES\ORCAD\LIBRARY-DRC\RESISTOR.LLB
Sat Jun 13 01:12:36 Loaded file C:\PROGRAM FILES\ORCAD\LIBRARY-DRC\IC.LLB
Sat Jun 13 01:12:36 Loaded file C:\PROGRAM FILES\ORCAD\LIBRARY-DRC\HEADER.LLB
Sat Jun 13 01:12:36 Loaded file C:\PROGRAM FILES\ORCAD\LAYOUT_PLUS\library\BCON100T.llb
Sat Jun 13 01:12:36 Loaded file C:\PROGRAM FILES\ORCAD\LAYOUT_PLUS\library\BCON156T.llb
Sat Jun 13 01:12:36 Loaded file C:\PROGRAM FILES\ORCAD\LAYOUT_PLUS\library\BGA.llb
Sat Jun 13 01:12:36 Loaded file C:\PROGRAM FILES\ORCAD\LAYOUT_PLUS\library\CLCC.llb
Sat Jun 13 01:12:36 Loaded file C:\PROGRAM FILES\ORCAD\LAYOUT_PLUS\library\DCON050T.llb
Sat Jun 13 01:12:36 Loaded file C:\PROGRAM FILES\ORCAD\LAYOUT_PLUS\library\DCON085T.llb
Sat Jun 13 01:12:36 Loaded file C:\PROGRAM FILES\ORCAD\LAYOUT_PLUS\library\DIMM050F.llb
Sat Jun 13 01:12:36 Loaded file C:\PROGRAM FILES\ORCAD\LAYOUT_PLUS\library\DIMM050T.llb
Sat Jun 13 01:12:36 Loaded file C:\PROGRAM FILES\ORCAD\LAYOUT_PLUS\library\DIN.llb
Sat Jun 13 01:12:36 Loaded file C:\PROGRAM FILES\ORCAD\LAYOUT_PLUS\library\DIP100B.llb
Sat Jun 13 01:12:36 Loaded file C:\PROGRAM FILES\ORCAD\LAYOUT_PLUS\library\DIP100T.llb
Sat Jun 13 01:12:36 Loaded file C:\PROGRAM FILES\ORCAD\LAYOUT_PLUS\library\DSUBT.llb
Sat Jun 13 01:12:36 Loaded file C:\PROGRAM FILES\ORCAD\LAYOUT_PLUS\library\DSUBT_HD.LLB
Sat Jun 13 01:12:36 Loaded file C:\PROGRAM FILES\ORCAD\LAYOUT_PLUS\library\ECON100T.llb
Sat Jun 13 01:12:36 Loaded file C:\PROGRAM FILES\ORCAD\LAYOUT_PLUS\library\FBUS.llb
Sat Jun 13 01:12:36 Loaded file C:\PROGRAM FILES\ORCAD\LAYOUT_PLUS\library\ISA.llb
Sat Jun 13 01:12:36 Loaded file C:\PROGRAM FILES\ORCAD\LAYOUT_PLUS\library\JUMPER.LLB
Sat Jun 13 01:12:36 Loaded file C:\PROGRAM FILES\ORCAD\LAYOUT_PLUS\library\LAYOUT.llb
Sat Jun 13 01:12:36 Loaded file C:\PROGRAM FILES\ORCAD\LAYOUT_PLUS\library\LCON100T.llb
Sat Jun 13 01:12:36 Loaded file C:\PROGRAM FILES\ORCAD\LAYOUT_PLUS\library\PC104.llb
Sat Jun 13 01:12:36 Loaded file C:\PROGRAM FILES\ORCAD\LAYOUT_PLUS\library\PCI.llb
Sat Jun 13 01:12:36 Loaded file C:\PROGRAM FILES\ORCAD\LAYOUT_PLUS\library\PCON100T.llb
Sat Jun 13 01:12:36 Loaded file C:\PROGRAM FILES\ORCAD\LAYOUT_PLUS\library\PCON156T.llb
Sat Jun 13 01:12:36 Loaded file C:\PROGRAM FILES\ORCAD\LAYOUT_PLUS\library\PGA.llb
Sat Jun 13 01:12:36 Loaded file C:\PROGRAM FILES\ORCAD\LAYOUT_PLUS\library\PLCC.llb
Sat Jun 13 01:12:36 Loaded file C:\PROGRAM FILES\ORCAD\LAYOUT_PLUS\library\QUAD.llb
Sat Jun 13 01:12:36 Loaded file C:\PROGRAM FILES\ORCAD\LAYOUT_PLUS\library\QUADB.llb
Sat Jun 13 01:12:36 Loaded file C:\PROGRAM FILES\ORCAD\LAYOUT_PLUS\library\RELAY.llb
Sat Jun 13 01:12:36 Loaded file C:\PROGRAM FILES\ORCAD\LAYOUT_PLUS\library\RF.llb
Sat Jun 13 01:12:36 Loaded file C:\PROGRAM FILES\ORCAD\LAYOUT_PLUS\library\SBUS.llb
Sat Jun 13 01:12:36 Loaded file C:\PROGRAM FILES\ORCAD\LAYOUT_PLUS\library\SIMM050F.llb
Sat Jun 13 01:12:36 Loaded file C:\PROGRAM FILES\ORCAD\LAYOUT_PLUS\library\SIMM050T.llb
Sat Jun 13 01:12:36 Loaded file C:\PROGRAM FILES\ORCAD\LAYOUT_PLUS\library\SIMM100F.llb
Sat Jun 13 01:12:36 Loaded file C:\PROGRAM FILES\ORCAD\LAYOUT_PLUS\library\SIMM100T.llb
Sat Jun 13 01:12:36 Loaded file C:\PROGRAM FILES\ORCAD\LAYOUT_PLUS\library\SIP.llb
Sat Jun 13 01:12:36 Loaded file C:\PROGRAM FILES\ORCAD\LAYOUT_PLUS\library\SM.llb
Sat Jun 13 01:12:36 Loaded file C:\PROGRAM FILES\ORCAD\LAYOUT_PLUS\library\SOG.llb
Sat Jun 13 01:12:36 Loaded file C:\PROGRAM FILES\ORCAD\LAYOUT_PLUS\library\SOJ.llb
Sat Jun 13 01:12:36 Loaded file C:\PROGRAM FILES\ORCAD\LAYOUT_PLUS\library\STIFF.llb
Sat Jun 13 01:12:36 Loaded file C:\PROGRAM FILES\ORCAD\LAYOUT_PLUS\library\TELE.llb
Sat Jun 13 01:12:36 Loaded file C:\PROGRAM FILES\ORCAD\LAYOUT_PLUS\library\TM_AXIAL.llb
Sat Jun 13 01:12:36 Loaded file C:\PROGRAM FILES\ORCAD\LAYOUT_PLUS\library\TM_CAP_P.llb
Sat Jun 13 01:12:36 Loaded file C:\PROGRAM FILES\ORCAD\LAYOUT_PLUS\library\TM_CYLND.llb
Sat Jun 13 01:12:36 Loaded file C:\PROGRAM FILES\ORCAD\LAYOUT_PLUS\library\TM_DIODE.llb
Sat Jun 13 01:12:36 Loaded file C:\PROGRAM FILES\ORCAD\LAYOUT_PLUS\library\TM_DISC.llb
Sat Jun 13 01:12:37 Loaded file C:\PROGRAM FILES\ORCAD\LAYOUT_PLUS\library\TM_RAD.llb
Sat Jun 13 01:12:37 Loaded file C:\PROGRAM FILES\ORCAD\LAYOUT_PLUS\library\TO.llb
Sat Jun 13 01:12:37 Loaded file C:\PROGRAM FILES\ORCAD\LAYOUT_PLUS\library\TRAINING.LLB
Sat Jun 13 01:12:37 Loaded file C:\PROGRAM FILES\ORCAD\LAYOUT_PLUS\library\VRES.llb
Sat Jun 13 01:12:37 Loaded file C:\PROGRAM FILES\ORCAD\LAYOUT_PLUS\library\WCON100T.llb
Sat Jun 13 01:12:37 Loaded file C:\PROGRAM FILES\ORCAD\LAYOUT_PLUS\library\XT.llb
Sat Jun 13 01:12:37 Loaded file C:\PROGRAM FILES\ORCAD\LAYOUT_PLUS\library\ZIGZAG.llb
Sat Jun 13 01:12:46 Saved as file F:\ELECTRONIC\2015\PROJECTS\40. MOUSE WITH KEYBOARD\SCH\16 OUTPUT DEMULTIPREXUR CARD\16 OUTPUT DEMULTIPLEXUR CARD.MAX
Sat Jun 13 01:12:46 Loaded file F:\ELECTRONIC\2015\PROJECTS\40. MOUSE WITH KEYBOARD\SCH\16 OUTPUT DEMULTIPREXUR CARD\16 OUTPUT DEMULTIPLEXUR CARD.MAX
Sat Jun 13 01:21:45 Saved as file BACKUP1.MAX
Sat Jun 13 01:27:02 Saved as file BACKUP1.MAX
Sat Jun 13 01:27:04 Saved as file BACKUP1.MAX
Sat Jun 13 01:32:15 Saved as file BACKUP1.MAX
Sat Jun 13 01:35:35 Loaded file F:\ELECTRONIC\2015\PROJECTS\40. MOUSE WITH KEYBOARD\SCH\16 OUTPUT DEMULTIPREXUR CARD\16 OUTPUT DEMULTIPLEXUR CARD.MAX
Sat Jun 13 01:35:35 Loaded file F:\ELECTRONIC\ORCAD\MAXMAA\MAXMAA.LLB
Sat Jun 13 01:35:35 Loaded file C:\PROGRAM FILES\ORCAD\LAYOUT_PLUS\LIBRARY\EMPTY.LLB
Sat Jun 13 01:35:35 Loaded file C:\PROGRAM FILES\ORCAD\LAYOUT_PLUS\LIBRARY\EX_GUI.LLB
Sat Jun 13 01:35:35 Loaded file C:\PROGRAM FILES\ORCAD\LAYOUT_PLUS\LIBRARY\IC.LLB
Sat Jun 13 01:35:35 Loaded file C:\PROGRAM FILES\ORCAD\LAYOUT_PLUS\LIBRARY\METRIC.LLB
Sat Jun 13 01:35:35 Loaded file C:\PROGRAM FILES\ORCAD\LAYOUT_PLUS\LIBRARY\PADSTACK.LLB
Sat Jun 13 01:35:35 Loaded file C:\PROGRAM FILES\ORCAD\LAYOUT_PLUS\LIBRARY\USER.LLB
Sat Jun 13 01:35:35 Loaded file C:\PROGRAM FILES\ORCAD\LIBRARY-DRC\LED.LLB
Sat Jun 13 01:35:35 Loaded file C:\PROGRAM FILES\ORCAD\LIBRARY-DRC\SWITCHES.LLB
Sat Jun 13 01:35:35 Loaded file C:\PROGRAM FILES\ORCAD\LIBRARY-DRC\CONNECTOR.LLB
Sat Jun 13 01:35:35 Loaded file C:\PROGRAM FILES\ORCAD\LIBRARY-DRC\CRYSTAL.LLB
Sat Jun 13 01:35:35 Loaded file C:\PROGRAM FILES\ORCAD\LIBRARY-DRC\DIOD.LLB
Sat Jun 13 01:35:35 Loaded file C:\PROGRAM FILES\ORCAD\LIBRARY-DRC\CAPACITOR.LLB
Sat Jun 13 01:35:35 Loaded file C:\PROGRAM FILES\ORCAD\LIBRARY-DRC\RESISTOR.LLB
Sat Jun 13 01:35:35 Loaded file C:\PROGRAM FILES\ORCAD\LIBRARY-DRC\IC.LLB
Sat Jun 13 01:35:35 Loaded file C:\PROGRAM FILES\ORCAD\LIBRARY-DRC\HEADER.LLB
Sat Jun 13 01:35:35 Loaded file C:\PROGRAM FILES\ORCAD\LAYOUT_PLUS\library\BCON100T.llb
Sat Jun 13 01:35:35 Loaded file C:\PROGRAM FILES\ORCAD\LAYOUT_PLUS\library\BCON156T.llb
Sat Jun 13 01:35:35 Loaded file C:\PROGRAM FILES\ORCAD\LAYOUT_PLUS\library\BGA.llb
Sat Jun 13 01:35:35 Loaded file C:\PROGRAM FILES\ORCAD\LAYOUT_PLUS\library\CLCC.llb
Sat Jun 13 01:35:35 Loaded file C:\PROGRAM FILES\ORCAD\LAYOUT_PLUS\library\DCON050T.llb
Sat Jun 13 01:35:35 Loaded file C:\PROGRAM FILES\ORCAD\LAYOUT_PLUS\library\DCON085T.llb
Sat Jun 13 01:35:35 Loaded file C:\PROGRAM FILES\ORCAD\LAYOUT_PLUS\library\DIMM050F.llb
Sat Jun 13 01:35:35 Loaded file C:\PROGRAM FILES\ORCAD\LAYOUT_PLUS\library\DIMM050T.llb
Sat Jun 13 01:35:35 Loaded file C:\PROGRAM FILES\ORCAD\LAYOUT_PLUS\library\DIN.llb
Sat Jun 13 01:35:35 Loaded file C:\PROGRAM FILES\ORCAD\LAYOUT_PLUS\library\DIP100B.llb
Sat Jun 13 01:35:35 Loaded file C:\PROGRAM FILES\ORCAD\LAYOUT_PLUS\library\DIP100T.llb
Sat Jun 13 01:35:35 Loaded file C:\PROGRAM FILES\ORCAD\LAYOUT_PLUS\library\DSUBT.llb
Sat Jun 13 01:35:35 Loaded file C:\PROGRAM FILES\ORCAD\LAYOUT_PLUS\library\DSUBT_HD.LLB
Sat Jun 13 01:35:35 Loaded file C:\PROGRAM FILES\ORCAD\LAYOUT_PLUS\library\ECON100T.llb
Sat Jun 13 01:35:35 Loaded file C:\PROGRAM FILES\ORCAD\LAYOUT_PLUS\library\FBUS.llb
Sat Jun 13 01:35:35 Loaded file C:\PROGRAM FILES\ORCAD\LAYOUT_PLUS\library\ISA.llb
Sat Jun 13 01:35:35 Loaded file C:\PROGRAM FILES\ORCAD\LAYOUT_PLUS\library\JUMPER.LLB
Sat Jun 13 01:35:35 Loaded file C:\PROGRAM FILES\ORCAD\LAYOUT_PLUS\library\LAYOUT.llb
Sat Jun 13 01:35:35 Loaded file C:\PROGRAM FILES\ORCAD\LAYOUT_PLUS\library\LCON100T.llb
Sat Jun 13 01:35:35 Loaded file C:\PROGRAM FILES\ORCAD\LAYOUT_PLUS\library\PC104.llb
Sat Jun 13 01:35:35 Loaded file C:\PROGRAM FILES\ORCAD\LAYOUT_PLUS\library\PCI.llb
Sat Jun 13 01:35:35 Loaded file C:\PROGRAM FILES\ORCAD\LAYOUT_PLUS\library\PCON100T.llb
Sat Jun 13 01:35:35 Loaded file C:\PROGRAM FILES\ORCAD\LAYOUT_PLUS\library\PCON156T.llb
Sat Jun 13 01:35:35 Loaded file C:\PROGRAM FILES\ORCAD\LAYOUT_PLUS\library\PGA.llb
Sat Jun 13 01:35:35 Loaded file C:\PROGRAM FILES\ORCAD\LAYOUT_PLUS\library\PLCC.llb
Sat Jun 13 01:35:35 Loaded file C:\PROGRAM FILES\ORCAD\LAYOUT_PLUS\library\QUAD.llb
Sat Jun 13 01:35:35 Loaded file C:\PROGRAM FILES\ORCAD\LAYOUT_PLUS\library\QUADB.llb
Sat Jun 13 01:35:35 Loaded file C:\PROGRAM FILES\ORCAD\LAYOUT_PLUS\library\RELAY.llb
Sat Jun 13 01:35:35 Loaded file C:\PROGRAM FILES\ORCAD\LAYOUT_PLUS\library\RF.llb
Sat Jun 13 01:35:35 Loaded file C:\PROGRAM FILES\ORCAD\LAYOUT_PLUS\library\SBUS.llb
Sat Jun 13 01:35:35 Loaded file C:\PROGRAM FILES\ORCAD\LAYOUT_PLUS\library\SIMM050F.llb
Sat Jun 13 01:35:35 Loaded file C:\PROGRAM FILES\ORCAD\LAYOUT_PLUS\library\SIMM050T.llb
Sat Jun 13 01:35:35 Loaded file C:\PROGRAM FILES\ORCAD\LAYOUT_PLUS\library\SIMM100F.llb
Sat Jun 13 01:35:35 Loaded file C:\PROGRAM FILES\ORCAD\LAYOUT_PLUS\library\SIMM100T.llb
Sat Jun 13 01:35:35 Loaded file C:\PROGRAM FILES\ORCAD\LAYOUT_PLUS\library\SIP.llb
Sat Jun 13 01:35:35 Loaded file C:\PROGRAM FILES\ORCAD\LAYOUT_PLUS\library\SM.llb
Sat Jun 13 01:35:35 Loaded file C:\PROGRAM FILES\ORCAD\LAYOUT_PLUS\library\SOG.llb
Sat Jun 13 01:35:35 Loaded file C:\PROGRAM FILES\ORCAD\LAYOUT_PLUS\library\SOJ.llb
Sat Jun 13 01:35:35 Loaded file C:\PROGRAM FILES\ORCAD\LAYOUT_PLUS\library\STIFF.llb
Sat Jun 13 01:35:35 Loaded file C:\PROGRAM FILES\ORCAD\LAYOUT_PLUS\library\TELE.llb
Sat Jun 13 01:35:35 Loaded file C:\PROGRAM FILES\ORCAD\LAYOUT_PLUS\library\TM_AXIAL.llb
Sat Jun 13 01:35:35 Loaded file C:\PROGRAM FILES\ORCAD\LAYOUT_PLUS\library\TM_CAP_P.llb
Sat Jun 13 01:35:35 Loaded file C:\PROGRAM FILES\ORCAD\LAYOUT_PLUS\library\TM_CYLND.llb
Sat Jun 13 01:35:35 Loaded file C:\PROGRAM FILES\ORCAD\LAYOUT_PLUS\library\TM_DIODE.llb
Sat Jun 13 01:35:35 Loaded file C:\PROGRAM FILES\ORCAD\LAYOUT_PLUS\library\TM_DISC.llb
Sat Jun 13 01:35:35 Loaded file C:\PROGRAM FILES\ORCAD\LAYOUT_PLUS\library\TM_RAD.llb
Sat Jun 13 01:35:35 Loaded file C:\PROGRAM FILES\ORCAD\LAYOUT_PLUS\library\TO.llb
Sat Jun 13 01:35:35 Loaded file C:\PROGRAM FILES\ORCAD\LAYOUT_PLUS\library\TRAINING.LLB
Sat Jun 13 01:35:35 Loaded file C:\PROGRAM FILES\ORCAD\LAYOUT_PLUS\library\VRES.llb
Sat Jun 13 01:35:35 Loaded file C:\PROGRAM FILES\ORCAD\LAYOUT_PLUS\library\WCON100T.llb
Sat Jun 13 01:35:35 Loaded file C:\PROGRAM FILES\ORCAD\LAYOUT_PLUS\library\XT.llb
Sat Jun 13 01:35:35 Loaded file C:\PROGRAM FILES\ORCAD\LAYOUT_PLUS\library\ZIGZAG.llb
Sat Jun 13 01:35:43 Saved as file F:\ELECTRONIC\2015\PROJECTS\40. MOUSE WITH KEYBOARD\SCH\16 OUTPUT DEMULTIPREXUR CARD\16 OUTPUT DEMULTIPLEXUR CARD.MAX
Sat Jun 13 01:35:52 Saved as file F:\ELECTRONIC\2015\PROJECTS\40. MOUSE WITH KEYBOARD\SCH\16 OUTPUT DEMULTIPREXUR CARD\16 OUTPUT DEMULTIPLEXUR CARD.MAX
Sat Jun 13 01:35:52 Loaded file F:\ELECTRONIC\2015\PROJECTS\40. MOUSE WITH KEYBOARD\SCH\16 OUTPUT DEMULTIPREXUR CARD\16 OUTPUT DEMULTIPLEXUR CARD.MAX
Sat Jun 13 01:35:54 Saved as file BACKUP1.MAX
Sat Jun 13 01:35:54 Saved as file F:\ELECTRONIC\2015\PROJECTS\40. MOUSE WITH KEYBOARD\SCH\16 OUTPUT DEMULTIPREXUR CARD\16 OUTPUT DEMULTIPLEXUR CARD.MAX
Sat Jun 13 01:35:54 UserDiv from Layout.INI for AutoECO: 60
Sat Jun 13 01:35:54 Loaded file F:\ELECTRONIC\2015\PROJECTS\40. MOUSE WITH KEYBOARD\SCH\16 OUTPUT DEMULTIPREXUR CARD\16 OUTPUT DEMULTIPLEXUR CARD.MAX
Sat Jun 13 01:35:54 Loaded file F:\ELECTRONIC\ORCAD\MAXMAA\MAXMAA.LLB
Sat Jun 13 01:35:54 Loaded file C:\PROGRAM FILES\ORCAD\LAYOUT_PLUS\LIBRARY\EMPTY.LLB
Sat Jun 13 01:35:54 Loaded file C:\PROGRAM FILES\ORCAD\LAYOUT_PLUS\LIBRARY\EX_GUI.LLB
Sat Jun 13 01:35:54 Loaded file C:\PROGRAM FILES\ORCAD\LAYOUT_PLUS\LIBRARY\IC.LLB
Sat Jun 13 01:35:54 Loaded file C:\PROGRAM FILES\ORCAD\LAYOUT_PLUS\LIBRARY\METRIC.LLB
Sat Jun 13 01:35:54 Loaded file C:\PROGRAM FILES\ORCAD\LAYOUT_PLUS\LIBRARY\PADSTACK.LLB
Sat Jun 13 01:35:54 Loaded file C:\PROGRAM FILES\ORCAD\LAYOUT_PLUS\LIBRARY\USER.LLB
Sat Jun 13 01:35:54 Loaded file C:\PROGRAM FILES\ORCAD\LIBRARY-DRC\LED.LLB
Sat Jun 13 01:35:54 Loaded file C:\PROGRAM FILES\ORCAD\LIBRARY-DRC\SWITCHES.LLB
Sat Jun 13 01:35:54 Loaded file C:\PROGRAM FILES\ORCAD\LIBRARY-DRC\CONNECTOR.LLB
Sat Jun 13 01:35:54 Loaded file C:\PROGRAM FILES\ORCAD\LIBRARY-DRC\CRYSTAL.LLB
Sat Jun 13 01:35:54 Loaded file C:\PROGRAM FILES\ORCAD\LIBRARY-DRC\DIOD.LLB
Sat Jun 13 01:35:54 Loaded file C:\PROGRAM FILES\ORCAD\LIBRARY-DRC\CAPACITOR.LLB
Sat Jun 13 01:35:54 Loaded file C:\PROGRAM FILES\ORCAD\LIBRARY-DRC\RESISTOR.LLB
Sat Jun 13 01:35:54 Loaded file C:\PROGRAM FILES\ORCAD\LIBRARY-DRC\IC.LLB
Sat Jun 13 01:35:54 Loaded file C:\PROGRAM FILES\ORCAD\LIBRARY-DRC\HEADER.LLB
Sat Jun 13 01:35:54 Loaded file C:\PROGRAM FILES\ORCAD\LAYOUT_PLUS\library\BCON100T.llb
Sat Jun 13 01:35:54 Loaded file C:\PROGRAM FILES\ORCAD\LAYOUT_PLUS\library\BCON156T.llb
Sat Jun 13 01:35:54 Loaded file C:\PROGRAM FILES\ORCAD\LAYOUT_PLUS\library\BGA.llb
Sat Jun 13 01:35:54 Loaded file C:\PROGRAM FILES\ORCAD\LAYOUT_PLUS\library\CLCC.llb
Sat Jun 13 01:35:54 Loaded file C:\PROGRAM FILES\ORCAD\LAYOUT_PLUS\library\DCON050T.llb
Sat Jun 13 01:35:54 Loaded file C:\PROGRAM FILES\ORCAD\LAYOUT_PLUS\library\DCON085T.llb
Sat Jun 13 01:35:54 Loaded file C:\PROGRAM FILES\ORCAD\LAYOUT_PLUS\library\DIMM050F.llb
Sat Jun 13 01:35:54 Loaded file C:\PROGRAM FILES\ORCAD\LAYOUT_PLUS\library\DIMM050T.llb
Sat Jun 13 01:35:54 Loaded file C:\PROGRAM FILES\ORCAD\LAYOUT_PLUS\library\DIN.llb
Sat Jun 13 01:35:54 Loaded file C:\PROGRAM FILES\ORCAD\LAYOUT_PLUS\library\DIP100B.llb
Sat Jun 13 01:35:54 Loaded file C:\PROGRAM FILES\ORCAD\LAYOUT_PLUS\library\DIP100T.llb
Sat Jun 13 01:35:54 Loaded file C:\PROGRAM FILES\ORCAD\LAYOUT_PLUS\library\DSUBT.llb
Sat Jun 13 01:35:54 Loaded file C:\PROGRAM FILES\ORCAD\LAYOUT_PLUS\library\DSUBT_HD.LLB
Sat Jun 13 01:35:54 Loaded file C:\PROGRAM FILES\ORCAD\LAYOUT_PLUS\library\ECON100T.llb
Sat Jun 13 01:35:54 Loaded file C:\PROGRAM FILES\ORCAD\LAYOUT_PLUS\library\FBUS.llb
Sat Jun 13 01:35:54 Loaded file C:\PROGRAM FILES\ORCAD\LAYOUT_PLUS\library\ISA.llb
Sat Jun 13 01:35:54 Loaded file C:\PROGRAM FILES\ORCAD\LAYOUT_PLUS\library\JUMPER.LLB
Sat Jun 13 01:35:54 Loaded file C:\PROGRAM FILES\ORCAD\LAYOUT_PLUS\library\LAYOUT.llb
Sat Jun 13 01:35:54 Loaded file C:\PROGRAM FILES\ORCAD\LAYOUT_PLUS\library\LCON100T.llb
Sat Jun 13 01:35:54 Loaded file C:\PROGRAM FILES\ORCAD\LAYOUT_PLUS\library\PC104.llb
Sat Jun 13 01:35:54 Loaded file C:\PROGRAM FILES\ORCAD\LAYOUT_PLUS\library\PCI.llb
Sat Jun 13 01:35:54 Loaded file C:\PROGRAM FILES\ORCAD\LAYOUT_PLUS\library\PCON100T.llb
Sat Jun 13 01:35:54 Loaded file C:\PROGRAM FILES\ORCAD\LAYOUT_PLUS\library\PCON156T.llb
Sat Jun 13 01:35:54 Loaded file C:\PROGRAM FILES\ORCAD\LAYOUT_PLUS\library\PGA.llb
Sat Jun 13 01:35:54 Loaded file C:\PROGRAM FILES\ORCAD\LAYOUT_PLUS\library\PLCC.llb
Sat Jun 13 01:35:54 Loaded file C:\PROGRAM FILES\ORCAD\LAYOUT_PLUS\library\QUAD.llb
Sat Jun 13 01:35:54 Loaded file C:\PROGRAM FILES\ORCAD\LAYOUT_PLUS\library\QUADB.llb
Sat Jun 13 01:35:54 Loaded file C:\PROGRAM FILES\ORCAD\LAYOUT_PLUS\library\RELAY.llb
Sat Jun 13 01:35:54 Loaded file C:\PROGRAM FILES\ORCAD\LAYOUT_PLUS\library\RF.llb
Sat Jun 13 01:35:54 Loaded file C:\PROGRAM FILES\ORCAD\LAYOUT_PLUS\library\SBUS.llb
Sat Jun 13 01:35:54 Loaded file C:\PROGRAM FILES\ORCAD\LAYOUT_PLUS\library\SIMM050F.llb
Sat Jun 13 01:35:54 Loaded file C:\PROGRAM FILES\ORCAD\LAYOUT_PLUS\library\SIMM050T.llb
Sat Jun 13 01:35:54 Loaded file C:\PROGRAM FILES\ORCAD\LAYOUT_PLUS\library\SIMM100F.llb
Sat Jun 13 01:35:54 Loaded file C:\PROGRAM FILES\ORCAD\LAYOUT_PLUS\library\SIMM100T.llb
Sat Jun 13 01:35:54 Loaded file C:\PROGRAM FILES\ORCAD\LAYOUT_PLUS\library\SIP.llb
Sat Jun 13 01:35:54 Loaded file C:\PROGRAM FILES\ORCAD\LAYOUT_PLUS\library\SM.llb
Sat Jun 13 01:35:54 Loaded file C:\PROGRAM FILES\ORCAD\LAYOUT_PLUS\library\SOG.llb
Sat Jun 13 01:35:54 Loaded file C:\PROGRAM FILES\ORCAD\LAYOUT_PLUS\library\SOJ.llb
Sat Jun 13 01:35:54 Loaded file C:\PROGRAM FILES\ORCAD\LAYOUT_PLUS\library\STIFF.llb
Sat Jun 13 01:35:54 Loaded file C:\PROGRAM FILES\ORCAD\LAYOUT_PLUS\library\TELE.llb
Sat Jun 13 01:35:54 Loaded file C:\PROGRAM FILES\ORCAD\LAYOUT_PLUS\library\TM_AXIAL.llb
Sat Jun 13 01:35:54 Loaded file C:\PROGRAM FILES\ORCAD\LAYOUT_PLUS\library\TM_CAP_P.llb
Sat Jun 13 01:35:54 Loaded file C:\PROGRAM FILES\ORCAD\LAYOUT_PLUS\library\TM_CYLND.llb
Sat Jun 13 01:35:54 Loaded file C:\PROGRAM FILES\ORCAD\LAYOUT_PLUS\library\TM_DIODE.llb
Sat Jun 13 01:35:54 Loaded file C:\PROGRAM FILES\ORCAD\LAYOUT_PLUS\library\TM_DISC.llb
Sat Jun 13 01:35:54 Loaded file C:\PROGRAM FILES\ORCAD\LAYOUT_PLUS\library\TM_RAD.llb
Sat Jun 13 01:35:54 Loaded file C:\PROGRAM FILES\ORCAD\LAYOUT_PLUS\library\TO.llb
Sat Jun 13 01:35:54 Loaded file C:\PROGRAM FILES\ORCAD\LAYOUT_PLUS\library\TRAINING.LLB
Sat Jun 13 01:35:54 Loaded file C:\PROGRAM FILES\ORCAD\LAYOUT_PLUS\library\VRES.llb
Sat Jun 13 01:35:54 Loaded file C:\PROGRAM FILES\ORCAD\LAYOUT_PLUS\library\WCON100T.llb
Sat Jun 13 01:35:54 Loaded file C:\PROGRAM FILES\ORCAD\LAYOUT_PLUS\library\XT.llb
Sat Jun 13 01:35:54 Loaded file C:\PROGRAM FILES\ORCAD\LAYOUT_PLUS\library\ZIGZAG.llb
Sat Jun 13 01:35:54 Saved as file F:\ELECTRONIC\2015\PROJECTS\40. MOUSE WITH KEYBOARD\SCH\16 OUTPUT DEMULTIPREXUR CARD\16 OUTPUT DEMULTIPLEXUR CARD.MAX
Sat Jun 13 01:35:54 Loaded file F:\ELECTRONIC\2015\PROJECTS\40. MOUSE WITH KEYBOARD\SCH\16 OUTPUT DEMULTIPREXUR CARD\16 OUTPUT DEMULTIPLEXUR CARD.MAX
Sat Jun 13 01:42:45 Saved as file BACKUP1.MAX
Sat Jun 13 01:53:15 Saved as file BACKUP1.MAX
Sat Jun 13 10:19:29 Saved as file BACKUP1.MAX
Sat Jun 13 10:29:54 Saved as file BACKUP1.MAX
Sat Jun 13 10:40:24 Saved as file BACKUP1.MAX
Sat Jun 13 10:50:54 Saved as file BACKUP1.MAX
Sat Jun 13 11:01:24 Saved as file BACKUP1.MAX
Sat Jun 13 11:09:14 Loaded file F:\ELECTRONIC\2015\PROJECTS\40. MOUSE WITH KEYBOARD\SCH\16 OUTPUT DEMULTIPREXUR CARD\16 OUTPUT DEMULTIPLEXUR CARD.MAX
Sat Jun 13 11:09:14 Loaded file F:\ELECTRONIC\ORCAD\MAXMAA\MAXMAA.LLB
Sat Jun 13 11:09:14 Loaded file C:\PROGRAM FILES\ORCAD\LAYOUT_PLUS\LIBRARY\EMPTY.LLB
Sat Jun 13 11:09:14 Loaded file C:\PROGRAM FILES\ORCAD\LAYOUT_PLUS\LIBRARY\EX_GUI.LLB
Sat Jun 13 11:09:14 Loaded file C:\PROGRAM FILES\ORCAD\LAYOUT_PLUS\LIBRARY\IC.LLB
Sat Jun 13 11:09:14 Loaded file C:\PROGRAM FILES\ORCAD\LAYOUT_PLUS\LIBRARY\METRIC.LLB
Sat Jun 13 11:09:14 Loaded file C:\PROGRAM FILES\ORCAD\LAYOUT_PLUS\LIBRARY\PADSTACK.LLB
Sat Jun 13 11:09:14 Loaded file C:\PROGRAM FILES\ORCAD\LAYOUT_PLUS\LIBRARY\USER.LLB
Sat Jun 13 11:09:14 Loaded file C:\PROGRAM FILES\ORCAD\LIBRARY-DRC\LED.LLB
Sat Jun 13 11:09:14 Loaded file C:\PROGRAM FILES\ORCAD\LIBRARY-DRC\SWITCHES.LLB
Sat Jun 13 11:09:14 Loaded file C:\PROGRAM FILES\ORCAD\LIBRARY-DRC\CONNECTOR.LLB
Sat Jun 13 11:09:14 Loaded file C:\PROGRAM FILES\ORCAD\LIBRARY-DRC\CRYSTAL.LLB
Sat Jun 13 11:09:14 Loaded file C:\PROGRAM FILES\ORCAD\LIBRARY-DRC\DIOD.LLB
Sat Jun 13 11:09:14 Loaded file C:\PROGRAM FILES\ORCAD\LIBRARY-DRC\CAPACITOR.LLB
Sat Jun 13 11:09:14 Loaded file C:\PROGRAM FILES\ORCAD\LIBRARY-DRC\RESISTOR.LLB
Sat Jun 13 11:09:14 Loaded file C:\PROGRAM FILES\ORCAD\LIBRARY-DRC\IC.LLB
Sat Jun 13 11:09:14 Loaded file C:\PROGRAM FILES\ORCAD\LIBRARY-DRC\HEADER.LLB
Sat Jun 13 11:09:14 Loaded file C:\PROGRAM FILES\ORCAD\LAYOUT_PLUS\library\BCON100T.llb
Sat Jun 13 11:09:14 Loaded file C:\PROGRAM FILES\ORCAD\LAYOUT_PLUS\library\BCON156T.llb
Sat Jun 13 11:09:14 Loaded file C:\PROGRAM FILES\ORCAD\LAYOUT_PLUS\library\BGA.llb
Sat Jun 13 11:09:14 Loaded file C:\PROGRAM FILES\ORCAD\LAYOUT_PLUS\library\CLCC.llb
Sat Jun 13 11:09:14 Loaded file C:\PROGRAM FILES\ORCAD\LAYOUT_PLUS\library\DCON050T.llb
Sat Jun 13 11:09:14 Loaded file C:\PROGRAM FILES\ORCAD\LAYOUT_PLUS\library\DCON085T.llb
Sat Jun 13 11:09:14 Loaded file C:\PROGRAM FILES\ORCAD\LAYOUT_PLUS\library\DIMM050F.llb
Sat Jun 13 11:09:14 Loaded file C:\PROGRAM FILES\ORCAD\LAYOUT_PLUS\library\DIMM050T.llb
Sat Jun 13 11:09:14 Loaded file C:\PROGRAM FILES\ORCAD\LAYOUT_PLUS\library\DIN.llb
Sat Jun 13 11:09:14 Loaded file C:\PROGRAM FILES\ORCAD\LAYOUT_PLUS\library\DIP100B.llb
Sat Jun 13 11:09:14 Loaded file C:\PROGRAM FILES\ORCAD\LAYOUT_PLUS\library\DIP100T.llb
Sat Jun 13 11:09:14 Loaded file C:\PROGRAM FILES\ORCAD\LAYOUT_PLUS\library\DSUBT.llb
Sat Jun 13 11:09:14 Loaded file C:\PROGRAM FILES\ORCAD\LAYOUT_PLUS\library\DSUBT_HD.LLB
Sat Jun 13 11:09:14 Loaded file C:\PROGRAM FILES\ORCAD\LAYOUT_PLUS\library\ECON100T.llb
Sat Jun 13 11:09:14 Loaded file C:\PROGRAM FILES\ORCAD\LAYOUT_PLUS\library\FBUS.llb
Sat Jun 13 11:09:14 Loaded file C:\PROGRAM FILES\ORCAD\LAYOUT_PLUS\library\ISA.llb
Sat Jun 13 11:09:14 Loaded file C:\PROGRAM FILES\ORCAD\LAYOUT_PLUS\library\JUMPER.LLB
Sat Jun 13 11:09:14 Loaded file C:\PROGRAM FILES\ORCAD\LAYOUT_PLUS\library\LAYOUT.llb
Sat Jun 13 11:09:14 Loaded file C:\PROGRAM FILES\ORCAD\LAYOUT_PLUS\library\LCON100T.llb
Sat Jun 13 11:09:14 Loaded file C:\PROGRAM FILES\ORCAD\LAYOUT_PLUS\library\PC104.llb
Sat Jun 13 11:09:14 Loaded file C:\PROGRAM FILES\ORCAD\LAYOUT_PLUS\library\PCI.llb
Sat Jun 13 11:09:14 Loaded file C:\PROGRAM FILES\ORCAD\LAYOUT_PLUS\library\PCON100T.llb
Sat Jun 13 11:09:14 Loaded file C:\PROGRAM FILES\ORCAD\LAYOUT_PLUS\library\PCON156T.llb
Sat Jun 13 11:09:14 Loaded file C:\PROGRAM FILES\ORCAD\LAYOUT_PLUS\library\PGA.llb
Sat Jun 13 11:09:14 Loaded file C:\PROGRAM FILES\ORCAD\LAYOUT_PLUS\library\PLCC.llb
Sat Jun 13 11:09:14 Loaded file C:\PROGRAM FILES\ORCAD\LAYOUT_PLUS\library\QUAD.llb
Sat Jun 13 11:09:14 Loaded file C:\PROGRAM FILES\ORCAD\LAYOUT_PLUS\library\QUADB.llb
Sat Jun 13 11:09:14 Loaded file C:\PROGRAM FILES\ORCAD\LAYOUT_PLUS\library\RELAY.llb
Sat Jun 13 11:09:14 Loaded file C:\PROGRAM FILES\ORCAD\LAYOUT_PLUS\library\RF.llb
Sat Jun 13 11:09:14 Loaded file C:\PROGRAM FILES\ORCAD\LAYOUT_PLUS\library\SBUS.llb
Sat Jun 13 11:09:14 Loaded file C:\PROGRAM FILES\ORCAD\LAYOUT_PLUS\library\SIMM050F.llb
Sat Jun 13 11:09:14 Loaded file C:\PROGRAM FILES\ORCAD\LAYOUT_PLUS\library\SIMM050T.llb
Sat Jun 13 11:09:14 Loaded file C:\PROGRAM FILES\ORCAD\LAYOUT_PLUS\library\SIMM100F.llb
Sat Jun 13 11:09:14 Loaded file C:\PROGRAM FILES\ORCAD\LAYOUT_PLUS\library\SIMM100T.llb
Sat Jun 13 11:09:14 Loaded file C:\PROGRAM FILES\ORCAD\LAYOUT_PLUS\library\SIP.llb
Sat Jun 13 11:09:14 Loaded file C:\PROGRAM FILES\ORCAD\LAYOUT_PLUS\library\SM.llb
Sat Jun 13 11:09:14 Loaded file C:\PROGRAM FILES\ORCAD\LAYOUT_PLUS\library\SOG.llb
Sat Jun 13 11:09:14 Loaded file C:\PROGRAM FILES\ORCAD\LAYOUT_PLUS\library\SOJ.llb
Sat Jun 13 11:09:14 Loaded file C:\PROGRAM FILES\ORCAD\LAYOUT_PLUS\library\STIFF.llb
Sat Jun 13 11:09:14 Loaded file C:\PROGRAM FILES\ORCAD\LAYOUT_PLUS\library\TELE.llb
Sat Jun 13 11:09:14 Loaded file C:\PROGRAM FILES\ORCAD\LAYOUT_PLUS\library\TM_AXIAL.llb
Sat Jun 13 11:09:14 Loaded file C:\PROGRAM FILES\ORCAD\LAYOUT_PLUS\library\TM_CAP_P.llb
Sat Jun 13 11:09:14 Loaded file C:\PROGRAM FILES\ORCAD\LAYOUT_PLUS\library\TM_CYLND.llb
Sat Jun 13 11:09:14 Loaded file C:\PROGRAM FILES\ORCAD\LAYOUT_PLUS\library\TM_DIODE.llb
Sat Jun 13 11:09:14 Loaded file C:\PROGRAM FILES\ORCAD\LAYOUT_PLUS\library\TM_DISC.llb
Sat Jun 13 11:09:14 Loaded file C:\PROGRAM FILES\ORCAD\LAYOUT_PLUS\library\TM_RAD.llb
Sat Jun 13 11:09:14 Loaded file C:\PROGRAM FILES\ORCAD\LAYOUT_PLUS\library\TO.llb
Sat Jun 13 11:09:14 Loaded file C:\PROGRAM FILES\ORCAD\LAYOUT_PLUS\library\TRAINING.LLB
Sat Jun 13 11:09:14 Loaded file C:\PROGRAM FILES\ORCAD\LAYOUT_PLUS\library\VRES.llb
Sat Jun 13 11:09:14 Loaded file C:\PROGRAM FILES\ORCAD\LAYOUT_PLUS\library\WCON100T.llb
Sat Jun 13 11:09:14 Loaded file C:\PROGRAM FILES\ORCAD\LAYOUT_PLUS\library\XT.llb
Sat Jun 13 11:09:14 Loaded file C:\PROGRAM FILES\ORCAD\LAYOUT_PLUS\library\ZIGZAG.llb
Sat Jun 13 11:09:24 Saved as file F:\ELECTRONIC\2015\PROJECTS\40. MOUSE WITH KEYBOARD\SCH\16 OUTPUT DEMULTIPREXUR CARD\16 OUTPUT DEMULTIPLEXUR CARD.MAX
Sat Jun 13 11:09:30 Saved as file F:\ELECTRONIC\2015\PROJECTS\40. MOUSE WITH KEYBOARD\SCH\16 OUTPUT DEMULTIPREXUR CARD\16 OUTPUT DEMULTIPLEXUR CARD.MAX
Sat Jun 13 11:09:30 Loaded file F:\ELECTRONIC\2015\PROJECTS\40. MOUSE WITH KEYBOARD\SCH\16 OUTPUT DEMULTIPREXUR CARD\16 OUTPUT DEMULTIPLEXUR CARD.MAX
Sat Jun 13 11:09:31 Saved as file BACKUP1.MAX
Sat Jun 13 11:09:31 Saved as file F:\ELECTRONIC\2015\PROJECTS\40. MOUSE WITH KEYBOARD\SCH\16 OUTPUT DEMULTIPREXUR CARD\16 OUTPUT DEMULTIPLEXUR CARD.MAX
Sat Jun 13 11:09:34 UserDiv from Layout.INI for AutoECO: 60
Sat Jun 13 11:09:34 Loaded file F:\ELECTRONIC\2015\PROJECTS\40. MOUSE WITH KEYBOARD\SCH\16 OUTPUT DEMULTIPREXUR CARD\16 OUTPUT DEMULTIPLEXUR CARD.MAX
Sat Jun 13 11:09:34 Loaded file F:\ELECTRONIC\ORCAD\MAXMAA\MAXMAA.LLB
Sat Jun 13 11:09:34 Loaded file C:\PROGRAM FILES\ORCAD\LAYOUT_PLUS\LIBRARY\EMPTY.LLB
Sat Jun 13 11:09:34 Loaded file C:\PROGRAM FILES\ORCAD\LAYOUT_PLUS\LIBRARY\EX_GUI.LLB
Sat Jun 13 11:09:34 Loaded file C:\PROGRAM FILES\ORCAD\LAYOUT_PLUS\LIBRARY\IC.LLB
Sat Jun 13 11:09:34 Loaded file C:\PROGRAM FILES\ORCAD\LAYOUT_PLUS\LIBRARY\METRIC.LLB
Sat Jun 13 11:09:34 Loaded file C:\PROGRAM FILES\ORCAD\LAYOUT_PLUS\LIBRARY\PADSTACK.LLB
Sat Jun 13 11:09:34 Loaded file C:\PROGRAM FILES\ORCAD\LAYOUT_PLUS\LIBRARY\USER.LLB
Sat Jun 13 11:09:34 Loaded file C:\PROGRAM FILES\ORCAD\LIBRARY-DRC\LED.LLB
Sat Jun 13 11:09:34 Loaded file C:\PROGRAM FILES\ORCAD\LIBRARY-DRC\SWITCHES.LLB
Sat Jun 13 11:09:34 Loaded file C:\PROGRAM FILES\ORCAD\LIBRARY-DRC\CONNECTOR.LLB
Sat Jun 13 11:09:34 Loaded file C:\PROGRAM FILES\ORCAD\LIBRARY-DRC\CRYSTAL.LLB
Sat Jun 13 11:09:34 Loaded file C:\PROGRAM FILES\ORCAD\LIBRARY-DRC\DIOD.LLB
Sat Jun 13 11:09:34 Loaded file C:\PROGRAM FILES\ORCAD\LIBRARY-DRC\CAPACITOR.LLB
Sat Jun 13 11:09:34 Loaded file C:\PROGRAM FILES\ORCAD\LIBRARY-DRC\RESISTOR.LLB
Sat Jun 13 11:09:34 Loaded file C:\PROGRAM FILES\ORCAD\LIBRARY-DRC\IC.LLB
Sat Jun 13 11:09:34 Loaded file C:\PROGRAM FILES\ORCAD\LIBRARY-DRC\HEADER.LLB
Sat Jun 13 11:09:34 Loaded file C:\PROGRAM FILES\ORCAD\LAYOUT_PLUS\library\BCON100T.llb
Sat Jun 13 11:09:34 Loaded file C:\PROGRAM FILES\ORCAD\LAYOUT_PLUS\library\BCON156T.llb
Sat Jun 13 11:09:34 Loaded file C:\PROGRAM FILES\ORCAD\LAYOUT_PLUS\library\BGA.llb
Sat Jun 13 11:09:34 Loaded file C:\PROGRAM FILES\ORCAD\LAYOUT_PLUS\library\CLCC.llb
Sat Jun 13 11:09:34 Loaded file C:\PROGRAM FILES\ORCAD\LAYOUT_PLUS\library\DCON050T.llb
Sat Jun 13 11:09:34 Loaded file C:\PROGRAM FILES\ORCAD\LAYOUT_PLUS\library\DCON085T.llb
Sat Jun 13 11:09:34 Loaded file C:\PROGRAM FILES\ORCAD\LAYOUT_PLUS\library\DIMM050F.llb
Sat Jun 13 11:09:34 Loaded file C:\PROGRAM FILES\ORCAD\LAYOUT_PLUS\library\DIMM050T.llb
Sat Jun 13 11:09:34 Loaded file C:\PROGRAM FILES\ORCAD\LAYOUT_PLUS\library\DIN.llb
Sat Jun 13 11:09:34 Loaded file C:\PROGRAM FILES\ORCAD\LAYOUT_PLUS\library\DIP100B.llb
Sat Jun 13 11:09:34 Loaded file C:\PROGRAM FILES\ORCAD\LAYOUT_PLUS\library\DIP100T.llb
Sat Jun 13 11:09:34 Loaded file C:\PROGRAM FILES\ORCAD\LAYOUT_PLUS\library\DSUBT.llb
Sat Jun 13 11:09:34 Loaded file C:\PROGRAM FILES\ORCAD\LAYOUT_PLUS\library\DSUBT_HD.LLB
Sat Jun 13 11:09:34 Loaded file C:\PROGRAM FILES\ORCAD\LAYOUT_PLUS\library\ECON100T.llb
Sat Jun 13 11:09:34 Loaded file C:\PROGRAM FILES\ORCAD\LAYOUT_PLUS\library\FBUS.llb
Sat Jun 13 11:09:34 Loaded file C:\PROGRAM FILES\ORCAD\LAYOUT_PLUS\library\ISA.llb
Sat Jun 13 11:09:34 Loaded file C:\PROGRAM FILES\ORCAD\LAYOUT_PLUS\library\JUMPER.LLB
Sat Jun 13 11:09:34 Loaded file C:\PROGRAM FILES\ORCAD\LAYOUT_PLUS\library\LAYOUT.llb
Sat Jun 13 11:09:34 Loaded file C:\PROGRAM FILES\ORCAD\LAYOUT_PLUS\library\LCON100T.llb
Sat Jun 13 11:09:34 Loaded file C:\PROGRAM FILES\ORCAD\LAYOUT_PLUS\library\PC104.llb
Sat Jun 13 11:09:34 Loaded file C:\PROGRAM FILES\ORCAD\LAYOUT_PLUS\library\PCI.llb
Sat Jun 13 11:09:34 Loaded file C:\PROGRAM FILES\ORCAD\LAYOUT_PLUS\library\PCON100T.llb
Sat Jun 13 11:09:34 Loaded file C:\PROGRAM FILES\ORCAD\LAYOUT_PLUS\library\PCON156T.llb
Sat Jun 13 11:09:34 Loaded file C:\PROGRAM FILES\ORCAD\LAYOUT_PLUS\library\PGA.llb
Sat Jun 13 11:09:34 Loaded file C:\PROGRAM FILES\ORCAD\LAYOUT_PLUS\library\PLCC.llb
Sat Jun 13 11:09:34 Loaded file C:\PROGRAM FILES\ORCAD\LAYOUT_PLUS\library\QUAD.llb
Sat Jun 13 11:09:34 Loaded file C:\PROGRAM FILES\ORCAD\LAYOUT_PLUS\library\QUADB.llb
Sat Jun 13 11:09:34 Loaded file C:\PROGRAM FILES\ORCAD\LAYOUT_PLUS\library\RELAY.llb
Sat Jun 13 11:09:34 Loaded file C:\PROGRAM FILES\ORCAD\LAYOUT_PLUS\library\RF.llb
Sat Jun 13 11:09:34 Loaded file C:\PROGRAM FILES\ORCAD\LAYOUT_PLUS\library\SBUS.llb
Sat Jun 13 11:09:34 Loaded file C:\PROGRAM FILES\ORCAD\LAYOUT_PLUS\library\SIMM050F.llb
Sat Jun 13 11:09:34 Loaded file C:\PROGRAM FILES\ORCAD\LAYOUT_PLUS\library\SIMM050T.llb
Sat Jun 13 11:09:34 Loaded file C:\PROGRAM FILES\ORCAD\LAYOUT_PLUS\library\SIMM100F.llb
Sat Jun 13 11:09:34 Loaded file C:\PROGRAM FILES\ORCAD\LAYOUT_PLUS\library\SIMM100T.llb
Sat Jun 13 11:09:34 Loaded file C:\PROGRAM FILES\ORCAD\LAYOUT_PLUS\library\SIP.llb
Sat Jun 13 11:09:34 Loaded file C:\PROGRAM FILES\ORCAD\LAYOUT_PLUS\library\SM.llb
Sat Jun 13 11:09:34 Loaded file C:\PROGRAM FILES\ORCAD\LAYOUT_PLUS\library\SOG.llb
Sat Jun 13 11:09:34 Loaded file C:\PROGRAM FILES\ORCAD\LAYOUT_PLUS\library\SOJ.llb
Sat Jun 13 11:09:34 Loaded file C:\PROGRAM FILES\ORCAD\LAYOUT_PLUS\library\STIFF.llb
Sat Jun 13 11:09:34 Loaded file C:\PROGRAM FILES\ORCAD\LAYOUT_PLUS\library\TELE.llb
Sat Jun 13 11:09:34 Loaded file C:\PROGRAM FILES\ORCAD\LAYOUT_PLUS\library\TM_AXIAL.llb
Sat Jun 13 11:09:34 Loaded file C:\PROGRAM FILES\ORCAD\LAYOUT_PLUS\library\TM_CAP_P.llb
Sat Jun 13 11:09:34 Loaded file C:\PROGRAM FILES\ORCAD\LAYOUT_PLUS\library\TM_CYLND.llb
Sat Jun 13 11:09:34 Loaded file C:\PROGRAM FILES\ORCAD\LAYOUT_PLUS\library\TM_DIODE.llb
Sat Jun 13 11:09:34 Loaded file C:\PROGRAM FILES\ORCAD\LAYOUT_PLUS\library\TM_DISC.llb
Sat Jun 13 11:09:34 Loaded file C:\PROGRAM FILES\ORCAD\LAYOUT_PLUS\library\TM_RAD.llb
Sat Jun 13 11:09:34 Loaded file C:\PROGRAM FILES\ORCAD\LAYOUT_PLUS\library\TO.llb
Sat Jun 13 11:09:34 Loaded file C:\PROGRAM FILES\ORCAD\LAYOUT_PLUS\library\TRAINING.LLB
Sat Jun 13 11:09:34 Loaded file C:\PROGRAM FILES\ORCAD\LAYOUT_PLUS\library\VRES.llb
Sat Jun 13 11:09:34 Loaded file C:\PROGRAM FILES\ORCAD\LAYOUT_PLUS\library\WCON100T.llb
Sat Jun 13 11:09:34 Loaded file C:\PROGRAM FILES\ORCAD\LAYOUT_PLUS\library\XT.llb
Sat Jun 13 11:09:34 Loaded file C:\PROGRAM FILES\ORCAD\LAYOUT_PLUS\library\ZIGZAG.llb
Sat Jun 13 11:09:34 Saved as file F:\ELECTRONIC\2015\PROJECTS\40. MOUSE WITH KEYBOARD\SCH\16 OUTPUT DEMULTIPREXUR CARD\16 OUTPUT DEMULTIPLEXUR CARD.MAX
Sat Jun 13 11:09:34 Loaded file F:\ELECTRONIC\2015\PROJECTS\40. MOUSE WITH KEYBOARD\SCH\16 OUTPUT DEMULTIPREXUR CARD\16 OUTPUT DEMULTIPLEXUR CARD.MAX
Sat Jun 13 11:11:54 Saved as file BACKUP1.MAX
Sat Jun 13 11:16:26 Loaded file F:\ELECTRONIC\2015\PROJECTS\40. MOUSE WITH KEYBOARD\SCH\16 OUTPUT DEMULTIPREXUR CARD\16 OUTPUT DEMULTIPLEXUR CARD.MAX
Sat Jun 13 11:16:26 Loaded file F:\ELECTRONIC\ORCAD\MAXMAA\MAXMAA.LLB
Sat Jun 13 11:16:26 Loaded file C:\PROGRAM FILES\ORCAD\LAYOUT_PLUS\LIBRARY\EMPTY.LLB
Sat Jun 13 11:16:26 Loaded file C:\PROGRAM FILES\ORCAD\LAYOUT_PLUS\LIBRARY\EX_GUI.LLB
Sat Jun 13 11:16:26 Loaded file C:\PROGRAM FILES\ORCAD\LAYOUT_PLUS\LIBRARY\IC.LLB
Sat Jun 13 11:16:26 Loaded file C:\PROGRAM FILES\ORCAD\LAYOUT_PLUS\LIBRARY\METRIC.LLB
Sat Jun 13 11:16:26 Loaded file C:\PROGRAM FILES\ORCAD\LAYOUT_PLUS\LIBRARY\PADSTACK.LLB
Sat Jun 13 11:16:26 Loaded file C:\PROGRAM FILES\ORCAD\LAYOUT_PLUS\LIBRARY\USER.LLB
Sat Jun 13 11:16:26 Loaded file C:\PROGRAM FILES\ORCAD\LIBRARY-DRC\LED.LLB
Sat Jun 13 11:16:26 Loaded file C:\PROGRAM FILES\ORCAD\LIBRARY-DRC\SWITCHES.LLB
Sat Jun 13 11:16:26 Loaded file C:\PROGRAM FILES\ORCAD\LIBRARY-DRC\CONNECTOR.LLB
Sat Jun 13 11:16:26 Loaded file C:\PROGRAM FILES\ORCAD\LIBRARY-DRC\CRYSTAL.LLB
Sat Jun 13 11:16:26 Loaded file C:\PROGRAM FILES\ORCAD\LIBRARY-DRC\DIOD.LLB
Sat Jun 13 11:16:26 Loaded file C:\PROGRAM FILES\ORCAD\LIBRARY-DRC\CAPACITOR.LLB
Sat Jun 13 11:16:26 Loaded file C:\PROGRAM FILES\ORCAD\LIBRARY-DRC\RESISTOR.LLB
Sat Jun 13 11:16:26 Loaded file C:\PROGRAM FILES\ORCAD\LIBRARY-DRC\IC.LLB
Sat Jun 13 11:16:26 Loaded file C:\PROGRAM FILES\ORCAD\LIBRARY-DRC\HEADER.LLB
Sat Jun 13 11:16:26 Loaded file C:\PROGRAM FILES\ORCAD\LAYOUT_PLUS\library\BCON100T.llb
Sat Jun 13 11:16:26 Loaded file C:\PROGRAM FILES\ORCAD\LAYOUT_PLUS\library\BCON156T.llb
Sat Jun 13 11:16:26 Loaded file C:\PROGRAM FILES\ORCAD\LAYOUT_PLUS\library\BGA.llb
Sat Jun 13 11:16:26 Loaded file C:\PROGRAM FILES\ORCAD\LAYOUT_PLUS\library\CLCC.llb
Sat Jun 13 11:16:26 Loaded file C:\PROGRAM FILES\ORCAD\LAYOUT_PLUS\library\DCON050T.llb
Sat Jun 13 11:16:26 Loaded file C:\PROGRAM FILES\ORCAD\LAYOUT_PLUS\library\DCON085T.llb
Sat Jun 13 11:16:26 Loaded file C:\PROGRAM FILES\ORCAD\LAYOUT_PLUS\library\DIMM050F.llb
Sat Jun 13 11:16:26 Loaded file C:\PROGRAM FILES\ORCAD\LAYOUT_PLUS\library\DIMM050T.llb
Sat Jun 13 11:16:26 Loaded file C:\PROGRAM FILES\ORCAD\LAYOUT_PLUS\library\DIN.llb
Sat Jun 13 11:16:26 Loaded file C:\PROGRAM FILES\ORCAD\LAYOUT_PLUS\library\DIP100B.llb
Sat Jun 13 11:16:26 Loaded file C:\PROGRAM FILES\ORCAD\LAYOUT_PLUS\library\DIP100T.llb
Sat Jun 13 11:16:26 Loaded file C:\PROGRAM FILES\ORCAD\LAYOUT_PLUS\library\DSUBT.llb
Sat Jun 13 11:16:26 Loaded file C:\PROGRAM FILES\ORCAD\LAYOUT_PLUS\library\DSUBT_HD.LLB
Sat Jun 13 11:16:26 Loaded file C:\PROGRAM FILES\ORCAD\LAYOUT_PLUS\library\ECON100T.llb
Sat Jun 13 11:16:26 Loaded file C:\PROGRAM FILES\ORCAD\LAYOUT_PLUS\library\FBUS.llb
Sat Jun 13 11:16:26 Loaded file C:\PROGRAM FILES\ORCAD\LAYOUT_PLUS\library\ISA.llb
Sat Jun 13 11:16:26 Loaded file C:\PROGRAM FILES\ORCAD\LAYOUT_PLUS\library\JUMPER.LLB
Sat Jun 13 11:16:26 Loaded file C:\PROGRAM FILES\ORCAD\LAYOUT_PLUS\library\LAYOUT.llb
Sat Jun 13 11:16:26 Loaded file C:\PROGRAM FILES\ORCAD\LAYOUT_PLUS\library\LCON100T.llb
Sat Jun 13 11:16:26 Loaded file C:\PROGRAM FILES\ORCAD\LAYOUT_PLUS\library\PC104.llb
Sat Jun 13 11:16:26 Loaded file C:\PROGRAM FILES\ORCAD\LAYOUT_PLUS\library\PCI.llb
Sat Jun 13 11:16:26 Loaded file C:\PROGRAM FILES\ORCAD\LAYOUT_PLUS\library\PCON100T.llb
Sat Jun 13 11:16:26 Loaded file C:\PROGRAM FILES\ORCAD\LAYOUT_PLUS\library\PCON156T.llb
Sat Jun 13 11:16:26 Loaded file C:\PROGRAM FILES\ORCAD\LAYOUT_PLUS\library\PGA.llb
Sat Jun 13 11:16:26 Loaded file C:\PROGRAM FILES\ORCAD\LAYOUT_PLUS\library\PLCC.llb
Sat Jun 13 11:16:26 Loaded file C:\PROGRAM FILES\ORCAD\LAYOUT_PLUS\library\QUAD.llb
Sat Jun 13 11:16:26 Loaded file C:\PROGRAM FILES\ORCAD\LAYOUT_PLUS\library\QUADB.llb
Sat Jun 13 11:16:26 Loaded file C:\PROGRAM FILES\ORCAD\LAYOUT_PLUS\library\RELAY.llb
Sat Jun 13 11:16:26 Loaded file C:\PROGRAM FILES\ORCAD\LAYOUT_PLUS\library\RF.llb
Sat Jun 13 11:16:26 Loaded file C:\PROGRAM FILES\ORCAD\LAYOUT_PLUS\library\SBUS.llb
Sat Jun 13 11:16:26 Loaded file C:\PROGRAM FILES\ORCAD\LAYOUT_PLUS\library\SIMM050F.llb
Sat Jun 13 11:16:26 Loaded file C:\PROGRAM FILES\ORCAD\LAYOUT_PLUS\library\SIMM050T.llb
Sat Jun 13 11:16:26 Loaded file C:\PROGRAM FILES\ORCAD\LAYOUT_PLUS\library\SIMM100F.llb
Sat Jun 13 11:16:26 Loaded file C:\PROGRAM FILES\ORCAD\LAYOUT_PLUS\library\SIMM100T.llb
Sat Jun 13 11:16:26 Loaded file C:\PROGRAM FILES\ORCAD\LAYOUT_PLUS\library\SIP.llb
Sat Jun 13 11:16:26 Loaded file C:\PROGRAM FILES\ORCAD\LAYOUT_PLUS\library\SM.llb
Sat Jun 13 11:16:26 Loaded file C:\PROGRAM FILES\ORCAD\LAYOUT_PLUS\library\SOG.llb
Sat Jun 13 11:16:26 Loaded file C:\PROGRAM FILES\ORCAD\LAYOUT_PLUS\library\SOJ.llb
Sat Jun 13 11:16:26 Loaded file C:\PROGRAM FILES\ORCAD\LAYOUT_PLUS\library\STIFF.llb
Sat Jun 13 11:16:26 Loaded file C:\PROGRAM FILES\ORCAD\LAYOUT_PLUS\library\TELE.llb
Sat Jun 13 11:16:26 Loaded file C:\PROGRAM FILES\ORCAD\LAYOUT_PLUS\library\TM_AXIAL.llb
Sat Jun 13 11:16:26 Loaded file C:\PROGRAM FILES\ORCAD\LAYOUT_PLUS\library\TM_CAP_P.llb
Sat Jun 13 11:16:26 Loaded file C:\PROGRAM FILES\ORCAD\LAYOUT_PLUS\library\TM_CYLND.llb
Sat Jun 13 11:16:26 Loaded file C:\PROGRAM FILES\ORCAD\LAYOUT_PLUS\library\TM_DIODE.llb
Sat Jun 13 11:16:26 Loaded file C:\PROGRAM FILES\ORCAD\LAYOUT_PLUS\library\TM_DISC.llb
Sat Jun 13 11:16:26 Loaded file C:\PROGRAM FILES\ORCAD\LAYOUT_PLUS\library\TM_RAD.llb
Sat Jun 13 11:16:26 Loaded file C:\PROGRAM FILES\ORCAD\LAYOUT_PLUS\library\TO.llb
Sat Jun 13 11:16:26 Loaded file C:\PROGRAM FILES\ORCAD\LAYOUT_PLUS\library\TRAINING.LLB
Sat Jun 13 11:16:27 Loaded file C:\PROGRAM FILES\ORCAD\LAYOUT_PLUS\library\VRES.llb
Sat Jun 13 11:16:27 Loaded file C:\PROGRAM FILES\ORCAD\LAYOUT_PLUS\library\WCON100T.llb
Sat Jun 13 11:16:27 Loaded file C:\PROGRAM FILES\ORCAD\LAYOUT_PLUS\library\XT.llb
Sat Jun 13 11:16:27 Loaded file C:\PROGRAM FILES\ORCAD\LAYOUT_PLUS\library\ZIGZAG.llb
Sat Jun 13 11:16:33 Saved as file F:\ELECTRONIC\2015\PROJECTS\40. MOUSE WITH KEYBOARD\SCH\16 OUTPUT DEMULTIPREXUR CARD\16 OUTPUT DEMULTIPLEXUR CARD.MAX
Sat Jun 13 11:16:39 Saved as file F:\ELECTRONIC\2015\PROJECTS\40. MOUSE WITH KEYBOARD\SCH\16 OUTPUT DEMULTIPREXUR CARD\16 OUTPUT DEMULTIPLEXUR CARD.MAX
Sat Jun 13 11:16:39 Loaded file F:\ELECTRONIC\2015\PROJECTS\40. MOUSE WITH KEYBOARD\SCH\16 OUTPUT DEMULTIPREXUR CARD\16 OUTPUT DEMULTIPLEXUR CARD.MAX
Sat Jun 13 11:16:41 Saved as file BACKUP1.MAX
Sat Jun 13 11:16:41 Saved as file F:\ELECTRONIC\2015\PROJECTS\40. MOUSE WITH KEYBOARD\SCH\16 OUTPUT DEMULTIPREXUR CARD\16 OUTPUT DEMULTIPLEXUR CARD.MAX
Sat Jun 13 11:16:42 UserDiv from Layout.INI for AutoECO: 60
Sat Jun 13 11:16:42 Loaded file F:\ELECTRONIC\2015\PROJECTS\40. MOUSE WITH KEYBOARD\SCH\16 OUTPUT DEMULTIPREXUR CARD\16 OUTPUT DEMULTIPLEXUR CARD.MAX
Sat Jun 13 11:16:42 Loaded file F:\ELECTRONIC\ORCAD\MAXMAA\MAXMAA.LLB
Sat Jun 13 11:16:42 Loaded file C:\PROGRAM FILES\ORCAD\LAYOUT_PLUS\LIBRARY\EMPTY.LLB
Sat Jun 13 11:16:42 Loaded file C:\PROGRAM FILES\ORCAD\LAYOUT_PLUS\LIBRARY\EX_GUI.LLB
Sat Jun 13 11:16:42 Loaded file C:\PROGRAM FILES\ORCAD\LAYOUT_PLUS\LIBRARY\IC.LLB
Sat Jun 13 11:16:42 Loaded file C:\PROGRAM FILES\ORCAD\LAYOUT_PLUS\LIBRARY\METRIC.LLB
Sat Jun 13 11:16:42 Loaded file C:\PROGRAM FILES\ORCAD\LAYOUT_PLUS\LIBRARY\PADSTACK.LLB
Sat Jun 13 11:16:42 Loaded file C:\PROGRAM FILES\ORCAD\LAYOUT_PLUS\LIBRARY\USER.LLB
Sat Jun 13 11:16:42 Loaded file C:\PROGRAM FILES\ORCAD\LIBRARY-DRC\LED.LLB
Sat Jun 13 11:16:42 Loaded file C:\PROGRAM FILES\ORCAD\LIBRARY-DRC\SWITCHES.LLB
Sat Jun 13 11:16:42 Loaded file C:\PROGRAM FILES\ORCAD\LIBRARY-DRC\CONNECTOR.LLB
Sat Jun 13 11:16:42 Loaded file C:\PROGRAM FILES\ORCAD\LIBRARY-DRC\CRYSTAL.LLB
Sat Jun 13 11:16:42 Loaded file C:\PROGRAM FILES\ORCAD\LIBRARY-DRC\DIOD.LLB
Sat Jun 13 11:16:42 Loaded file C:\PROGRAM FILES\ORCAD\LIBRARY-DRC\CAPACITOR.LLB
Sat Jun 13 11:16:42 Loaded file C:\PROGRAM FILES\ORCAD\LIBRARY-DRC\RESISTOR.LLB
Sat Jun 13 11:16:42 Loaded file C:\PROGRAM FILES\ORCAD\LIBRARY-DRC\IC.LLB
Sat Jun 13 11:16:42 Loaded file C:\PROGRAM FILES\ORCAD\LIBRARY-DRC\HEADER.LLB
Sat Jun 13 11:16:42 Loaded file C:\PROGRAM FILES\ORCAD\LAYOUT_PLUS\library\BCON100T.llb
Sat Jun 13 11:16:42 Loaded file C:\PROGRAM FILES\ORCAD\LAYOUT_PLUS\library\BCON156T.llb
Sat Jun 13 11:16:42 Loaded file C:\PROGRAM FILES\ORCAD\LAYOUT_PLUS\library\BGA.llb
Sat Jun 13 11:16:42 Loaded file C:\PROGRAM FILES\ORCAD\LAYOUT_PLUS\library\CLCC.llb
Sat Jun 13 11:16:42 Loaded file C:\PROGRAM FILES\ORCAD\LAYOUT_PLUS\library\DCON050T.llb
Sat Jun 13 11:16:42 Loaded file C:\PROGRAM FILES\ORCAD\LAYOUT_PLUS\library\DCON085T.llb
Sat Jun 13 11:16:42 Loaded file C:\PROGRAM FILES\ORCAD\LAYOUT_PLUS\library\DIMM050F.llb
Sat Jun 13 11:16:42 Loaded file C:\PROGRAM FILES\ORCAD\LAYOUT_PLUS\library\DIMM050T.llb
Sat Jun 13 11:16:42 Loaded file C:\PROGRAM FILES\ORCAD\LAYOUT_PLUS\library\DIN.llb
Sat Jun 13 11:16:42 Loaded file C:\PROGRAM FILES\ORCAD\LAYOUT_PLUS\library\DIP100B.llb
Sat Jun 13 11:16:42 Loaded file C:\PROGRAM FILES\ORCAD\LAYOUT_PLUS\library\DIP100T.llb
Sat Jun 13 11:16:42 Loaded file C:\PROGRAM FILES\ORCAD\LAYOUT_PLUS\library\DSUBT.llb
Sat Jun 13 11:16:42 Loaded file C:\PROGRAM FILES\ORCAD\LAYOUT_PLUS\library\DSUBT_HD.LLB
Sat Jun 13 11:16:42 Loaded file C:\PROGRAM FILES\ORCAD\LAYOUT_PLUS\library\ECON100T.llb
Sat Jun 13 11:16:42 Loaded file C:\PROGRAM FILES\ORCAD\LAYOUT_PLUS\library\FBUS.llb
Sat Jun 13 11:16:42 Loaded file C:\PROGRAM FILES\ORCAD\LAYOUT_PLUS\library\ISA.llb
Sat Jun 13 11:16:42 Loaded file C:\PROGRAM FILES\ORCAD\LAYOUT_PLUS\library\JUMPER.LLB
Sat Jun 13 11:16:42 Loaded file C:\PROGRAM FILES\ORCAD\LAYOUT_PLUS\library\LAYOUT.llb
Sat Jun 13 11:16:42 Loaded file C:\PROGRAM FILES\ORCAD\LAYOUT_PLUS\library\LCON100T.llb
Sat Jun 13 11:16:42 Loaded file C:\PROGRAM FILES\ORCAD\LAYOUT_PLUS\library\PC104.llb
Sat Jun 13 11:16:42 Loaded file C:\PROGRAM FILES\ORCAD\LAYOUT_PLUS\library\PCI.llb
Sat Jun 13 11:16:42 Loaded file C:\PROGRAM FILES\ORCAD\LAYOUT_PLUS\library\PCON100T.llb
Sat Jun 13 11:16:42 Loaded file C:\PROGRAM FILES\ORCAD\LAYOUT_PLUS\library\PCON156T.llb
Sat Jun 13 11:16:42 Loaded file C:\PROGRAM FILES\ORCAD\LAYOUT_PLUS\library\PGA.llb
Sat Jun 13 11:16:42 Loaded file C:\PROGRAM FILES\ORCAD\LAYOUT_PLUS\library\PLCC.llb
Sat Jun 13 11:16:42 Loaded file C:\PROGRAM FILES\ORCAD\LAYOUT_PLUS\library\QUAD.llb
Sat Jun 13 11:16:42 Loaded file C:\PROGRAM FILES\ORCAD\LAYOUT_PLUS\library\QUADB.llb
Sat Jun 13 11:16:42 Loaded file C:\PROGRAM FILES\ORCAD\LAYOUT_PLUS\library\RELAY.llb
Sat Jun 13 11:16:42 Loaded file C:\PROGRAM FILES\ORCAD\LAYOUT_PLUS\library\RF.llb
Sat Jun 13 11:16:42 Loaded file C:\PROGRAM FILES\ORCAD\LAYOUT_PLUS\library\SBUS.llb
Sat Jun 13 11:16:42 Loaded file C:\PROGRAM FILES\ORCAD\LAYOUT_PLUS\library\SIMM050F.llb
Sat Jun 13 11:16:42 Loaded file C:\PROGRAM FILES\ORCAD\LAYOUT_PLUS\library\SIMM050T.llb
Sat Jun 13 11:16:42 Loaded file C:\PROGRAM FILES\ORCAD\LAYOUT_PLUS\library\SIMM100F.llb
Sat Jun 13 11:16:42 Loaded file C:\PROGRAM FILES\ORCAD\LAYOUT_PLUS\library\SIMM100T.llb
Sat Jun 13 11:16:42 Loaded file C:\PROGRAM FILES\ORCAD\LAYOUT_PLUS\library\SIP.llb
Sat Jun 13 11:16:42 Loaded file C:\PROGRAM FILES\ORCAD\LAYOUT_PLUS\library\SM.llb
Sat Jun 13 11:16:42 Loaded file C:\PROGRAM FILES\ORCAD\LAYOUT_PLUS\library\SOG.llb
Sat Jun 13 11:16:42 Loaded file C:\PROGRAM FILES\ORCAD\LAYOUT_PLUS\library\SOJ.llb
Sat Jun 13 11:16:42 Loaded file C:\PROGRAM FILES\ORCAD\LAYOUT_PLUS\library\STIFF.llb
Sat Jun 13 11:16:42 Loaded file C:\PROGRAM FILES\ORCAD\LAYOUT_PLUS\library\TELE.llb
Sat Jun 13 11:16:42 Loaded file C:\PROGRAM FILES\ORCAD\LAYOUT_PLUS\library\TM_AXIAL.llb
Sat Jun 13 11:16:42 Loaded file C:\PROGRAM FILES\ORCAD\LAYOUT_PLUS\library\TM_CAP_P.llb
Sat Jun 13 11:16:42 Loaded file C:\PROGRAM FILES\ORCAD\LAYOUT_PLUS\library\TM_CYLND.llb
Sat Jun 13 11:16:42 Loaded file C:\PROGRAM FILES\ORCAD\LAYOUT_PLUS\library\TM_DIODE.llb
Sat Jun 13 11:16:42 Loaded file C:\PROGRAM FILES\ORCAD\LAYOUT_PLUS\library\TM_DISC.llb
Sat Jun 13 11:16:42 Loaded file C:\PROGRAM FILES\ORCAD\LAYOUT_PLUS\library\TM_RAD.llb
Sat Jun 13 11:16:42 Loaded file C:\PROGRAM FILES\ORCAD\LAYOUT_PLUS\library\TO.llb
Sat Jun 13 11:16:42 Loaded file C:\PROGRAM FILES\ORCAD\LAYOUT_PLUS\library\TRAINING.LLB
Sat Jun 13 11:16:42 Loaded file C:\PROGRAM FILES\ORCAD\LAYOUT_PLUS\library\VRES.llb
Sat Jun 13 11:16:42 Loaded file C:\PROGRAM FILES\ORCAD\LAYOUT_PLUS\library\WCON100T.llb
Sat Jun 13 11:16:42 Loaded file C:\PROGRAM FILES\ORCAD\LAYOUT_PLUS\library\XT.llb
Sat Jun 13 11:16:42 Loaded file C:\PROGRAM FILES\ORCAD\LAYOUT_PLUS\library\ZIGZAG.llb
Sat Jun 13 11:16:42 Saved as file F:\ELECTRONIC\2015\PROJECTS\40. MOUSE WITH KEYBOARD\SCH\16 OUTPUT DEMULTIPREXUR CARD\16 OUTPUT DEMULTIPLEXUR CARD.MAX
Sat Jun 13 11:16:43 Loaded file F:\ELECTRONIC\2015\PROJECTS\40. MOUSE WITH KEYBOARD\SCH\16 OUTPUT DEMULTIPREXUR CARD\16 OUTPUT DEMULTIPLEXUR CARD.MAX
Sat Jun 13 11:22:24 Saved as file BACKUP1.MAX
Sat Jun 13 11:34:24 Saved as file BACKUP1.MAX
Sat Jun 13 11:44:54 Saved as file BACKUP1.MAX
Sat Jun 13 11:54:54 Saved as file BACKUP1.MAX
Sat Jun 13 12:05:24 Saved as file BACKUP1.MAX
Sat Jun 13 12:15:54 Saved as file BACKUP1.MAX
Sat Jun 13 12:26:24 Saved as file BACKUP1.MAX
Sat Jun 13 12:36:54 Saved as file BACKUP1.MAX
Sat Jun 13 12:47:24 Saved as file BACKUP1.MAX
Sat Jun 13 12:57:54 Saved as file BACKUP1.MAX
Sat Jun 13 13:08:24 Saved as file BACKUP1.MAX
Sat Jun 13 13:13:45 Saved as file F:\ELECTRONIC\2015\PROJECTS\40. MOUSE WITH KEYBOARD\SCH\16 OUTPUT DEMULTIPREXUR CARD\16 OUTPUT DEMULTIPLEXUR CARD.MAX
Sat Jun 13 13:56:29 Loaded file F:\ELECTRONIC\2015\PROJECTS\40. MOUSE WITH KEYBOARD\SCH\16 OUTPUT DEMULTIPREXUR CARD\16 OUTPUT DEMULTIPLEXUR CARD.MAX
Sat Jun 13 13:56:29 Loaded file F:\ELECTRONIC\ORCAD\MAXMAA\MAXMAA.LLB
Sat Jun 13 13:56:29 Loaded file C:\PROGRAM FILES\ORCAD\LAYOUT_PLUS\LIBRARY\EMPTY.LLB
Sat Jun 13 13:56:29 Loaded file C:\PROGRAM FILES\ORCAD\LAYOUT_PLUS\LIBRARY\EX_GUI.LLB
Sat Jun 13 13:56:29 Loaded file C:\PROGRAM FILES\ORCAD\LAYOUT_PLUS\LIBRARY\IC.LLB
Sat Jun 13 13:56:29 Loaded file C:\PROGRAM FILES\ORCAD\LAYOUT_PLUS\LIBRARY\METRIC.LLB
Sat Jun 13 13:56:29 Loaded file C:\PROGRAM FILES\ORCAD\LAYOUT_PLUS\LIBRARY\PADSTACK.LLB
Sat Jun 13 13:56:29 Loaded file C:\PROGRAM FILES\ORCAD\LAYOUT_PLUS\LIBRARY\USER.LLB
Sat Jun 13 13:56:29 Loaded file C:\PROGRAM FILES\ORCAD\LIBRARY-DRC\LED.LLB
Sat Jun 13 13:56:29 Loaded file C:\PROGRAM FILES\ORCAD\LIBRARY-DRC\SWITCHES.LLB
Sat Jun 13 13:56:29 Loaded file C:\PROGRAM FILES\ORCAD\LIBRARY-DRC\CONNECTOR.LLB
Sat Jun 13 13:56:29 Loaded file C:\PROGRAM FILES\ORCAD\LIBRARY-DRC\CRYSTAL.LLB
Sat Jun 13 13:56:29 Loaded file C:\PROGRAM FILES\ORCAD\LIBRARY-DRC\DIOD.LLB
Sat Jun 13 13:56:29 Loaded file C:\PROGRAM FILES\ORCAD\LIBRARY-DRC\CAPACITOR.LLB
Sat Jun 13 13:56:29 Loaded file C:\PROGRAM FILES\ORCAD\LIBRARY-DRC\RESISTOR.LLB
Sat Jun 13 13:56:29 Loaded file C:\PROGRAM FILES\ORCAD\LIBRARY-DRC\IC.LLB
Sat Jun 13 13:56:29 Loaded file C:\PROGRAM FILES\ORCAD\LIBRARY-DRC\HEADER.LLB
Sat Jun 13 13:56:29 Loaded file C:\PROGRAM FILES\ORCAD\LAYOUT_PLUS\library\BCON100T.llb
Sat Jun 13 13:56:29 Loaded file C:\PROGRAM FILES\ORCAD\LAYOUT_PLUS\library\BCON156T.llb
Sat Jun 13 13:56:29 Loaded file C:\PROGRAM FILES\ORCAD\LAYOUT_PLUS\library\BGA.llb
Sat Jun 13 13:56:29 Loaded file C:\PROGRAM FILES\ORCAD\LAYOUT_PLUS\library\CLCC.llb
Sat Jun 13 13:56:29 Loaded file C:\PROGRAM FILES\ORCAD\LAYOUT_PLUS\library\DCON050T.llb
Sat Jun 13 13:56:29 Loaded file C:\PROGRAM FILES\ORCAD\LAYOUT_PLUS\library\DCON085T.llb
Sat Jun 13 13:56:29 Loaded file C:\PROGRAM FILES\ORCAD\LAYOUT_PLUS\library\DIMM050F.llb
Sat Jun 13 13:56:29 Loaded file C:\PROGRAM FILES\ORCAD\LAYOUT_PLUS\library\DIMM050T.llb
Sat Jun 13 13:56:29 Loaded file C:\PROGRAM FILES\ORCAD\LAYOUT_PLUS\library\DIN.llb
Sat Jun 13 13:56:29 Loaded file C:\PROGRAM FILES\ORCAD\LAYOUT_PLUS\library\DIP100B.llb
Sat Jun 13 13:56:29 Loaded file C:\PROGRAM FILES\ORCAD\LAYOUT_PLUS\library\DIP100T.llb
Sat Jun 13 13:56:29 Loaded file C:\PROGRAM FILES\ORCAD\LAYOUT_PLUS\library\DSUBT.llb
Sat Jun 13 13:56:29 Loaded file C:\PROGRAM FILES\ORCAD\LAYOUT_PLUS\library\DSUBT_HD.LLB
Sat Jun 13 13:56:29 Loaded file C:\PROGRAM FILES\ORCAD\LAYOUT_PLUS\library\ECON100T.llb
Sat Jun 13 13:56:29 Loaded file C:\PROGRAM FILES\ORCAD\LAYOUT_PLUS\library\FBUS.llb
Sat Jun 13 13:56:29 Loaded file C:\PROGRAM FILES\ORCAD\LAYOUT_PLUS\library\ISA.llb
Sat Jun 13 13:56:29 Loaded file C:\PROGRAM FILES\ORCAD\LAYOUT_PLUS\library\JUMPER.LLB
Sat Jun 13 13:56:29 Loaded file C:\PROGRAM FILES\ORCAD\LAYOUT_PLUS\library\LAYOUT.llb
Sat Jun 13 13:56:29 Loaded file C:\PROGRAM FILES\ORCAD\LAYOUT_PLUS\library\LCON100T.llb
Sat Jun 13 13:56:29 Loaded file C:\PROGRAM FILES\ORCAD\LAYOUT_PLUS\library\PC104.llb
Sat Jun 13 13:56:29 Loaded file C:\PROGRAM FILES\ORCAD\LAYOUT_PLUS\library\PCI.llb
Sat Jun 13 13:56:29 Loaded file C:\PROGRAM FILES\ORCAD\LAYOUT_PLUS\library\PCON100T.llb
Sat Jun 13 13:56:29 Loaded file C:\PROGRAM FILES\ORCAD\LAYOUT_PLUS\library\PCON156T.llb
Sat Jun 13 13:56:29 Loaded file C:\PROGRAM FILES\ORCAD\LAYOUT_PLUS\library\PGA.llb
Sat Jun 13 13:56:29 Loaded file C:\PROGRAM FILES\ORCAD\LAYOUT_PLUS\library\PLCC.llb
Sat Jun 13 13:56:29 Loaded file C:\PROGRAM FILES\ORCAD\LAYOUT_PLUS\library\QUAD.llb
Sat Jun 13 13:56:29 Loaded file C:\PROGRAM FILES\ORCAD\LAYOUT_PLUS\library\QUADB.llb
Sat Jun 13 13:56:29 Loaded file C:\PROGRAM FILES\ORCAD\LAYOUT_PLUS\library\RELAY.llb
Sat Jun 13 13:56:29 Loaded file C:\PROGRAM FILES\ORCAD\LAYOUT_PLUS\library\RF.llb
Sat Jun 13 13:56:29 Loaded file C:\PROGRAM FILES\ORCAD\LAYOUT_PLUS\library\SBUS.llb
Sat Jun 13 13:56:29 Loaded file C:\PROGRAM FILES\ORCAD\LAYOUT_PLUS\library\SIMM050F.llb
Sat Jun 13 13:56:29 Loaded file C:\PROGRAM FILES\ORCAD\LAYOUT_PLUS\library\SIMM050T.llb
Sat Jun 13 13:56:29 Loaded file C:\PROGRAM FILES\ORCAD\LAYOUT_PLUS\library\SIMM100F.llb
Sat Jun 13 13:56:29 Loaded file C:\PROGRAM FILES\ORCAD\LAYOUT_PLUS\library\SIMM100T.llb
Sat Jun 13 13:56:29 Loaded file C:\PROGRAM FILES\ORCAD\LAYOUT_PLUS\library\SIP.llb
Sat Jun 13 13:56:29 Loaded file C:\PROGRAM FILES\ORCAD\LAYOUT_PLUS\library\SM.llb
Sat Jun 13 13:56:29 Loaded file C:\PROGRAM FILES\ORCAD\LAYOUT_PLUS\library\SOG.llb
Sat Jun 13 13:56:29 Loaded file C:\PROGRAM FILES\ORCAD\LAYOUT_PLUS\library\SOJ.llb
Sat Jun 13 13:56:29 Loaded file C:\PROGRAM FILES\ORCAD\LAYOUT_PLUS\library\STIFF.llb
Sat Jun 13 13:56:29 Loaded file C:\PROGRAM FILES\ORCAD\LAYOUT_PLUS\library\TELE.llb
Sat Jun 13 13:56:29 Loaded file C:\PROGRAM FILES\ORCAD\LAYOUT_PLUS\library\TM_AXIAL.llb
Sat Jun 13 13:56:29 Loaded file C:\PROGRAM FILES\ORCAD\LAYOUT_PLUS\library\TM_CAP_P.llb
Sat Jun 13 13:56:29 Loaded file C:\PROGRAM FILES\ORCAD\LAYOUT_PLUS\library\TM_CYLND.llb
Sat Jun 13 13:56:29 Loaded file C:\PROGRAM FILES\ORCAD\LAYOUT_PLUS\library\TM_DIODE.llb
Sat Jun 13 13:56:29 Loaded file C:\PROGRAM FILES\ORCAD\LAYOUT_PLUS\library\TM_DISC.llb
Sat Jun 13 13:56:29 Loaded file C:\PROGRAM FILES\ORCAD\LAYOUT_PLUS\library\TM_RAD.llb
Sat Jun 13 13:56:29 Loaded file C:\PROGRAM FILES\ORCAD\LAYOUT_PLUS\library\TO.llb
Sat Jun 13 13:56:29 Loaded file C:\PROGRAM FILES\ORCAD\LAYOUT_PLUS\library\TRAINING.LLB
Sat Jun 13 13:56:29 Loaded file C:\PROGRAM FILES\ORCAD\LAYOUT_PLUS\library\VRES.llb
Sat Jun 13 13:56:29 Loaded file C:\PROGRAM FILES\ORCAD\LAYOUT_PLUS\library\WCON100T.llb
Sat Jun 13 13:56:29 Loaded file C:\PROGRAM FILES\ORCAD\LAYOUT_PLUS\library\XT.llb
Sat Jun 13 13:56:29 Loaded file C:\PROGRAM FILES\ORCAD\LAYOUT_PLUS\library\ZIGZAG.llb
Sat Jun 13 13:56:41 Saved as file F:\ELECTRONIC\2015\PROJECTS\40. MOUSE WITH KEYBOARD\SCH\16 OUTPUT DEMULTIPREXUR CARD\16 OUTPUT DEMULTIPLEXUR CARD.MAX
Thu Jun 18 01:56:57 Saved as file BACKUP1.MAX
Thu Jun 18 02:07:57 Saved as file BACKUP1.MAX
Thu Jun 18 02:11:16 Saved as file F:\ELECTRONIC\2015\PROJECTS\40. MOUSE WITH KEYBOARD\SCH\16 OUTPUT DEMULTIPREXUR CARD\BACKUP6TMP.MAX
Thu Jun 18 02:14:14 Loaded file F:\ELECTRONIC\2015\PROJECTS\40. MOUSE WITH KEYBOARD\SCH\16 OUTPUT DEMULTIPREXUR CARD\BACKUP5.MAX
Thu Jun 18 02:18:57 Saved as file BACKUP1.MAX
Thu Jun 18 02:25:09 Saved as file F:\ELECTRONIC\2015\PROJECTS\40. MOUSE WITH KEYBOARD\SCH\16 OUTPUT DEMULTIPREXUR CARD\BACKUP6TMP.MAX
Thu Jun 18 02:29:27 Saved as file BACKUP1.MAX
Thu Jun 18 02:29:59 Loaded file C:\Program Files\Orcad\Layout_Plus\data\template.imp
Thu Jun 18 02:29:59 Loaded file C:\Program Files\Orcad\Layout_Plus\data\template.imp
Thu Jun 18 02:30:01 Loaded file F:\ELECTRONIC\ORCAD\MAXMAA\MAXMAA.LLB
Thu Jun 18 02:30:02 Loaded file C:\Program Files\Orcad\Layout_Plus\data\template.imp
Thu Jun 18 02:30:05 Loaded file C:\Program Files\Orcad\Layout_Plus\data\template.imp
Thu Jun 18 02:31:14 Loaded file F:\ELECTRONIC\ORCAD\MAXMAA\MAXMAA.LLB
Thu Jun 18 02:31:15 Saved as file F:\ELECTRONIC\ORCAD\MAXMAA\MAXMAA.LLB
Thu Jun 18 02:31:39 Loaded file C:\Program Files\Orcad\Layout_Plus\data\template.imp
Thu Jun 18 02:31:39 Loaded file C:\Program Files\Orcad\Layout_Plus\data\template.imp
Thu Jun 18 02:31:39 Loaded file C:\Program Files\Orcad\Layout_Plus\data\template.imp
Thu Jun 18 02:31:39 Loaded file C:\Program Files\Orcad\Layout_Plus\data\template.imp
Thu Jun 18 02:31:43 Loaded file F:\ELECTRONIC\ORCAD\MAXMAA\MAXMAA.LLB
Thu Jun 18 02:31:46 Loaded file C:\Program Files\Orcad\Layout_Plus\data\template.imp
Thu Jun 18 02:31:46 Loaded file C:\Program Files\Orcad\Layout_Plus\data\template.imp
Thu Jun 18 02:31:50 Loaded file C:\Program Files\Orcad\Layout_Plus\data\template.imp
Thu Jun 18 02:31:50 Loaded file C:\Program Files\Orcad\Layout_Plus\data\template.imp
Thu Jun 18 02:32:04 Loaded file C:\Program Files\Orcad\Layout_Plus\data\template.imp
Thu Jun 18 02:32:04 Loaded file C:\Program Files\Orcad\Layout_Plus\data\template.imp
Thu Jun 18 02:32:05 Loaded file F:\ELECTRONIC\ORCAD\MAXMAA\MAXMAA.LLB
Thu Jun 18 02:32:05 Loaded file C:\Program Files\Orcad\Layout_Plus\data\template.imp
Thu Jun 18 02:32:08 Loaded file C:\Program Files\Orcad\Layout_Plus\data\template.imp
Thu Jun 18 02:32:40 Loaded file F:\ELECTRONIC\ORCAD\MAXMAA\MAXMAA.LLB
Thu Jun 18 02:32:42 Saved as file F:\ELECTRONIC\ORCAD\MAXMAA\MAXMAA.LLB
Thu Jun 18 02:32:52 Loaded file C:\Program Files\Orcad\Layout_Plus\data\template.imp
Thu Jun 18 02:32:52 Loaded file C:\Program Files\Orcad\Layout_Plus\data\template.imp
Thu Jun 18 02:32:52 Loaded file C:\Program Files\Orcad\Layout_Plus\data\template.imp
Thu Jun 18 02:32:52 Loaded file C:\Program Files\Orcad\Layout_Plus\data\template.imp
Thu Jun 18 02:32:55 Loaded file F:\ELECTRONIC\ORCAD\MAXMAA\MAXMAA.LLB
Thu Jun 18 02:33:00 Loaded file C:\Program Files\Orcad\Layout_Plus\data\template.imp
Thu Jun 18 02:33:00 Loaded file C:\Program Files\Orcad\Layout_Plus\data\template.imp
Thu Jun 18 02:33:01 Loaded file C:\Program Files\Orcad\Layout_Plus\data\template.imp
Thu Jun 18 02:33:01 Loaded file C:\Program Files\Orcad\Layout_Plus\data\template.imp
Thu Jun 18 02:33:04 Loaded file C:\Program Files\Orcad\Layout_Plus\data\template.imp
Thu Jun 18 02:33:05 Loaded file C:\Program Files\Orcad\Layout_Plus\data\template.imp
Thu Jun 18 02:33:41 Loaded file C:\Program Files\Orcad\Layout_Plus\data\template.imp
Thu Jun 18 02:33:41 Loaded file C:\Program Files\Orcad\Layout_Plus\data\template.imp
Thu Jun 18 02:33:41 Loaded file C:\Program Files\Orcad\Layout_Plus\data\template.imp
Thu Jun 18 02:33:41 Loaded file C:\Program Files\Orcad\Layout_Plus\data\template.imp
Thu Jun 18 02:33:45 Loaded file F:\ELECTRONIC\ORCAD\MAXMAA\MAXMAA.LLB
Thu Jun 18 02:33:55 Loaded file C:\Program Files\Orcad\Layout_Plus\data\template.imp
Thu Jun 18 02:33:55 Loaded file C:\Program Files\Orcad\Layout_Plus\data\template.imp
Thu Jun 18 02:41:57 Saved as file BACKUP1.MAX
Thu Jun 18 02:52:27 Saved as file BACKUP1.MAX
Thu Jun 18 03:02:57 Saved as file BACKUP1.MAX
Thu Jun 18 03:13:27 Saved as file BACKUP1.MAX
Thu Jun 18 03:23:57 Saved as file BACKUP1.MAX
Thu Jun 18 12:24:07 Saved as file BACKUP1.MAX
Thu Jun 18 12:34:33 Saved as file BACKUP1.MAX
Thu Jun 18 12:45:03 Saved as file BACKUP1.MAX
Thu Jun 18 12:55:33 Saved as file BACKUP1.MAX
Thu Jun 18 13:05:33 Saved as file BACKUP1.MAX
Thu Jun 18 13:16:03 Saved as file BACKUP1.MAX
Thu Jun 18 13:26:34 Saved as file BACKUP1.MAX
Thu Jun 18 13:36:33 Saved as file BACKUP1.MAX
Thu Jun 18 13:47:03 Saved as file BACKUP1.MAX
Thu Jun 18 13:57:33 Saved as file BACKUP1.MAX
Thu Jun 18 14:07:33 Saved as file BACKUP1.MAX
Thu Jun 18 14:18:03 Saved as file BACKUP1.MAX
Thu Jun 18 14:28:04 Saved as file BACKUP1.MAX
Thu Jun 18 14:38:34 Saved as file BACKUP1.MAX
Thu Jun 18 14:49:04 Saved as file BACKUP1.MAX
Thu Jun 18 14:59:34 Saved as file BACKUP1.MAX
Thu Jun 18 15:10:04 Saved as file BACKUP1.MAX
Thu Jun 18 15:20:34 Saved as file BACKUP1.MAX
Thu Jun 18 15:31:04 Saved as file BACKUP1.MAX
Thu Jun 18 15:41:34 Saved as file BACKUP1.MAX
Thu Jun 18 15:52:04 Saved as file BACKUP1.MAX
Thu Jun 18 16:02:34 Saved as file BACKUP1.MAX
Thu Jun 18 16:13:04 Saved as file BACKUP1.MAX
Thu Jun 18 23:18:52 Saved as file BACKUP1.MAX
Thu Jun 18 23:28:50 Saved as file BACKUP1.MAX
Thu Jun 18 23:39:20 Saved as file BACKUP1.MAX
Thu Jun 18 23:49:21 Saved as file BACKUP1.MAX
Thu Jun 18 23:59:51 Saved as file BACKUP1.MAX
Fri Jun 19 00:10:21 Saved as file BACKUP1.MAX
Fri Jun 19 00:20:51 Saved as file BACKUP1.MAX
Fri Jun 19 00:31:21 Saved as file BACKUP1.MAX
Fri Jun 19 00:41:51 Saved as file BACKUP1.MAX
Fri Jun 19 00:51:51 Saved as file BACKUP1.MAX
Fri Jun 19 01:01:51 Saved as file BACKUP1.MAX
Fri Jun 19 01:12:21 Saved as file BACKUP1.MAX
Fri Jun 19 01:22:21 Saved as file BACKUP1.MAX
Fri Jun 19 01:32:21 Saved as file BACKUP1.MAX
Fri Jun 19 01:42:21 Saved as file BACKUP1.MAX
Fri Jun 19 01:52:21 Saved as file BACKUP1.MAX
Fri Jun 19 02:02:21 Saved as file BACKUP1.MAX
Fri Jun 19 02:12:51 Saved as file BACKUP1.MAX
Fri Jun 19 02:23:21 Saved as file BACKUP1.MAX
Fri Jun 19 13:22:56 Saved as file BACKUP1.MAX
Fri Jun 19 13:33:25 Saved as file BACKUP1.MAX
Fri Jun 19 13:43:55 Saved as file BACKUP1.MAX
Fri Jun 19 13:54:25 Saved as file BACKUP1.MAX
Fri Jun 19 14:04:25 Saved as file BACKUP1.MAX
Fri Jun 19 14:14:25 Saved as file BACKUP1.MAX
Fri Jun 19 14:24:55 Saved as file BACKUP1.MAX
Fri Jun 19 14:35:25 Saved as file BACKUP1.MAX
Fri Jun 19 14:45:55 Saved as file BACKUP1.MAX
Fri Jun 19 14:56:25 Saved as file BACKUP1.MAX
Fri Jun 19 15:06:55 Saved as file BACKUP1.MAX
Fri Jun 19 15:16:58 Saved as file BACKUP1.MAX
Fri Jun 19 15:17:16 Saved as file F:\ELECTRONIC\2015\PROJECTS\40. MOUSE WITH KEYBOARD\SCH\16 OUTPUT DEMULTIPREXUR CARD\16 OUTPUT DEMULTIPLEXUR CARD.MAX
