AutoECO Report
FILE-A: F:\ELECTRONIC\2015\PROJECTS\40. MOUSE WITH KEYBOARD\SCH\KEY BOARD INTERFACE CARD VER2\KEY BOARD INTERFACE CARD.MAX
FILE-B: F:\ELECTRONIC\2015\PROJECTS\40. MOUSE WITH KEYBOARD\SCH\KEY BOARD INTERFACE CARD VER2\KEY BOARD INTERFACE CARD.MNL
If "*EOF*" immediately follows, no changes were made
Adding footprint RESISTOR
Adding footprint HT82K628A
Adding footprint LED
Adding footprint 0.1UF/NE
Adding package CON8
Adding package CON3
Adding package CON16A
Adding package R
Adding package PIC16C64_0
Adding package LED_0
Adding package CAPACITOR_NON-POL
Adding package DIODE_2
Adding package CON6
Adding component J28
Found footprint 2510PIN8 from PRT file for part CON8, comp J28
Adding component J4
Adding component J22
Adding component J133
Adding component J10
Adding component J32
Adding component J50
Adding component J20
Adding component J100
Adding component J159
Adding component J33
Adding component J27
Found footprint BOXCON16 from PRT file for part CON16A, comp J27
Adding component J156
Adding component J151
Adding component J90
Adding component J59
Adding component J19
Adding component J85
Adding component J49
Adding component J91
Adding component J93
Adding component J56
Adding component J16
Adding component J148
Adding component J83
Adding component J30
Adding component J114
Adding component J51
Adding component J157
Adding component J137
Adding component J141
Adding component J117
Adding component R3
Adding component U1
Adding component J92
Adding component J74
Adding component J111
Adding component J46
Adding component J76
Adding component J145
Adding component J142
Adding component J153
Adding component J12
Adding component J87
Adding component J26
Adding component J162
Adding component J146
Adding component J129
Adding component J52
Adding component J65
Adding component J25
Adding component J79
Adding component J116
Adding component J126
Adding component R4
Adding component J84
Adding component J77
Adding component J80
Adding component R2
Adding component J81
Adding component J21
Adding component J48
Adding component J144
Adding component J39
Adding component J3
Adding component J86
Adding component J17
Adding component J130
Adding component J89
Adding component J154
Adding component J88
Adding component J14
Adding component J35
Adding component D1
Adding component J107
Adding component J120
Adding component J42
Adding component D2
Adding component J67
Adding component J128
Adding component C3
Adding component D4
Found footprint 1N4007 from PRT file for part DIODE_2, comp D4
Adding component J110
Adding component J163
Adding component J98
Adding component J99
Adding component J119
Adding component J8
Adding component R5
Adding component R1
Adding component J29
Adding component J112
Adding component J75
Adding component J37
Adding component J38
Adding component J66
Adding component J134
Adding component J7
Adding component J71
Adding component J132
Adding component J103
Adding component J1
Adding component J113
Adding component C1
Adding component J62
Adding component J94
Adding component J118
Adding component J121
Adding component J155
Adding component J108
Adding component J5
Adding component J36
Adding component J131
Adding component J160
Adding component J18
Adding component J43
Adding component J102
Adding component J57
Adding component J150
Adding component C2
Adding component J70
Adding component J34
Adding component J105
Adding component D3
Adding component J135
Adding component J55
Adding component J13
Adding component J161
Adding component J106
Adding component J149
Adding component J69
Adding component J95
Adding component J24
Adding component J136
Adding component J127
Adding component J147
Adding component J125
Adding component J96
Adding component J78
Adding component J124
Adding component J47
Adding component J140
Adding component J82
Adding component J11
Adding component J9
Adding component J123
Adding component J152
Adding component J138
Adding component J41
Adding component J44
Adding component J40
Adding component J31
Adding component J72
Adding component J58
Adding component J53
Adding component J2
Adding component J60
Adding component J139
Adding component J143
Adding component J104
Found footprint BLKCON.100/RH/TM1SQ/W.425/6 from PRT file for part CON6, comp J104
Adding component J109
Adding component J101
Adding component J64
Adding component J45
Adding component J63
Adding component J164
Adding component J97
Adding component J54
Adding component J73
Adding component J122
Adding component J6
Adding component J158
Adding component J61
Adding component J15
Adding component J23
Adding component J115
Adding component J68
Adding net N1045760
Adding net N1045908
Adding net N1045808
Adding net N1045580
Adding net N1054571
Adding net N1054731
Adding net N1054823
Adding net N1054467
Adding net N1054983
Adding net N1055191
Adding net GND
Adding net N1054995
Adding net N1054615
Adding net +5V
Adding net N1054807
Adding net N1054695
Adding net N1054303
Adding net N1054903
Adding net N1054591
Adding net N1054459
Adding net N1054723
Adding net N1055503
Adding net N1055567
Adding net N1055175
Adding net N1054575
Adding net N1055035
Adding net N1054315
Adding net N1054979
Adding net N1054655
Adding net N1054967
Adding net N1054407
Adding net N1054455
Adding net N1055351
Adding net N1055295
Adding net N1054747
Adding net N1054307
Adding net N1054471
Adding net N1054447
Adding net N1054971
Adding net N1054819
Adding net N1054587
Adding net N1054611
Adding net N1054475
Adding net N1054463
Adding net N1054359
Adding net N1054651
Adding net N1054299
Adding net N1054607
Adding net N1055387
Adding net N1054811
Adding net N1056023
Adding net N1055515
Adding net N1055983
Adding net N1054691
Adding net N1055259
Adding net N1055039
Adding net N1054707
Adding net N1054711
Adding net N1054367
Adding net N1082609
Adding net N1055603
Adding net N1081337
Adding net N1054739
Adding net VCC
Adding net N1054647
Adding net N10750341
Adding net N1054719
Adding net N6009151
Adding net N1055051
Adding net N1054311
Adding net N1055203
Adding net N1055171
Adding net N1055355
Adding net N1054827
Adding net N1054567
Adding net N1054403
Adding net N1054355
Adding net N1054583
Adding net N1054699
Adding net N1055455
Adding net N1055055
Adding net N1054803
Adding net N1055575
Adding net N1058771
Adding net N1058867
Adding net N1058639
Adding net N1059019
Adding net N1059655
Adding net N1058783
Adding net N1058963
Adding net N1058575
Adding net N1059267
Adding net N1059659
Adding net N1058759
Adding net N1059011
Adding net N1058643
Adding net N1059047
Adding net N1059043
Adding net N1058967
Adding net N1059227
Adding net N1058583
Adding net N1059211
Adding net N1058791
Adding net N1058795
Adding net N1059031
Adding net N1070715
Adding net N1070409
Adding net N1067846
Adding net N1066403
Adding net N1068497
Adding net N1062249
Adding net N1069662
Adding net N1065095
Adding net N1063461
Adding net N1072809
Adding net N1066736
Adding net N1064393
Adding net N1067108
Adding net N1065763
Adding net N601095
Adding net N1063935
Adding net N1073263
Adding net N1068304
Adding net N1063706
Adding net N1068849
Adding net N1069224
Adding net N1024622
Adding net N1064164
Adding net N1024696
Adding net N1063110
Adding net N1024775
Adding net N1068075
Adding net N1024569
Adding net N1065531
Adding net N1027600
Adding net N1062620
Adding net N1027465
Adding net N1075128
Adding net N1062865
Adding net N1066965
Adding net N1070825
Adding net N1069961
Adding net N1070519
Adding net N1077285
Adding net N1076956
Adding net N1077541
Adding net N1077746
Adding net N1037927
Adding net N1037899
Adding net N1037915
Adding net N1037919
Adding net N1037923
Adding net N1037891
Adding net N1037943
Adding net N1037903
Adding net N1037274
Adding net N1036016
Adding net N1035421
Adding net N1034976
Adding net N1035566
Adding net N1035821
Adding net N1035161
Adding net N1036027
Adding net N1041710
Adding net N1041790
Adding net N1042662
Adding net N1040488
Adding net N1042584
Adding net N1040492
Adding net N1040468
Adding net N1040484
Adding net N1042514
Adding net N1040456
Adding net N1042712
Adding net N1040464
Adding net N1040480
Adding net N1040508
Adding net N1045756
Adding net N1045876
Adding net N1045856
Adding net N1045828
Adding net N1045888
Adding net N1045824
Adding net N1045884
Adding net N1046228
Adding net N1045904
Adding net N1045768
Adding net N1045764
Adding net N1045960
Adding net N1045672
Adding net N1046132
Adding net N1046212
Adding net N1045804
Adding net N1045584
Adding net N1045848
Adding net N1045852
Adding net N1045832
Adding net N1045872
Adding net N1046412
Adding net N1045668
Adding net N1045964
Adding net N1046024
Adding net N1045816
Adding net N1045896
Adding net N1045576
Adding net N1045840
Adding net N1046416
Adding net N1045836
Adding net N1045652
Deleting net DEFAULT
*EOF*
No errors found
