Fri Jun 19 21:57:53 Log file reset
Fri Jun 19 21:57:53 Loaded file BACKUP0.MAX
Fri Jun 19 21:58:01 Loaded file C:\PROGRAM FILES\ORCAD\LAYOUT_PLUS\data\template.imp
Fri Jun 19 21:58:01 Loaded file C:\PROGRAM FILES\ORCAD\LAYOUT_PLUS\data\template.imp
Fri Jun 19 21:58:03 Loaded file F:\ELECTRONIC\ORCAD\MAXMAA\MAXMAA.LLB
Fri Jun 19 21:58:04 Loaded file C:\PROGRAM FILES\ORCAD\LAYOUT_PLUS\data\template.imp
Fri Jun 19 21:58:07 Loaded file C:\PROGRAM FILES\ORCAD\LAYOUT_PLUS\data\template.imp
Fri Jun 19 21:58:43 Loaded file C:\PROGRAM FILES\ORCAD\LAYOUT_PLUS\library\padstack.llb
Fri Jun 19 21:59:48 Loaded file F:\ELECTRONIC\ORCAD\MAXMAA\MAXMAA.LLB
Fri Jun 19 21:59:49 Saved as file F:\ELECTRONIC\ORCAD\MAXMAA\MAXMAA.LLB
Fri Jun 19 22:00:15 Loaded file C:\PROGRAM FILES\ORCAD\LAYOUT_PLUS\data\template.imp
Fri Jun 19 22:00:19 Loaded file C:\PROGRAM FILES\ORCAD\LAYOUT_PLUS\data\template.imp
Fri Jun 19 22:00:44 Loaded file C:\PROGRAM FILES\ORCAD\LAYOUT_PLUS\data\template.imp
Fri Jun 19 22:00:45 Loaded file C:\PROGRAM FILES\ORCAD\LAYOUT_PLUS\data\template.imp
Fri Jun 19 22:00:48 Loaded file C:\PROGRAM FILES\ORCAD\LAYOUT_PLUS\library\padstack.llb
Fri Jun 19 22:00:59 Loaded file C:\PROGRAM FILES\ORCAD\LAYOUT_PLUS\library\padstack.llb
Fri Jun 19 22:03:59 Loaded file C:\PROGRAM FILES\ORCAD\LAYOUT_PLUS\library\padstack.llb
Fri Jun 19 22:04:36 Loaded file F:\ELECTRONIC\ORCAD\MAXMAA\MAXMAA.LLB
Fri Jun 19 22:04:37 Saved as file F:\ELECTRONIC\ORCAD\MAXMAA\MAXMAA.LLB
Fri Jun 19 22:08:10 Loaded file F:\ELECTRONIC\ORCAD\MAXMAA\MAXMAA.LLB
Fri Jun 19 22:08:11 Saved as file F:\ELECTRONIC\ORCAD\MAXMAA\MAXMAA.LLB
Fri Jun 19 22:11:50 Loaded file C:\PROGRAM FILES\ORCAD\LAYOUT_PLUS\data\template.imp
Fri Jun 19 22:11:55 Loaded file C:\PROGRAM FILES\ORCAD\LAYOUT_PLUS\data\template.imp
Fri Jun 19 22:12:50 Loaded file C:\PROGRAM FILES\ORCAD\LAYOUT_PLUS\data\template.imp
Fri Jun 19 22:15:16 Loaded file C:\PROGRAM FILES\ORCAD\LAYOUT_PLUS\data\template.imp
Fri Jun 19 22:15:32 Loaded file C:\PROGRAM FILES\ORCAD\LAYOUT_PLUS\data\template.imp
Fri Jun 19 22:15:36 Loaded file C:\PROGRAM FILES\ORCAD\LAYOUT_PLUS\data\template.imp
Fri Jun 19 22:15:56 Loaded file C:\PROGRAM FILES\ORCAD\LAYOUT_PLUS\data\template.imp
Fri Jun 19 22:16:01 Loaded file C:\PROGRAM FILES\ORCAD\LAYOUT_PLUS\data\template.imp
Fri Jun 19 22:34:56 Loaded file C:\PROGRAM FILES\ORCAD\LAYOUT_PLUS\data\template.imp
Fri Jun 19 22:34:59 Loaded file C:\PROGRAM FILES\ORCAD\LAYOUT_PLUS\data\template.imp
Fri Jun 19 22:35:00 Loaded file C:\PROGRAM FILES\ORCAD\LAYOUT_PLUS\library\padstack.llb
Fri Jun 19 22:35:04 Loaded file C:\PROGRAM FILES\ORCAD\LAYOUT_PLUS\library\padstack.llb
Fri Jun 19 22:35:08 Loaded file C:\PROGRAM FILES\ORCAD\LAYOUT_PLUS\library\padstack.llb
Fri Jun 19 22:35:47 Loaded file F:\ELECTRONIC\ORCAD\MAXMAA\MAXMAA.LLB
Fri Jun 19 22:35:48 Saved as file F:\ELECTRONIC\ORCAD\MAXMAA\MAXMAA.LLB
Fri Jun 19 23:05:43 Loaded file C:\PROGRAM FILES\ORCAD\LAYOUT_PLUS\data\template.imp
Fri Jun 19 23:05:45 Loaded file C:\PROGRAM FILES\ORCAD\LAYOUT_PLUS\data\template.imp
Fri Jun 19 23:05:50 Loaded file C:\PROGRAM FILES\ORCAD\LAYOUT_PLUS\data\template.imp
Fri Jun 19 23:06:23 Loaded file C:\PROGRAM FILES\ORCAD\LAYOUT_PLUS\library\padstack.llb
Fri Jun 19 23:06:57 Loaded file F:\ELECTRONIC\ORCAD\MAXMAA\MAXMAA.LLB
Fri Jun 19 23:06:58 Saved as file F:\ELECTRONIC\ORCAD\MAXMAA\MAXMAA.LLB
Fri Jun 19 23:07:24 Loaded file F:\PROJECT MANAGMENT SYSTEM\PCB\MP143A\MP143A.MAX
