Fri Jun 12 23:04:55 Saved as file F:\ELECTRONIC\2015\PROJECTS\40. MOUSE WITH KEYBOARD\SCH\6 INPUT NOT CONVERTER 7404\6 INPUT NOT CARD.MAX
Fri Jun 12 23:04:55 Saved as file BACKUP1.MAX
Fri Jun 12 23:04:55 Saved as file F:\ELECTRONIC\2015\PROJECTS\40. MOUSE WITH KEYBOARD\SCH\6 INPUT NOT CONVERTER 7404\6 INPUT NOT CARD.MAX
Fri Jun 12 23:04:57 UserDiv from Layout.INI for AutoECO: 60
Fri Jun 12 23:04:57 Loaded file F:\ELECTRONIC\2015\PROJECTS\40. MOUSE WITH KEYBOARD\SCH\6 INPUT NOT CONVERTER 7404\6 INPUT NOT CARD.MAX
Fri Jun 12 23:04:57 Loaded file F:\ELECTRONIC\ORCAD\MAXMAA\MAXMAA.LLB
Fri Jun 12 23:04:58 Loaded file C:\PROGRAM FILES\ORCAD\LAYOUT_PLUS\LIBRARY\EMPTY.LLB
Fri Jun 12 23:04:58 Loaded file C:\PROGRAM FILES\ORCAD\LAYOUT_PLUS\LIBRARY\EX_GUI.LLB
Fri Jun 12 23:04:58 Loaded file C:\PROGRAM FILES\ORCAD\LAYOUT_PLUS\LIBRARY\IC.LLB
Fri Jun 12 23:04:58 Loaded file C:\PROGRAM FILES\ORCAD\LAYOUT_PLUS\LIBRARY\METRIC.LLB
Fri Jun 12 23:04:58 Loaded file C:\PROGRAM FILES\ORCAD\LAYOUT_PLUS\LIBRARY\PADSTACK.LLB
Fri Jun 12 23:04:58 Loaded file C:\PROGRAM FILES\ORCAD\LAYOUT_PLUS\LIBRARY\USER.LLB
Fri Jun 12 23:04:58 Loaded file C:\PROGRAM FILES\ORCAD\LIBRARY-DRC\LED.LLB
Fri Jun 12 23:04:58 Loaded file C:\PROGRAM FILES\ORCAD\LIBRARY-DRC\SWITCHES.LLB
Fri Jun 12 23:04:58 Loaded file C:\PROGRAM FILES\ORCAD\LIBRARY-DRC\CONNECTOR.LLB
Fri Jun 12 23:04:58 Loaded file C:\PROGRAM FILES\ORCAD\LIBRARY-DRC\CRYSTAL.LLB
Fri Jun 12 23:04:58 Loaded file C:\PROGRAM FILES\ORCAD\LIBRARY-DRC\DIOD.LLB
Fri Jun 12 23:04:58 Loaded file C:\PROGRAM FILES\ORCAD\LIBRARY-DRC\CAPACITOR.LLB
Fri Jun 12 23:04:58 Loaded file C:\PROGRAM FILES\ORCAD\LIBRARY-DRC\RESISTOR.LLB
Fri Jun 12 23:04:58 Loaded file C:\PROGRAM FILES\ORCAD\LIBRARY-DRC\IC.LLB
Fri Jun 12 23:04:58 Loaded file C:\PROGRAM FILES\ORCAD\LIBRARY-DRC\HEADER.LLB
Fri Jun 12 23:04:58 Loaded file C:\PROGRAM FILES\ORCAD\LAYOUT_PLUS\library\BCON100T.llb
Fri Jun 12 23:04:58 Loaded file C:\PROGRAM FILES\ORCAD\LAYOUT_PLUS\library\BCON156T.llb
Fri Jun 12 23:04:58 Loaded file C:\PROGRAM FILES\ORCAD\LAYOUT_PLUS\library\BGA.llb
Fri Jun 12 23:04:58 Loaded file C:\PROGRAM FILES\ORCAD\LAYOUT_PLUS\library\CLCC.llb
Fri Jun 12 23:04:58 Loaded file C:\PROGRAM FILES\ORCAD\LAYOUT_PLUS\library\DCON050T.llb
Fri Jun 12 23:04:58 Loaded file C:\PROGRAM FILES\ORCAD\LAYOUT_PLUS\library\DCON085T.llb
Fri Jun 12 23:04:58 Loaded file C:\PROGRAM FILES\ORCAD\LAYOUT_PLUS\library\DIMM050F.llb
Fri Jun 12 23:04:58 Loaded file C:\PROGRAM FILES\ORCAD\LAYOUT_PLUS\library\DIMM050T.llb
Fri Jun 12 23:04:58 Loaded file C:\PROGRAM FILES\ORCAD\LAYOUT_PLUS\library\DIN.llb
Fri Jun 12 23:04:58 Loaded file C:\PROGRAM FILES\ORCAD\LAYOUT_PLUS\library\DIP100B.llb
Fri Jun 12 23:04:58 Loaded file C:\PROGRAM FILES\ORCAD\LAYOUT_PLUS\library\DIP100T.llb
Fri Jun 12 23:04:58 Loaded file C:\PROGRAM FILES\ORCAD\LAYOUT_PLUS\library\DSUBT.llb
Fri Jun 12 23:04:58 Loaded file C:\PROGRAM FILES\ORCAD\LAYOUT_PLUS\library\DSUBT_HD.LLB
Fri Jun 12 23:04:58 Loaded file C:\PROGRAM FILES\ORCAD\LAYOUT_PLUS\library\ECON100T.llb
Fri Jun 12 23:04:58 Loaded file C:\PROGRAM FILES\ORCAD\LAYOUT_PLUS\library\FBUS.llb
Fri Jun 12 23:04:58 Loaded file C:\PROGRAM FILES\ORCAD\LAYOUT_PLUS\library\ISA.llb
Fri Jun 12 23:04:59 Loaded file C:\PROGRAM FILES\ORCAD\LAYOUT_PLUS\library\JUMPER.LLB
Fri Jun 12 23:04:59 Loaded file C:\PROGRAM FILES\ORCAD\LAYOUT_PLUS\library\LAYOUT.llb
Fri Jun 12 23:04:59 Loaded file C:\PROGRAM FILES\ORCAD\LAYOUT_PLUS\library\LCON100T.llb
Fri Jun 12 23:04:59 Loaded file C:\PROGRAM FILES\ORCAD\LAYOUT_PLUS\library\PC104.llb
Fri Jun 12 23:04:59 Loaded file C:\PROGRAM FILES\ORCAD\LAYOUT_PLUS\library\PCI.llb
Fri Jun 12 23:04:59 Loaded file C:\PROGRAM FILES\ORCAD\LAYOUT_PLUS\library\PCON100T.llb
Fri Jun 12 23:04:59 Loaded file C:\PROGRAM FILES\ORCAD\LAYOUT_PLUS\library\PCON156T.llb
Fri Jun 12 23:04:59 Loaded file C:\PROGRAM FILES\ORCAD\LAYOUT_PLUS\library\PGA.llb
Fri Jun 12 23:04:59 Loaded file C:\PROGRAM FILES\ORCAD\LAYOUT_PLUS\library\PLCC.llb
Fri Jun 12 23:04:59 Loaded file C:\PROGRAM FILES\ORCAD\LAYOUT_PLUS\library\QUAD.llb
Fri Jun 12 23:04:59 Loaded file C:\PROGRAM FILES\ORCAD\LAYOUT_PLUS\library\QUADB.llb
Fri Jun 12 23:04:59 Loaded file C:\PROGRAM FILES\ORCAD\LAYOUT_PLUS\library\RELAY.llb
Fri Jun 12 23:04:59 Loaded file C:\PROGRAM FILES\ORCAD\LAYOUT_PLUS\library\RF.llb
Fri Jun 12 23:04:59 Loaded file C:\PROGRAM FILES\ORCAD\LAYOUT_PLUS\library\SBUS.llb
Fri Jun 12 23:04:59 Loaded file C:\PROGRAM FILES\ORCAD\LAYOUT_PLUS\library\SIMM050F.llb
Fri Jun 12 23:04:59 Loaded file C:\PROGRAM FILES\ORCAD\LAYOUT_PLUS\library\SIMM050T.llb
Fri Jun 12 23:04:59 Loaded file C:\PROGRAM FILES\ORCAD\LAYOUT_PLUS\library\SIMM100F.llb
Fri Jun 12 23:04:59 Loaded file C:\PROGRAM FILES\ORCAD\LAYOUT_PLUS\library\SIMM100T.llb
Fri Jun 12 23:04:59 Loaded file C:\PROGRAM FILES\ORCAD\LAYOUT_PLUS\library\SIP.llb
Fri Jun 12 23:04:59 Loaded file C:\PROGRAM FILES\ORCAD\LAYOUT_PLUS\library\SM.llb
Fri Jun 12 23:04:59 Loaded file C:\PROGRAM FILES\ORCAD\LAYOUT_PLUS\library\SOG.llb
Fri Jun 12 23:04:59 Loaded file C:\PROGRAM FILES\ORCAD\LAYOUT_PLUS\library\SOJ.llb
Fri Jun 12 23:04:59 Loaded file C:\PROGRAM FILES\ORCAD\LAYOUT_PLUS\library\STIFF.llb
Fri Jun 12 23:04:59 Loaded file C:\PROGRAM FILES\ORCAD\LAYOUT_PLUS\library\TELE.llb
Fri Jun 12 23:04:59 Loaded file C:\PROGRAM FILES\ORCAD\LAYOUT_PLUS\library\TM_AXIAL.llb
Fri Jun 12 23:04:59 Loaded file C:\PROGRAM FILES\ORCAD\LAYOUT_PLUS\library\TM_CAP_P.llb
Fri Jun 12 23:04:59 Loaded file C:\PROGRAM FILES\ORCAD\LAYOUT_PLUS\library\TM_CYLND.llb
Fri Jun 12 23:04:59 Loaded file C:\PROGRAM FILES\ORCAD\LAYOUT_PLUS\library\TM_DIODE.llb
Fri Jun 12 23:04:59 Loaded file C:\PROGRAM FILES\ORCAD\LAYOUT_PLUS\library\TM_DISC.llb
Fri Jun 12 23:04:59 Loaded file C:\PROGRAM FILES\ORCAD\LAYOUT_PLUS\library\TM_RAD.llb
Fri Jun 12 23:04:59 Loaded file C:\PROGRAM FILES\ORCAD\LAYOUT_PLUS\library\TO.llb
Fri Jun 12 23:04:59 Loaded file C:\PROGRAM FILES\ORCAD\LAYOUT_PLUS\library\TRAINING.LLB
Fri Jun 12 23:04:59 Loaded file C:\PROGRAM FILES\ORCAD\LAYOUT_PLUS\library\VRES.llb
Fri Jun 12 23:04:59 Loaded file C:\PROGRAM FILES\ORCAD\LAYOUT_PLUS\library\WCON100T.llb
Fri Jun 12 23:04:59 Loaded file C:\PROGRAM FILES\ORCAD\LAYOUT_PLUS\library\XT.llb
Fri Jun 12 23:04:59 Loaded file C:\PROGRAM FILES\ORCAD\LAYOUT_PLUS\library\ZIGZAG.llb
Fri Jun 12 23:04:59 Loaded file F:\ELECTRONIC\ORCAD\MAXMAA\MAXMAA.LLB
Fri Jun 12 23:05:04 Loaded file C:\PROGRAM FILES\ORCAD\LAYOUT_PLUS\data\DEFAULT.MAX
Fri Jun 12 23:05:04 Loaded file C:\PROGRAM FILES\ORCAD\LAYOUT_PLUS\data\template.imp
Fri Jun 12 23:05:04 Loaded file C:\PROGRAM FILES\ORCAD\LAYOUT_PLUS\data\template.imp
Fri Jun 12 23:05:08 Loaded file F:\ELECTRONIC\ORCAD\MAXMAA\MAXMAA.LLB
Fri Jun 12 23:05:14 Loaded file C:\PROGRAM FILES\ORCAD\LAYOUT_PLUS\data\template.imp
Fri Jun 12 23:05:17 Loaded file C:\PROGRAM FILES\ORCAD\LAYOUT_PLUS\data\template.imp
Fri Jun 12 23:05:22 Loaded file C:\PROGRAM FILES\ORCAD\LAYOUT_PLUS\LIBRARY\EX_GUI.LLB
Fri Jun 12 23:05:27 Loaded file C:\PROGRAM FILES\ORCAD\LIBRARY-DRC\CONNECTOR.LLB
Fri Jun 12 23:05:29 Loaded file C:\PROGRAM FILES\ORCAD\LIBRARY-DRC\CAPACITOR.LLB
Fri Jun 12 23:05:33 Loaded file C:\PROGRAM FILES\ORCAD\LAYOUT_PLUS\library\BCON156T.llb
Fri Jun 12 23:05:33 Loaded file C:\PROGRAM FILES\ORCAD\LAYOUT_PLUS\data\template.imp
Fri Jun 12 23:05:34 Loaded file C:\PROGRAM FILES\ORCAD\LAYOUT_PLUS\data\template.imp
Fri Jun 12 23:05:34 Loaded file C:\PROGRAM FILES\ORCAD\LAYOUT_PLUS\data\template.imp
Fri Jun 12 23:05:36 Loaded file C:\PROGRAM FILES\ORCAD\LAYOUT_PLUS\data\template.imp
Fri Jun 12 23:05:37 Loaded file C:\PROGRAM FILES\ORCAD\LAYOUT_PLUS\data\template.imp
Fri Jun 12 23:05:39 Loaded file C:\PROGRAM FILES\ORCAD\LAYOUT_PLUS\data\template.imp
Fri Jun 12 23:05:40 Loaded file C:\PROGRAM FILES\ORCAD\LAYOUT_PLUS\data\template.imp
Fri Jun 12 23:05:41 Loaded file C:\PROGRAM FILES\ORCAD\LAYOUT_PLUS\data\template.imp
Fri Jun 12 23:05:42 Loaded file C:\PROGRAM FILES\ORCAD\LAYOUT_PLUS\data\template.imp
Fri Jun 12 23:05:51 Loaded file C:\PROGRAM FILES\ORCAD\LAYOUT_PLUS\data\template.imp
Fri Jun 12 23:05:52 Loaded file C:\PROGRAM FILES\ORCAD\LAYOUT_PLUS\data\template.imp
Fri Jun 12 23:05:52 Loaded file C:\PROGRAM FILES\ORCAD\LAYOUT_PLUS\data\template.imp
Fri Jun 12 23:05:53 Loaded file C:\PROGRAM FILES\ORCAD\LAYOUT_PLUS\data\template.imp
Fri Jun 12 23:05:53 Loaded file C:\PROGRAM FILES\ORCAD\LAYOUT_PLUS\data\template.imp
Fri Jun 12 23:05:56 Loaded file C:\PROGRAM FILES\ORCAD\LAYOUT_PLUS\library\BCON100T.llb
Fri Jun 12 23:05:57 Loaded file C:\PROGRAM FILES\ORCAD\LAYOUT_PLUS\data\template.imp
Fri Jun 12 23:05:57 Loaded file C:\PROGRAM FILES\ORCAD\LAYOUT_PLUS\data\template.imp
Fri Jun 12 23:05:58 Loaded file C:\PROGRAM FILES\ORCAD\LAYOUT_PLUS\data\template.imp
Fri Jun 12 23:06:00 Loaded file C:\PROGRAM FILES\ORCAD\LAYOUT_PLUS\data\template.imp
Fri Jun 12 23:06:01 Loaded file C:\PROGRAM FILES\ORCAD\LAYOUT_PLUS\data\template.imp
Fri Jun 12 23:06:01 Loaded file C:\PROGRAM FILES\ORCAD\LAYOUT_PLUS\data\template.imp
Fri Jun 12 23:06:02 Loaded file C:\PROGRAM FILES\ORCAD\LAYOUT_PLUS\data\template.imp
Fri Jun 12 23:06:04 Loaded file C:\PROGRAM FILES\ORCAD\LAYOUT_PLUS\data\template.imp
Fri Jun 12 23:06:05 Loaded file C:\PROGRAM FILES\ORCAD\LAYOUT_PLUS\data\template.imp
Fri Jun 12 23:06:06 Loaded file C:\PROGRAM FILES\ORCAD\LAYOUT_PLUS\data\template.imp
Fri Jun 12 23:06:06 Loaded file C:\PROGRAM FILES\ORCAD\LAYOUT_PLUS\data\template.imp
Fri Jun 12 23:06:07 Loaded file C:\PROGRAM FILES\ORCAD\LAYOUT_PLUS\data\template.imp
Fri Jun 12 23:06:07 Loaded file C:\PROGRAM FILES\ORCAD\LAYOUT_PLUS\data\template.imp
Fri Jun 12 23:06:08 Loaded file C:\PROGRAM FILES\ORCAD\LAYOUT_PLUS\data\template.imp
Fri Jun 12 23:06:08 Loaded file C:\PROGRAM FILES\ORCAD\LAYOUT_PLUS\data\template.imp
Fri Jun 12 23:06:08 Loaded file C:\PROGRAM FILES\ORCAD\LAYOUT_PLUS\data\template.imp
Fri Jun 12 23:06:08 Loaded file C:\PROGRAM FILES\ORCAD\LAYOUT_PLUS\data\template.imp
Fri Jun 12 23:06:08 Loaded file C:\PROGRAM FILES\ORCAD\LAYOUT_PLUS\data\template.imp
Fri Jun 12 23:06:09 Loaded file C:\PROGRAM FILES\ORCAD\LAYOUT_PLUS\data\template.imp
Fri Jun 12 23:06:09 Loaded file C:\PROGRAM FILES\ORCAD\LAYOUT_PLUS\data\template.imp
Fri Jun 12 23:06:09 Loaded file C:\PROGRAM FILES\ORCAD\LAYOUT_PLUS\data\template.imp
Fri Jun 12 23:06:09 Loaded file C:\PROGRAM FILES\ORCAD\LAYOUT_PLUS\data\template.imp
Fri Jun 12 23:06:10 Loaded file C:\PROGRAM FILES\ORCAD\LAYOUT_PLUS\data\template.imp
Fri Jun 12 23:06:10 Loaded file C:\PROGRAM FILES\ORCAD\LAYOUT_PLUS\data\template.imp
Fri Jun 12 23:06:10 Loaded file C:\PROGRAM FILES\ORCAD\LAYOUT_PLUS\data\template.imp
Fri Jun 12 23:06:10 Loaded file C:\PROGRAM FILES\ORCAD\LAYOUT_PLUS\data\template.imp
Fri Jun 12 23:06:10 Loaded file C:\PROGRAM FILES\ORCAD\LAYOUT_PLUS\data\template.imp
Fri Jun 12 23:06:10 Loaded file C:\PROGRAM FILES\ORCAD\LAYOUT_PLUS\data\template.imp
Fri Jun 12 23:06:10 Loaded file C:\PROGRAM FILES\ORCAD\LAYOUT_PLUS\data\template.imp
Fri Jun 12 23:06:11 Loaded file C:\PROGRAM FILES\ORCAD\LAYOUT_PLUS\data\template.imp
Fri Jun 12 23:06:11 Loaded file C:\PROGRAM FILES\ORCAD\LAYOUT_PLUS\data\template.imp
Fri Jun 12 23:06:11 Loaded file C:\PROGRAM FILES\ORCAD\LAYOUT_PLUS\data\template.imp
Fri Jun 12 23:06:11 Loaded file C:\PROGRAM FILES\ORCAD\LAYOUT_PLUS\data\template.imp
Fri Jun 12 23:06:11 Loaded file C:\PROGRAM FILES\ORCAD\LAYOUT_PLUS\data\template.imp
Fri Jun 12 23:06:11 Loaded file C:\PROGRAM FILES\ORCAD\LAYOUT_PLUS\data\template.imp
Fri Jun 12 23:06:12 Loaded file C:\PROGRAM FILES\ORCAD\LAYOUT_PLUS\data\template.imp
Fri Jun 12 23:06:12 Loaded file C:\PROGRAM FILES\ORCAD\LAYOUT_PLUS\data\template.imp
Fri Jun 12 23:06:12 Loaded file C:\PROGRAM FILES\ORCAD\LAYOUT_PLUS\data\template.imp
Fri Jun 12 23:06:12 Loaded file C:\PROGRAM FILES\ORCAD\LAYOUT_PLUS\data\template.imp
Fri Jun 12 23:06:12 Loaded file C:\PROGRAM FILES\ORCAD\LAYOUT_PLUS\data\template.imp
Fri Jun 12 23:06:12 Loaded file C:\PROGRAM FILES\ORCAD\LAYOUT_PLUS\data\template.imp
Fri Jun 12 23:06:13 Loaded file C:\PROGRAM FILES\ORCAD\LAYOUT_PLUS\data\template.imp
Fri Jun 12 23:06:13 Loaded file C:\PROGRAM FILES\ORCAD\LAYOUT_PLUS\data\template.imp
Fri Jun 12 23:06:13 Loaded file C:\PROGRAM FILES\ORCAD\LAYOUT_PLUS\data\template.imp
Fri Jun 12 23:06:13 Loaded file C:\PROGRAM FILES\ORCAD\LAYOUT_PLUS\data\template.imp
Fri Jun 12 23:06:13 Loaded file C:\PROGRAM FILES\ORCAD\LAYOUT_PLUS\data\template.imp
Fri Jun 12 23:06:13 Loaded file C:\PROGRAM FILES\ORCAD\LAYOUT_PLUS\data\template.imp
Fri Jun 12 23:06:13 Loaded file C:\PROGRAM FILES\ORCAD\LAYOUT_PLUS\data\template.imp
Fri Jun 12 23:06:13 Loaded file C:\PROGRAM FILES\ORCAD\LAYOUT_PLUS\data\template.imp
Fri Jun 12 23:06:13 Loaded file C:\PROGRAM FILES\ORCAD\LAYOUT_PLUS\data\template.imp
Fri Jun 12 23:06:14 Loaded file C:\PROGRAM FILES\ORCAD\LAYOUT_PLUS\data\template.imp
Fri Jun 12 23:06:14 Loaded file C:\PROGRAM FILES\ORCAD\LAYOUT_PLUS\data\template.imp
Fri Jun 12 23:06:14 Loaded file C:\PROGRAM FILES\ORCAD\LAYOUT_PLUS\data\template.imp
Fri Jun 12 23:06:14 Loaded file C:\PROGRAM FILES\ORCAD\LAYOUT_PLUS\data\template.imp
Fri Jun 12 23:06:14 Loaded file C:\PROGRAM FILES\ORCAD\LAYOUT_PLUS\data\template.imp
Fri Jun 12 23:06:15 Loaded file C:\PROGRAM FILES\ORCAD\LAYOUT_PLUS\data\template.imp
Fri Jun 12 23:06:15 Loaded file C:\PROGRAM FILES\ORCAD\LAYOUT_PLUS\data\template.imp
Fri Jun 12 23:06:15 Loaded file C:\PROGRAM FILES\ORCAD\LAYOUT_PLUS\data\template.imp
Fri Jun 12 23:06:15 Loaded file C:\PROGRAM FILES\ORCAD\LAYOUT_PLUS\data\template.imp
Fri Jun 12 23:06:15 Loaded file C:\PROGRAM FILES\ORCAD\LAYOUT_PLUS\data\template.imp
Fri Jun 12 23:06:15 Loaded file C:\PROGRAM FILES\ORCAD\LAYOUT_PLUS\data\template.imp
Fri Jun 12 23:06:16 Loaded file C:\PROGRAM FILES\ORCAD\LAYOUT_PLUS\data\template.imp
Fri Jun 12 23:06:16 Loaded file C:\PROGRAM FILES\ORCAD\LAYOUT_PLUS\data\template.imp
Fri Jun 12 23:06:16 Loaded file C:\PROGRAM FILES\ORCAD\LAYOUT_PLUS\data\template.imp
Fri Jun 12 23:06:16 Loaded file C:\PROGRAM FILES\ORCAD\LAYOUT_PLUS\data\template.imp
Fri Jun 12 23:06:16 Loaded file C:\PROGRAM FILES\ORCAD\LAYOUT_PLUS\data\template.imp
Fri Jun 12 23:06:17 Loaded file C:\PROGRAM FILES\ORCAD\LAYOUT_PLUS\data\template.imp
Fri Jun 12 23:06:17 Loaded file C:\PROGRAM FILES\ORCAD\LAYOUT_PLUS\data\template.imp
Fri Jun 12 23:06:17 Loaded file C:\PROGRAM FILES\ORCAD\LAYOUT_PLUS\data\template.imp
Fri Jun 12 23:06:17 Loaded file C:\PROGRAM FILES\ORCAD\LAYOUT_PLUS\data\template.imp
Fri Jun 12 23:06:17 Loaded file C:\PROGRAM FILES\ORCAD\LAYOUT_PLUS\data\template.imp
Fri Jun 12 23:06:17 Loaded file C:\PROGRAM FILES\ORCAD\LAYOUT_PLUS\data\template.imp
Fri Jun 12 23:06:17 Loaded file C:\PROGRAM FILES\ORCAD\LAYOUT_PLUS\data\template.imp
Fri Jun 12 23:06:17 Loaded file C:\PROGRAM FILES\ORCAD\LAYOUT_PLUS\data\template.imp
Fri Jun 12 23:06:18 Loaded file C:\PROGRAM FILES\ORCAD\LAYOUT_PLUS\data\template.imp
Fri Jun 12 23:06:19 Loaded file C:\PROGRAM FILES\ORCAD\LAYOUT_PLUS\data\template.imp
Fri Jun 12 23:06:19 Loaded file C:\PROGRAM FILES\ORCAD\LAYOUT_PLUS\data\template.imp
Fri Jun 12 23:06:19 Loaded file C:\PROGRAM FILES\ORCAD\LAYOUT_PLUS\data\template.imp
Fri Jun 12 23:06:20 Loaded file C:\PROGRAM FILES\ORCAD\LAYOUT_PLUS\data\template.imp
Fri Jun 12 23:06:20 Loaded file C:\PROGRAM FILES\ORCAD\LAYOUT_PLUS\data\template.imp
Fri Jun 12 23:06:21 Loaded file C:\PROGRAM FILES\ORCAD\LAYOUT_PLUS\data\template.imp
Fri Jun 12 23:06:21 Loaded file C:\PROGRAM FILES\ORCAD\LAYOUT_PLUS\data\template.imp
Fri Jun 12 23:06:40 Loaded file F:\ELECTRONIC\ORCAD\MAXMAA\MAXMAA.LLB
Fri Jun 12 23:06:40 Saved as file F:\ELECTRONIC\ORCAD\MAXMAA\MAXMAA.LLB
Fri Jun 12 23:06:44 Loaded file F:\ELECTRONIC\ORCAD\MAXMAA\MAXMAA.LLB
Fri Jun 12 23:06:45 Loaded file C:\PROGRAM FILES\ORCAD\LAYOUT_PLUS\data\template.imp
Fri Jun 12 23:06:49 Loaded file C:\PROGRAM FILES\ORCAD\LAYOUT_PLUS\data\template.imp
Fri Jun 12 23:07:48 Loaded file F:\ELECTRONIC\ORCAD\MAXMAA\MAXMAA.LLB
Fri Jun 12 23:07:49 Saved as file F:\ELECTRONIC\ORCAD\MAXMAA\MAXMAA.LLB
Fri Jun 12 23:08:02 Loaded file C:\PROGRAM FILES\ORCAD\LAYOUT_PLUS\data\template.imp
Fri Jun 12 23:08:02 Loaded file C:\PROGRAM FILES\ORCAD\LAYOUT_PLUS\data\template.imp
Fri Jun 12 23:08:04 Loaded file F:\ELECTRONIC\ORCAD\MAXMAA\MAXMAA.LLB
Fri Jun 12 23:08:05 Loaded file C:\PROGRAM FILES\ORCAD\LAYOUT_PLUS\data\template.imp
Fri Jun 12 23:08:07 Loaded file C:\PROGRAM FILES\ORCAD\LAYOUT_PLUS\data\template.imp
Fri Jun 12 23:08:09 Loaded file C:\PROGRAM FILES\ORCAD\LAYOUT_PLUS\data\template.imp
Fri Jun 12 23:08:10 Loaded file C:\PROGRAM FILES\ORCAD\LAYOUT_PLUS\data\template.imp
Fri Jun 12 23:08:10 Loaded file F:\ELECTRONIC\ORCAD\MAXMAA\MAXMAA.LLB
Fri Jun 12 23:08:10 Loaded file C:\PROGRAM FILES\ORCAD\LAYOUT_PLUS\LIBRARY\EMPTY.LLB
Fri Jun 12 23:08:10 Loaded file C:\PROGRAM FILES\ORCAD\LAYOUT_PLUS\LIBRARY\EX_GUI.LLB
Fri Jun 12 23:08:10 Loaded file C:\PROGRAM FILES\ORCAD\LAYOUT_PLUS\LIBRARY\IC.LLB
Fri Jun 12 23:08:10 Loaded file C:\PROGRAM FILES\ORCAD\LAYOUT_PLUS\LIBRARY\METRIC.LLB
Fri Jun 12 23:08:10 Loaded file C:\PROGRAM FILES\ORCAD\LAYOUT_PLUS\LIBRARY\PADSTACK.LLB
Fri Jun 12 23:08:10 Loaded file C:\PROGRAM FILES\ORCAD\LAYOUT_PLUS\LIBRARY\USER.LLB
Fri Jun 12 23:08:10 Loaded file C:\PROGRAM FILES\ORCAD\LIBRARY-DRC\LED.LLB
Fri Jun 12 23:08:10 Loaded file C:\PROGRAM FILES\ORCAD\LIBRARY-DRC\SWITCHES.LLB
Fri Jun 12 23:08:10 Loaded file C:\PROGRAM FILES\ORCAD\LIBRARY-DRC\CONNECTOR.LLB
Fri Jun 12 23:08:10 Loaded file C:\PROGRAM FILES\ORCAD\LIBRARY-DRC\CRYSTAL.LLB
Fri Jun 12 23:08:10 Loaded file C:\PROGRAM FILES\ORCAD\LIBRARY-DRC\DIOD.LLB
Fri Jun 12 23:08:10 Loaded file C:\PROGRAM FILES\ORCAD\LIBRARY-DRC\CAPACITOR.LLB
Fri Jun 12 23:08:10 Loaded file C:\PROGRAM FILES\ORCAD\LIBRARY-DRC\RESISTOR.LLB
Fri Jun 12 23:08:10 Loaded file C:\PROGRAM FILES\ORCAD\LIBRARY-DRC\IC.LLB
Fri Jun 12 23:08:10 Loaded file C:\PROGRAM FILES\ORCAD\LIBRARY-DRC\HEADER.LLB
Fri Jun 12 23:08:10 Loaded file C:\PROGRAM FILES\ORCAD\LAYOUT_PLUS\library\BCON100T.llb
Fri Jun 12 23:08:10 Loaded file C:\PROGRAM FILES\ORCAD\LAYOUT_PLUS\library\BCON156T.llb
Fri Jun 12 23:08:10 Loaded file C:\PROGRAM FILES\ORCAD\LAYOUT_PLUS\library\BGA.llb
Fri Jun 12 23:08:10 Loaded file C:\PROGRAM FILES\ORCAD\LAYOUT_PLUS\library\CLCC.llb
Fri Jun 12 23:08:10 Loaded file C:\PROGRAM FILES\ORCAD\LAYOUT_PLUS\library\DCON050T.llb
Fri Jun 12 23:08:10 Loaded file C:\PROGRAM FILES\ORCAD\LAYOUT_PLUS\library\DCON085T.llb
Fri Jun 12 23:08:10 Loaded file C:\PROGRAM FILES\ORCAD\LAYOUT_PLUS\library\DIMM050F.llb
Fri Jun 12 23:08:10 Loaded file C:\PROGRAM FILES\ORCAD\LAYOUT_PLUS\library\DIMM050T.llb
Fri Jun 12 23:08:10 Loaded file C:\PROGRAM FILES\ORCAD\LAYOUT_PLUS\library\DIN.llb
Fri Jun 12 23:08:10 Loaded file C:\PROGRAM FILES\ORCAD\LAYOUT_PLUS\library\DIP100B.llb
Fri Jun 12 23:08:10 Loaded file C:\PROGRAM FILES\ORCAD\LAYOUT_PLUS\library\DIP100T.llb
Fri Jun 12 23:08:10 Loaded file C:\PROGRAM FILES\ORCAD\LAYOUT_PLUS\library\DSUBT.llb
Fri Jun 12 23:08:10 Loaded file C:\PROGRAM FILES\ORCAD\LAYOUT_PLUS\library\DSUBT_HD.LLB
Fri Jun 12 23:08:10 Loaded file C:\PROGRAM FILES\ORCAD\LAYOUT_PLUS\library\ECON100T.llb
Fri Jun 12 23:08:10 Loaded file C:\PROGRAM FILES\ORCAD\LAYOUT_PLUS\library\FBUS.llb
Fri Jun 12 23:08:10 Loaded file C:\PROGRAM FILES\ORCAD\LAYOUT_PLUS\library\ISA.llb
Fri Jun 12 23:08:10 Loaded file C:\PROGRAM FILES\ORCAD\LAYOUT_PLUS\library\JUMPER.LLB
Fri Jun 12 23:08:10 Loaded file C:\PROGRAM FILES\ORCAD\LAYOUT_PLUS\library\LAYOUT.llb
Fri Jun 12 23:08:10 Loaded file C:\PROGRAM FILES\ORCAD\LAYOUT_PLUS\library\LCON100T.llb
Fri Jun 12 23:08:10 Loaded file C:\PROGRAM FILES\ORCAD\LAYOUT_PLUS\library\PC104.llb
Fri Jun 12 23:08:10 Loaded file C:\PROGRAM FILES\ORCAD\LAYOUT_PLUS\library\PCI.llb
Fri Jun 12 23:08:10 Loaded file C:\PROGRAM FILES\ORCAD\LAYOUT_PLUS\library\PCON100T.llb
Fri Jun 12 23:08:10 Loaded file C:\PROGRAM FILES\ORCAD\LAYOUT_PLUS\library\PCON156T.llb
Fri Jun 12 23:08:11 Loaded file C:\PROGRAM FILES\ORCAD\LAYOUT_PLUS\library\PGA.llb
Fri Jun 12 23:08:11 Loaded file C:\PROGRAM FILES\ORCAD\LAYOUT_PLUS\library\PLCC.llb
Fri Jun 12 23:08:11 Loaded file C:\PROGRAM FILES\ORCAD\LAYOUT_PLUS\library\QUAD.llb
Fri Jun 12 23:08:11 Loaded file C:\PROGRAM FILES\ORCAD\LAYOUT_PLUS\library\QUADB.llb
Fri Jun 12 23:08:11 Loaded file C:\PROGRAM FILES\ORCAD\LAYOUT_PLUS\library\RELAY.llb
Fri Jun 12 23:08:11 Loaded file C:\PROGRAM FILES\ORCAD\LAYOUT_PLUS\library\RF.llb
Fri Jun 12 23:08:11 Loaded file C:\PROGRAM FILES\ORCAD\LAYOUT_PLUS\library\SBUS.llb
Fri Jun 12 23:08:11 Loaded file C:\PROGRAM FILES\ORCAD\LAYOUT_PLUS\library\SIMM050F.llb
Fri Jun 12 23:08:11 Loaded file C:\PROGRAM FILES\ORCAD\LAYOUT_PLUS\library\SIMM050T.llb
Fri Jun 12 23:08:11 Loaded file C:\PROGRAM FILES\ORCAD\LAYOUT_PLUS\library\SIMM100F.llb
Fri Jun 12 23:08:11 Loaded file C:\PROGRAM FILES\ORCAD\LAYOUT_PLUS\library\SIMM100T.llb
Fri Jun 12 23:08:11 Loaded file C:\PROGRAM FILES\ORCAD\LAYOUT_PLUS\library\SIP.llb
Fri Jun 12 23:08:11 Loaded file C:\PROGRAM FILES\ORCAD\LAYOUT_PLUS\library\SM.llb
Fri Jun 12 23:08:11 Loaded file C:\PROGRAM FILES\ORCAD\LAYOUT_PLUS\library\SOG.llb
Fri Jun 12 23:08:11 Loaded file C:\PROGRAM FILES\ORCAD\LAYOUT_PLUS\library\SOJ.llb
Fri Jun 12 23:08:11 Loaded file C:\PROGRAM FILES\ORCAD\LAYOUT_PLUS\library\STIFF.llb
Fri Jun 12 23:08:11 Loaded file C:\PROGRAM FILES\ORCAD\LAYOUT_PLUS\library\TELE.llb
Fri Jun 12 23:08:11 Loaded file C:\PROGRAM FILES\ORCAD\LAYOUT_PLUS\library\TM_AXIAL.llb
Fri Jun 12 23:08:11 Loaded file C:\PROGRAM FILES\ORCAD\LAYOUT_PLUS\library\TM_CAP_P.llb
Fri Jun 12 23:08:11 Loaded file C:\PROGRAM FILES\ORCAD\LAYOUT_PLUS\library\TM_CYLND.llb
Fri Jun 12 23:08:11 Loaded file C:\PROGRAM FILES\ORCAD\LAYOUT_PLUS\library\TM_DIODE.llb
Fri Jun 12 23:08:11 Loaded file C:\PROGRAM FILES\ORCAD\LAYOUT_PLUS\library\TM_DISC.llb
Fri Jun 12 23:08:11 Loaded file C:\PROGRAM FILES\ORCAD\LAYOUT_PLUS\library\TM_RAD.llb
Fri Jun 12 23:08:11 Loaded file C:\PROGRAM FILES\ORCAD\LAYOUT_PLUS\library\TO.llb
Fri Jun 12 23:08:11 Loaded file C:\PROGRAM FILES\ORCAD\LAYOUT_PLUS\library\TRAINING.LLB
Fri Jun 12 23:08:11 Loaded file C:\PROGRAM FILES\ORCAD\LAYOUT_PLUS\library\VRES.llb
Fri Jun 12 23:08:11 Loaded file C:\PROGRAM FILES\ORCAD\LAYOUT_PLUS\library\WCON100T.llb
Fri Jun 12 23:08:11 Loaded file C:\PROGRAM FILES\ORCAD\LAYOUT_PLUS\library\XT.llb
Fri Jun 12 23:08:11 Loaded file C:\PROGRAM FILES\ORCAD\LAYOUT_PLUS\library\ZIGZAG.llb
Fri Jun 12 23:08:11 Loaded file F:\ELECTRONIC\ORCAD\MAXMAA\MAXMAA.LLB
Fri Jun 12 23:08:11 Saved as file F:\ELECTRONIC\2015\PROJECTS\40. MOUSE WITH KEYBOARD\SCH\6 INPUT NOT CONVERTER 7404\6 INPUT NOT CARD.MAX
Fri Jun 12 23:08:11 Loaded file F:\ELECTRONIC\2015\PROJECTS\40. MOUSE WITH KEYBOARD\SCH\6 INPUT NOT CONVERTER 7404\6 INPUT NOT CARD.MAX
Fri Jun 12 23:08:11 Loaded file F:\ELECTRONIC\2015\PROJECTS\40. MOUSE WITH KEYBOARD\SCH\6 INPUT NOT CONVERTER 7404\6 INPUT NOT CARD.MAX
Fri Jun 12 23:08:45 Loaded file C:\Program Files\Orcad\Layout_Plus\data\template.imp
Fri Jun 12 23:08:45 Loaded file C:\Program Files\Orcad\Layout_Plus\data\template.imp
Fri Jun 12 23:08:46 Loaded file F:\ELECTRONIC\ORCAD\MAXMAA\MAXMAA.LLB
Fri Jun 12 23:08:50 Loaded file C:\Program Files\Orcad\Layout_Plus\data\template.imp
Fri Jun 12 23:08:52 Loaded file C:\Program Files\Orcad\Layout_Plus\data\template.imp
Fri Jun 12 23:08:52 Loaded file C:\Program Files\Orcad\Layout_Plus\data\template.imp
Fri Jun 12 23:08:58 Loaded file C:\Program Files\Orcad\Layout_Plus\data\template.imp
Fri Jun 12 23:09:00 Loaded file C:\Program Files\Orcad\Layout_Plus\data\template.imp
Fri Jun 12 23:09:01 Loaded file C:\Program Files\Orcad\Layout_Plus\data\template.imp
Fri Jun 12 23:09:07 Loaded file C:\PROGRAM FILES\ORCAD\LAYOUT_PLUS\LIBRARY\EMPTY.LLB
Fri Jun 12 23:09:13 Loaded file C:\PROGRAM FILES\ORCAD\LAYOUT_PLUS\library\WCON100T.llb
Fri Jun 12 23:09:14 Loaded file C:\Program Files\Orcad\Layout_Plus\data\template.imp
Fri Jun 12 23:09:14 Loaded file C:\Program Files\Orcad\Layout_Plus\data\template.imp
Fri Jun 12 23:09:16 Loaded file C:\Program Files\Orcad\Layout_Plus\data\template.imp
Fri Jun 12 23:09:17 Loaded file C:\Program Files\Orcad\Layout_Plus\data\template.imp
Fri Jun 12 23:09:20 Loaded file C:\Program Files\Orcad\Layout_Plus\data\template.imp
Fri Jun 12 23:09:21 Loaded file C:\Program Files\Orcad\Layout_Plus\data\template.imp
Fri Jun 12 23:09:22 Loaded file C:\Program Files\Orcad\Layout_Plus\data\template.imp
Fri Jun 12 23:09:39 Loaded file F:\ELECTRONIC\ORCAD\MAXMAA\MAXMAA.LLB
Fri Jun 12 23:09:40 Saved as file F:\ELECTRONIC\ORCAD\MAXMAA\MAXMAA.LLB
Fri Jun 12 23:10:25 Loaded file C:\PROGRAM FILES\ORCAD\LAYOUT_PLUS\library\WCON100T.llb
Fri Jun 12 23:10:25 Saved as file C:\PROGRAM FILES\ORCAD\LAYOUT_PLUS\library\WCON100T.llb
Fri Jun 12 23:10:33 Loaded file F:\ELECTRONIC\ORCAD\MAXMAA\MAXMAA.LLB
Fri Jun 12 23:10:34 Saved as file F:\ELECTRONIC\ORCAD\MAXMAA\MAXMAA.LLB
Fri Jun 12 23:10:52 Loaded file C:\Program Files\Orcad\Layout_Plus\data\template.imp
Fri Jun 12 23:10:52 Loaded file C:\Program Files\Orcad\Layout_Plus\data\template.imp
Fri Jun 12 23:10:52 Loaded file C:\Program Files\Orcad\Layout_Plus\data\template.imp
Fri Jun 12 23:10:52 Loaded file C:\Program Files\Orcad\Layout_Plus\data\template.imp
Fri Jun 12 23:10:54 Loaded file C:\Program Files\Orcad\Layout_Plus\data\template.imp
Fri Jun 12 23:10:56 Loaded file F:\ELECTRONIC\ORCAD\MAXMAA\MAXMAA.LLB
Fri Jun 12 23:10:57 Loaded file C:\Program Files\Orcad\Layout_Plus\data\template.imp
Fri Jun 12 23:10:59 Loaded file C:\Program Files\Orcad\Layout_Plus\data\template.imp
Fri Jun 12 23:17:57 Saved as file BACKUP1.MAX
Fri Jun 12 23:28:57 Saved as file BACKUP1.MAX
Fri Jun 12 23:39:27 Saved as file BACKUP1.MAX
Fri Jun 12 23:50:57 Saved as file BACKUP1.MAX
Sat Jun 13 00:02:27 Saved as file BACKUP1.MAX
Sat Jun 13 00:13:27 Saved as file BACKUP1.MAX
Sat Jun 13 00:14:49 Saved as file Backup0.max
Sat Jun 13 00:14:49 Windows which were open at time of error:
Sat Jun 13 00:14:49 End-of-list
Sat Jun 13 00:14:51 Loaded file BACKUP0.MAX
Sat Jun 13 00:23:57 Saved as file BACKUP1.MAX
Sat Jun 13 00:34:27 Saved as file BACKUP1.MAX
Sat Jun 13 00:44:57 Saved as file BACKUP1.MAX
Sat Jun 13 01:10:06 Loaded file F:\ELECTRONIC\2015\PROJECTS\40. MOUSE WITH KEYBOARD\SCH\16 OUTPUT DEMULTIPREXUR CARD\16 OUTPUT DEMULTIPLEXUR CARD.MAX
Sat Jun 13 20:53:04 Saved as file F:\ELECTRONIC\2015\PROJECTS\40. MOUSE WITH KEYBOARD\SCH\6 INPUT NOT CONVERTER 7404\BACKUP5.MAX
Sat Jun 13 21:01:28 Saved as file BACKUP1.MAX
